[0.514s] Invoking command in '/home/max/University/Robotics and Automation/week2/workshop/ros2_tutorial_workspace/src/python_package_that_uses_the_messages': AMENT_PREFIX_PATH=/home/max/University/Robotics and Automation/week2/workshop/ros2_tutorial_workspace/install/package_with_interfaces:${AMENT_PREFIX_PATH} CMAKE_PREFIX_PATH=/home/max/University/Robotics and Automation/week2/workshop/ros2_tutorial_workspace/install/package_with_interfaces:${CMAKE_PREFIX_PATH} LD_LIBRARY_PATH=/home/max/University/Robotics and Automation/week2/workshop/ros2_tutorial_workspace/install/package_with_interfaces/lib:${LD_LIBRARY_PATH} PYTHONPATH=/home/max/University/Robotics and Automation/week2/workshop/ros2_tutorial_workspace/build/python_package_that_uses_the_messages/prefix_override:/usr/lib/python3/dist-packages/colcon_core/task/python/colcon_distutils_commands:/home/max/University/Robotics and Automation/week2/workshop/ros2_tutorial_workspace/install/python_package_that_uses_the_messages/lib/python3.10/site-packages:/home/max/University/Robotics and Automation/week2/workshop/ros2_tutorial_workspace/install/package_with_interfaces/local/lib/python3.10/dist-packages:${PYTHONPATH} /usr/bin/python3 -W ignore:setup.py install is deprecated setup.py egg_info --egg-base ../../build/python_package_that_uses_the_messages build --build-base /home/max/University/Robotics and Automation/week2/workshop/ros2_tutorial_workspace/build/python_package_that_uses_the_messages/build install --record /home/max/University/Robotics and Automation/week2/workshop/ros2_tutorial_workspace/build/python_package_that_uses_the_messages/install.log --single-version-externally-managed install_data
[0.710s] running egg_info
[0.711s] creating ../../build/python_package_that_uses_the_messages/python_package_that_uses_the_messages.egg-info
[0.711s] writing ../../build/python_package_that_uses_the_messages/python_package_that_uses_the_messages.egg-info/PKG-INFO
[0.711s] writing dependency_links to ../../build/python_package_that_uses_the_messages/python_package_that_uses_the_messages.egg-info/dependency_links.txt
[0.711s] writing entry points to ../../build/python_package_that_uses_the_messages/python_package_that_uses_the_messages.egg-info/entry_points.txt
[0.711s] writing requirements to ../../build/python_package_that_uses_the_messages/python_package_that_uses_the_messages.egg-info/requires.txt
[0.711s] writing top-level names to ../../build/python_package_that_uses_the_messages/python_package_that_uses_the_messages.egg-info/top_level.txt
[0.711s] writing manifest file '../../build/python_package_that_uses_the_messages/python_package_that_uses_the_messages.egg-info/SOURCES.txt'
[0.712s] reading manifest file '../../build/python_package_that_uses_the_messages/python_package_that_uses_the_messages.egg-info/SOURCES.txt'
[0.712s] writing manifest file '../../build/python_package_that_uses_the_messages/python_package_that_uses_the_messages.egg-info/SOURCES.txt'
[0.712s] running build
[0.713s] running build_py
[0.713s] creating /home/max/University/Robotics and Automation/week2/workshop/ros2_tutorial_workspace/build/python_package_that_uses_the_messages/build
[0.713s] creating /home/max/University/Robotics and Automation/week2/workshop/ros2_tutorial_workspace/build/python_package_that_uses_the_messages/build/lib
[0.713s] creating /home/max/University/Robotics and Automation/week2/workshop/ros2_tutorial_workspace/build/python_package_that_uses_the_messages/build/lib/python_package_that_uses_the_messages
[0.713s] copying python_package_that_uses_the_messages/amazing_quote_publisher_node.py -> /home/max/University/Robotics and Automation/week2/workshop/ros2_tutorial_workspace/build/python_package_that_uses_the_messages/build/lib/python_package_that_uses_the_messages
[0.713s] copying python_package_that_uses_the_messages/amazing_quote_subscriber_node.py -> /home/max/University/Robotics and Automation/week2/workshop/ros2_tutorial_workspace/build/python_package_that_uses_the_messages/build/lib/python_package_that_uses_the_messages
[0.713s] copying python_package_that_uses_the_messages/__init__.py -> /home/max/University/Robotics and Automation/week2/workshop/ros2_tutorial_workspace/build/python_package_that_uses_the_messages/build/lib/python_package_that_uses_the_messages
[0.713s] running install
[0.713s] running install_lib
[0.713s] creating /home/max/University/Robotics and Automation/week2/workshop/ros2_tutorial_workspace/install/python_package_that_uses_the_messages/lib/python3.10/site-packages/python_package_that_uses_the_messages
[0.713s] copying /home/max/University/Robotics and Automation/week2/workshop/ros2_tutorial_workspace/build/python_package_that_uses_the_messages/build/lib/python_package_that_uses_the_messages/amazing_quote_publisher_node.py -> /home/max/University/Robotics and Automation/week2/workshop/ros2_tutorial_workspace/install/python_package_that_uses_the_messages/lib/python3.10/site-packages/python_package_that_uses_the_messages
[0.714s] copying /home/max/University/Robotics and Automation/week2/workshop/ros2_tutorial_workspace/build/python_package_that_uses_the_messages/build/lib/python_package_that_uses_the_messages/amazing_quote_subscriber_node.py -> /home/max/University/Robotics and Automation/week2/workshop/ros2_tutorial_workspace/install/python_package_that_uses_the_messages/lib/python3.10/site-packages/python_package_that_uses_the_messages
[0.714s] copying /home/max/University/Robotics and Automation/week2/workshop/ros2_tutorial_workspace/build/python_package_that_uses_the_messages/build/lib/python_package_that_uses_the_messages/__init__.py -> /home/max/University/Robotics and Automation/week2/workshop/ros2_tutorial_workspace/install/python_package_that_uses_the_messages/lib/python3.10/site-packages/python_package_that_uses_the_messages
[0.714s] byte-compiling /home/max/University/Robotics and Automation/week2/workshop/ros2_tutorial_workspace/install/python_package_that_uses_the_messages/lib/python3.10/site-packages/python_package_that_uses_the_messages/amazing_quote_publisher_node.py to amazing_quote_publisher_node.cpython-310.pyc
[0.714s] byte-compiling /home/max/University/Robotics and Automation/week2/workshop/ros2_tutorial_workspace/install/python_package_that_uses_the_messages/lib/python3.10/site-packages/python_package_that_uses_the_messages/amazing_quote_subscriber_node.py to amazing_quote_subscriber_node.cpython-310.pyc
[0.714s] byte-compiling /home/max/University/Robotics and Automation/week2/workshop/ros2_tutorial_workspace/install/python_package_that_uses_the_messages/lib/python3.10/site-packages/python_package_that_uses_the_messages/__init__.py to __init__.cpython-310.pyc
[0.714s] running install_data
[0.714s] creating /home/max/University/Robotics and Automation/week2/workshop/ros2_tutorial_workspace/install/python_package_that_uses_the_messages/share/ament_index
[0.714s] creating /home/max/University/Robotics and Automation/week2/workshop/ros2_tutorial_workspace/install/python_package_that_uses_the_messages/share/ament_index/resource_index
[0.714s] creating /home/max/University/Robotics and Automation/week2/workshop/ros2_tutorial_workspace/install/python_package_that_uses_the_messages/share/ament_index/resource_index/packages
[0.714s] copying resource/python_package_that_uses_the_messages -> /home/max/University/Robotics and Automation/week2/workshop/ros2_tutorial_workspace/install/python_package_that_uses_the_messages/share/ament_index/resource_index/packages
[0.714s] copying package.xml -> /home/max/University/Robotics and Automation/week2/workshop/ros2_tutorial_workspace/install/python_package_that_uses_the_messages/share/python_package_that_uses_the_messages
[0.714s] running install_egg_info
[0.715s] Copying ../../build/python_package_that_uses_the_messages/python_package_that_uses_the_messages.egg-info to /home/max/University/Robotics and Automation/week2/workshop/ros2_tutorial_workspace/install/python_package_that_uses_the_messages/lib/python3.10/site-packages/python_package_that_uses_the_messages-0.0.0-py3.10.egg-info
[0.716s] running install_scripts
[0.730s] Installing amazing_quote_publisher_node script to /home/max/University/Robotics and Automation/week2/workshop/ros2_tutorial_workspace/install/python_package_that_uses_the_messages/lib/python_package_that_uses_the_messages
[0.730s] Installing amazing_quote_subscriber_node script to /home/max/University/Robotics and Automation/week2/workshop/ros2_tutorial_workspace/install/python_package_that_uses_the_messages/lib/python_package_that_uses_the_messages
[0.730s] writing list of installed files to '/home/max/University/Robotics and Automation/week2/workshop/ros2_tutorial_workspace/build/python_package_that_uses_the_messages/install.log'
[0.752s] Invoked command in '/home/max/University/Robotics and Automation/week2/workshop/ros2_tutorial_workspace/src/python_package_that_uses_the_messages' returned '0': AMENT_PREFIX_PATH=/home/max/University/Robotics and Automation/week2/workshop/ros2_tutorial_workspace/install/package_with_interfaces:${AMENT_PREFIX_PATH} CMAKE_PREFIX_PATH=/home/max/University/Robotics and Automation/week2/workshop/ros2_tutorial_workspace/install/package_with_interfaces:${CMAKE_PREFIX_PATH} LD_LIBRARY_PATH=/home/max/University/Robotics and Automation/week2/workshop/ros2_tutorial_workspace/install/package_with_interfaces/lib:${LD_LIBRARY_PATH} PYTHONPATH=/home/max/University/Robotics and Automation/week2/workshop/ros2_tutorial_workspace/build/python_package_that_uses_the_messages/prefix_override:/usr/lib/python3/dist-packages/colcon_core/task/python/colcon_distutils_commands:/home/max/University/Robotics and Automation/week2/workshop/ros2_tutorial_workspace/install/python_package_that_uses_the_messages/lib/python3.10/site-packages:/home/max/University/Robotics and Automation/week2/workshop/ros2_tutorial_workspace/install/package_with_interfaces/local/lib/python3.10/dist-packages:${PYTHONPATH} /usr/bin/python3 -W ignore:setup.py install is deprecated setup.py egg_info --egg-base ../../build/python_package_that_uses_the_messages build --build-base /home/max/University/Robotics and Automation/week2/workshop/ros2_tutorial_workspace/build/python_package_that_uses_the_messages/build install --record /home/max/University/Robotics and Automation/week2/workshop/ros2_tutorial_workspace/build/python_package_that_uses_the_messages/install.log --single-version-externally-managed install_data
