[0.495s] Invoking command in '/home/max/University/Robotics and Automation/week2/workshop/ros2_tutorial_workspace/src/python_package_with_a_node': PYTHONPATH=/home/max/University/Robotics and Automation/week2/workshop/ros2_tutorial_workspace/build/python_package_with_a_node/prefix_override:/usr/lib/python3/dist-packages/colcon_core/task/python/colcon_distutils_commands:/home/max/University/Robotics and Automation/week2/workshop/ros2_tutorial_workspace/install/python_package_with_a_node/lib/python3.10/site-packages:${PYTHONPATH} /usr/bin/python3 -W ignore:setup.py install is deprecated setup.py egg_info --egg-base ../../build/python_package_with_a_node build --build-base /home/max/University/Robotics and Automation/week2/workshop/ros2_tutorial_workspace/build/python_package_with_a_node/build install --record /home/max/University/Robotics and Automation/week2/workshop/ros2_tutorial_workspace/build/python_package_with_a_node/install.log --single-version-externally-managed install_data
[0.636s] running egg_info
[0.636s] creating ../../build/python_package_with_a_node/python_package_with_a_node.egg-info
[0.637s] writing ../../build/python_package_with_a_node/python_package_with_a_node.egg-info/PKG-INFO
[0.637s] writing dependency_links to ../../build/python_package_with_a_node/python_package_with_a_node.egg-info/dependency_links.txt
[0.637s] writing entry points to ../../build/python_package_with_a_node/python_package_with_a_node.egg-info/entry_points.txt
[0.637s] writing requirements to ../../build/python_package_with_a_node/python_package_with_a_node.egg-info/requires.txt
[0.637s] writing top-level names to ../../build/python_package_with_a_node/python_package_with_a_node.egg-info/top_level.txt
[0.637s] writing manifest file '../../build/python_package_with_a_node/python_package_with_a_node.egg-info/SOURCES.txt'
[0.638s] reading manifest file '../../build/python_package_with_a_node/python_package_with_a_node.egg-info/SOURCES.txt'
[0.638s] writing manifest file '../../build/python_package_with_a_node/python_package_with_a_node.egg-info/SOURCES.txt'
[0.638s] running build
[0.639s] running build_py
[0.639s] creating /home/max/University/Robotics and Automation/week2/workshop/ros2_tutorial_workspace/build/python_package_with_a_node/build
[0.639s] creating /home/max/University/Robotics and Automation/week2/workshop/ros2_tutorial_workspace/build/python_package_with_a_node/build/lib
[0.639s] creating /home/max/University/Robotics and Automation/week2/workshop/ros2_tutorial_workspace/build/python_package_with_a_node/build/lib/python_package_with_a_node
[0.639s] copying python_package_with_a_node/__init__.py -> /home/max/University/Robotics and Automation/week2/workshop/ros2_tutorial_workspace/build/python_package_with_a_node/build/lib/python_package_with_a_node
[0.639s] copying python_package_with_a_node/sample_python_node.py -> /home/max/University/Robotics and Automation/week2/workshop/ros2_tutorial_workspace/build/python_package_with_a_node/build/lib/python_package_with_a_node
[0.639s] running install
[0.639s] running install_lib
[0.640s] creating /home/max/University/Robotics and Automation/week2/workshop/ros2_tutorial_workspace/install/python_package_with_a_node/lib/python3.10/site-packages/python_package_with_a_node
[0.640s] copying /home/max/University/Robotics and Automation/week2/workshop/ros2_tutorial_workspace/build/python_package_with_a_node/build/lib/python_package_with_a_node/__init__.py -> /home/max/University/Robotics and Automation/week2/workshop/ros2_tutorial_workspace/install/python_package_with_a_node/lib/python3.10/site-packages/python_package_with_a_node
[0.640s] copying /home/max/University/Robotics and Automation/week2/workshop/ros2_tutorial_workspace/build/python_package_with_a_node/build/lib/python_package_with_a_node/sample_python_node.py -> /home/max/University/Robotics and Automation/week2/workshop/ros2_tutorial_workspace/install/python_package_with_a_node/lib/python3.10/site-packages/python_package_with_a_node
[0.640s] byte-compiling /home/max/University/Robotics and Automation/week2/workshop/ros2_tutorial_workspace/install/python_package_with_a_node/lib/python3.10/site-packages/python_package_with_a_node/__init__.py to __init__.cpython-310.pyc
[0.641s] byte-compiling /home/max/University/Robotics and Automation/week2/workshop/ros2_tutorial_workspace/install/python_package_with_a_node/lib/python3.10/site-packages/python_package_with_a_node/sample_python_node.py to sample_python_node.cpython-310.pyc
[0.641s] running install_data
[0.641s] creating /home/max/University/Robotics and Automation/week2/workshop/ros2_tutorial_workspace/install/python_package_with_a_node/share/ament_index
[0.641s] creating /home/max/University/Robotics and Automation/week2/workshop/ros2_tutorial_workspace/install/python_package_with_a_node/share/ament_index/resource_index
[0.641s] creating /home/max/University/Robotics and Automation/week2/workshop/ros2_tutorial_workspace/install/python_package_with_a_node/share/ament_index/resource_index/packages
[0.641s] copying resource/python_package_with_a_node -> /home/max/University/Robotics and Automation/week2/workshop/ros2_tutorial_workspace/install/python_package_with_a_node/share/ament_index/resource_index/packages
[0.641s] copying package.xml -> /home/max/University/Robotics and Automation/week2/workshop/ros2_tutorial_workspace/install/python_package_with_a_node/share/python_package_with_a_node
[0.641s] running install_egg_info
[0.642s] Copying ../../build/python_package_with_a_node/python_package_with_a_node.egg-info to /home/max/University/Robotics and Automation/week2/workshop/ros2_tutorial_workspace/install/python_package_with_a_node/lib/python3.10/site-packages/python_package_with_a_node-0.0.0-py3.10.egg-info
[0.642s] running install_scripts
[0.658s] Installing sample_python_node script to /home/max/University/Robotics and Automation/week2/workshop/ros2_tutorial_workspace/install/python_package_with_a_node/lib/python_package_with_a_node
[0.658s] writing list of installed files to '/home/max/University/Robotics and Automation/week2/workshop/ros2_tutorial_workspace/build/python_package_with_a_node/install.log'
[0.679s] Invoked command in '/home/max/University/Robotics and Automation/week2/workshop/ros2_tutorial_workspace/src/python_package_with_a_node' returned '0': PYTHONPATH=/home/max/University/Robotics and Automation/week2/workshop/ros2_tutorial_workspace/build/python_package_with_a_node/prefix_override:/usr/lib/python3/dist-packages/colcon_core/task/python/colcon_distutils_commands:/home/max/University/Robotics and Automation/week2/workshop/ros2_tutorial_workspace/install/python_package_with_a_node/lib/python3.10/site-packages:${PYTHONPATH} /usr/bin/python3 -W ignore:setup.py install is deprecated setup.py egg_info --egg-base ../../build/python_package_with_a_node build --build-base /home/max/University/Robotics and Automation/week2/workshop/ros2_tutorial_workspace/build/python_package_with_a_node/build install --record /home/max/University/Robotics and Automation/week2/workshop/ros2_tutorial_workspace/build/python_package_with_a_node/install.log --single-version-externally-managed install_data
