[0.133s] DEBUG:colcon:Command line arguments: ['/usr/bin/colcon', 'build']
[0.133s] DEBUG:colcon:Parsed command line arguments: Namespace(log_base=None, log_level=None, verb_name='build', build_base='build', install_base='install', merge_install=False, symlink_install=False, test_result_base=None, continue_on_error=False, executor='parallel', parallel_workers=12, event_handlers=None, ignore_user_meta=False, metas=['./colcon.meta'], base_paths=['.'], packages_ignore=None, packages_ignore_regex=None, paths=None, packages_up_to=None, packages_up_to_regex=None, packages_above=None, packages_above_and_dependencies=None, packages_above_depth=None, packages_select_by_dep=None, packages_skip_by_dep=None, packages_skip_up_to=None, packages_select_build_failed=False, packages_skip_build_finished=False, packages_select_test_failures=False, packages_skip_test_passed=False, packages_select=None, packages_skip=None, packages_select_regex=None, packages_skip_regex=None, packages_start=None, packages_end=None, allow_overriding=[], cmake_args=None, cmake_target=None, cmake_target_skip_unavailable=False, cmake_clean_cache=False, cmake_clean_first=False, cmake_force_configure=False, ament_cmake_args=None, catkin_cmake_args=None, catkin_skip_building_tests=False, verb_parser=<colcon_defaults.argument_parser.defaults.DefaultArgumentsDecorator object at 0x77d1c4a483d0>, verb_extension=<colcon_core.verb.build.BuildVerb object at 0x77d1c4a0fdc0>, main=<bound method BuildVerb.main of <colcon_core.verb.build.BuildVerb object at 0x77d1c4a0fdc0>>)
[0.436s] Level 1:colcon.colcon_core.package_discovery:discover_packages(colcon_meta) check parameters
[0.436s] Level 1:colcon.colcon_core.package_discovery:discover_packages(recursive) check parameters
[0.436s] Level 1:colcon.colcon_core.package_discovery:discover_packages(ignore) check parameters
[0.436s] Level 1:colcon.colcon_core.package_discovery:discover_packages(path) check parameters
[0.436s] Level 1:colcon.colcon_core.package_discovery:discover_packages(colcon_meta) discover
[0.436s] Level 1:colcon.colcon_core.package_discovery:discover_packages(recursive) discover
[0.436s] INFO:colcon.colcon_core.package_discovery:Crawling recursively for packages in '/home/max/University/Robotics and Automation/week2/workshop/ros2_tutorial_workspace'
[0.436s] Level 1:colcon.colcon_core.package_identification:_identify(.) by extensions ['ignore', 'ignore_ament_install']
[0.437s] Level 1:colcon.colcon_core.package_identification:_identify(.) by extension 'ignore'
[0.437s] Level 1:colcon.colcon_core.package_identification:_identify(.) by extension 'ignore_ament_install'
[0.437s] Level 1:colcon.colcon_core.package_identification:_identify(.) by extensions ['colcon_pkg']
[0.437s] Level 1:colcon.colcon_core.package_identification:_identify(.) by extension 'colcon_pkg'
[0.437s] Level 1:colcon.colcon_core.package_identification:_identify(.) by extensions ['colcon_meta']
[0.437s] Level 1:colcon.colcon_core.package_identification:_identify(.) by extension 'colcon_meta'
[0.437s] Level 1:colcon.colcon_core.package_identification:_identify(.) by extensions ['ros']
[0.437s] Level 1:colcon.colcon_core.package_identification:_identify(.) by extension 'ros'
[0.454s] Level 1:colcon.colcon_core.package_identification:_identify(.) by extensions ['cmake', 'python']
[0.454s] Level 1:colcon.colcon_core.package_identification:_identify(.) by extension 'cmake'
[0.454s] Level 1:colcon.colcon_core.package_identification:_identify(.) by extension 'python'
[0.454s] Level 1:colcon.colcon_core.package_identification:_identify(.) by extensions ['python_setup_py']
[0.454s] Level 1:colcon.colcon_core.package_identification:_identify(.) by extension 'python_setup_py'
[0.454s] Level 1:colcon.colcon_core.package_identification:_identify(build) by extensions ['ignore', 'ignore_ament_install']
[0.454s] Level 1:colcon.colcon_core.package_identification:_identify(build) by extension 'ignore'
[0.454s] Level 1:colcon.colcon_core.package_identification:_identify(build) ignored
[0.454s] Level 1:colcon.colcon_core.package_identification:_identify(install) by extensions ['ignore', 'ignore_ament_install']
[0.455s] Level 1:colcon.colcon_core.package_identification:_identify(install) by extension 'ignore'
[0.455s] Level 1:colcon.colcon_core.package_identification:_identify(install) ignored
[0.455s] Level 1:colcon.colcon_core.package_identification:_identify(log) by extensions ['ignore', 'ignore_ament_install']
[0.455s] Level 1:colcon.colcon_core.package_identification:_identify(log) by extension 'ignore'
[0.455s] Level 1:colcon.colcon_core.package_identification:_identify(log) ignored
[0.455s] Level 1:colcon.colcon_core.package_identification:_identify(src) by extensions ['ignore', 'ignore_ament_install']
[0.455s] Level 1:colcon.colcon_core.package_identification:_identify(src) by extension 'ignore'
[0.455s] Level 1:colcon.colcon_core.package_identification:_identify(src) by extension 'ignore_ament_install'
[0.455s] Level 1:colcon.colcon_core.package_identification:_identify(src) by extensions ['colcon_pkg']
[0.455s] Level 1:colcon.colcon_core.package_identification:_identify(src) by extension 'colcon_pkg'
[0.455s] Level 1:colcon.colcon_core.package_identification:_identify(src) by extensions ['colcon_meta']
[0.455s] Level 1:colcon.colcon_core.package_identification:_identify(src) by extension 'colcon_meta'
[0.455s] Level 1:colcon.colcon_core.package_identification:_identify(src) by extensions ['ros']
[0.455s] Level 1:colcon.colcon_core.package_identification:_identify(src) by extension 'ros'
[0.455s] Level 1:colcon.colcon_core.package_identification:_identify(src) by extensions ['cmake', 'python']
[0.455s] Level 1:colcon.colcon_core.package_identification:_identify(src) by extension 'cmake'
[0.455s] Level 1:colcon.colcon_core.package_identification:_identify(src) by extension 'python'
[0.455s] Level 1:colcon.colcon_core.package_identification:_identify(src) by extensions ['python_setup_py']
[0.455s] Level 1:colcon.colcon_core.package_identification:_identify(src) by extension 'python_setup_py'
[0.455s] Level 1:colcon.colcon_core.package_identification:_identify(src/build) by extensions ['ignore', 'ignore_ament_install']
[0.456s] Level 1:colcon.colcon_core.package_identification:_identify(src/build) by extension 'ignore'
[0.456s] Level 1:colcon.colcon_core.package_identification:_identify(src/build) ignored
[0.456s] Level 1:colcon.colcon_core.package_identification:_identify(src/install) by extensions ['ignore', 'ignore_ament_install']
[0.456s] Level 1:colcon.colcon_core.package_identification:_identify(src/install) by extension 'ignore'
[0.456s] Level 1:colcon.colcon_core.package_identification:_identify(src/install) ignored
[0.456s] Level 1:colcon.colcon_core.package_identification:_identify(src/log) by extensions ['ignore', 'ignore_ament_install']
[0.456s] Level 1:colcon.colcon_core.package_identification:_identify(src/log) by extension 'ignore'
[0.456s] Level 1:colcon.colcon_core.package_identification:_identify(src/log) ignored
[0.456s] Level 1:colcon.colcon_core.package_identification:_identify(src/package_with_interfaces) by extensions ['ignore', 'ignore_ament_install']
[0.456s] Level 1:colcon.colcon_core.package_identification:_identify(src/package_with_interfaces) by extension 'ignore'
[0.456s] Level 1:colcon.colcon_core.package_identification:_identify(src/package_with_interfaces) by extension 'ignore_ament_install'
[0.456s] Level 1:colcon.colcon_core.package_identification:_identify(src/package_with_interfaces) by extensions ['colcon_pkg']
[0.456s] Level 1:colcon.colcon_core.package_identification:_identify(src/package_with_interfaces) by extension 'colcon_pkg'
[0.456s] Level 1:colcon.colcon_core.package_identification:_identify(src/package_with_interfaces) by extensions ['colcon_meta']
[0.456s] Level 1:colcon.colcon_core.package_identification:_identify(src/package_with_interfaces) by extension 'colcon_meta'
[0.456s] Level 1:colcon.colcon_core.package_identification:_identify(src/package_with_interfaces) by extensions ['ros']
[0.456s] Level 1:colcon.colcon_core.package_identification:_identify(src/package_with_interfaces) by extension 'ros'
[0.460s] DEBUG:colcon.colcon_core.package_identification:Package 'src/package_with_interfaces' with type 'ros.ament_cmake' and name 'package_with_interfaces'
[0.460s] Level 1:colcon.colcon_core.package_identification:_identify(src/python_package_that_uses_the_messages) by extensions ['ignore', 'ignore_ament_install']
[0.460s] Level 1:colcon.colcon_core.package_identification:_identify(src/python_package_that_uses_the_messages) by extension 'ignore'
[0.460s] Level 1:colcon.colcon_core.package_identification:_identify(src/python_package_that_uses_the_messages) by extension 'ignore_ament_install'
[0.460s] Level 1:colcon.colcon_core.package_identification:_identify(src/python_package_that_uses_the_messages) by extensions ['colcon_pkg']
[0.460s] Level 1:colcon.colcon_core.package_identification:_identify(src/python_package_that_uses_the_messages) by extension 'colcon_pkg'
[0.460s] Level 1:colcon.colcon_core.package_identification:_identify(src/python_package_that_uses_the_messages) by extensions ['colcon_meta']
[0.460s] Level 1:colcon.colcon_core.package_identification:_identify(src/python_package_that_uses_the_messages) by extension 'colcon_meta'
[0.460s] Level 1:colcon.colcon_core.package_identification:_identify(src/python_package_that_uses_the_messages) by extensions ['ros']
[0.460s] Level 1:colcon.colcon_core.package_identification:_identify(src/python_package_that_uses_the_messages) by extension 'ros'
[0.461s] DEBUG:colcon.colcon_core.package_identification:Package 'src/python_package_that_uses_the_messages' with type 'ros.ament_python' and name 'python_package_that_uses_the_messages'
[0.462s] Level 1:colcon.colcon_core.package_identification:_identify(src/python_package_with_a_node) by extensions ['ignore', 'ignore_ament_install']
[0.462s] Level 1:colcon.colcon_core.package_identification:_identify(src/python_package_with_a_node) by extension 'ignore'
[0.462s] Level 1:colcon.colcon_core.package_identification:_identify(src/python_package_with_a_node) by extension 'ignore_ament_install'
[0.462s] Level 1:colcon.colcon_core.package_identification:_identify(src/python_package_with_a_node) by extensions ['colcon_pkg']
[0.462s] Level 1:colcon.colcon_core.package_identification:_identify(src/python_package_with_a_node) by extension 'colcon_pkg'
[0.462s] Level 1:colcon.colcon_core.package_identification:_identify(src/python_package_with_a_node) by extensions ['colcon_meta']
[0.462s] Level 1:colcon.colcon_core.package_identification:_identify(src/python_package_with_a_node) by extension 'colcon_meta'
[0.462s] Level 1:colcon.colcon_core.package_identification:_identify(src/python_package_with_a_node) by extensions ['ros']
[0.462s] Level 1:colcon.colcon_core.package_identification:_identify(src/python_package_with_a_node) by extension 'ros'
[0.463s] DEBUG:colcon.colcon_core.package_identification:Package 'src/python_package_with_a_node' with type 'ros.ament_python' and name 'python_package_with_a_node'
[0.463s] Level 1:colcon.colcon_core.package_identification:_identify(src/the_simplest_python_package) by extensions ['ignore', 'ignore_ament_install']
[0.463s] Level 1:colcon.colcon_core.package_identification:_identify(src/the_simplest_python_package) by extension 'ignore'
[0.463s] Level 1:colcon.colcon_core.package_identification:_identify(src/the_simplest_python_package) by extension 'ignore_ament_install'
[0.463s] Level 1:colcon.colcon_core.package_identification:_identify(src/the_simplest_python_package) by extensions ['colcon_pkg']
[0.463s] Level 1:colcon.colcon_core.package_identification:_identify(src/the_simplest_python_package) by extension 'colcon_pkg'
[0.463s] Level 1:colcon.colcon_core.package_identification:_identify(src/the_simplest_python_package) by extensions ['colcon_meta']
[0.463s] Level 1:colcon.colcon_core.package_identification:_identify(src/the_simplest_python_package) by extension 'colcon_meta'
[0.463s] Level 1:colcon.colcon_core.package_identification:_identify(src/the_simplest_python_package) by extensions ['ros']
[0.463s] Level 1:colcon.colcon_core.package_identification:_identify(src/the_simplest_python_package) by extension 'ros'
[0.464s] DEBUG:colcon.colcon_core.package_identification:Package 'src/the_simplest_python_package' with type 'ros.ament_python' and name 'the_simplest_python_package'
[0.464s] Level 1:colcon.colcon_core.package_discovery:discover_packages(recursive) using defaults
[0.464s] Level 1:colcon.colcon_core.package_discovery:discover_packages(ignore) discover
[0.464s] Level 1:colcon.colcon_core.package_discovery:discover_packages(ignore) using defaults
[0.464s] Level 1:colcon.colcon_core.package_discovery:discover_packages(path) discover
[0.464s] Level 1:colcon.colcon_core.package_discovery:discover_packages(path) using defaults
[0.487s] Level 1:colcon.colcon_core.package_discovery:discover_packages(prefix_path) check parameters
[0.487s] Level 1:colcon.colcon_core.package_discovery:discover_packages(prefix_path) discover
[0.490s] DEBUG:colcon.colcon_installed_package_information.package_discovery:Found 295 installed packages in /opt/ros/humble
[0.503s] Level 1:colcon.colcon_core.package_discovery:discover_packages(prefix_path) using defaults
[0.526s] Level 5:colcon.colcon_core.verb:set package 'package_with_interfaces' build argument 'cmake_args' from command line to 'None'
[0.526s] Level 5:colcon.colcon_core.verb:set package 'package_with_interfaces' build argument 'cmake_target' from command line to 'None'
[0.526s] Level 5:colcon.colcon_core.verb:set package 'package_with_interfaces' build argument 'cmake_target_skip_unavailable' from command line to 'False'
[0.526s] Level 5:colcon.colcon_core.verb:set package 'package_with_interfaces' build argument 'cmake_clean_cache' from command line to 'False'
[0.526s] Level 5:colcon.colcon_core.verb:set package 'package_with_interfaces' build argument 'cmake_clean_first' from command line to 'False'
[0.526s] Level 5:colcon.colcon_core.verb:set package 'package_with_interfaces' build argument 'cmake_force_configure' from command line to 'False'
[0.526s] Level 5:colcon.colcon_core.verb:set package 'package_with_interfaces' build argument 'ament_cmake_args' from command line to 'None'
[0.526s] Level 5:colcon.colcon_core.verb:set package 'package_with_interfaces' build argument 'catkin_cmake_args' from command line to 'None'
[0.526s] Level 5:colcon.colcon_core.verb:set package 'package_with_interfaces' build argument 'catkin_skip_building_tests' from command line to 'False'
[0.526s] DEBUG:colcon.colcon_core.verb:Building package 'package_with_interfaces' with the following arguments: {'ament_cmake_args': None, 'build_base': '/home/max/University/Robotics and Automation/week2/workshop/ros2_tutorial_workspace/build/package_with_interfaces', 'catkin_cmake_args': None, 'catkin_skip_building_tests': False, 'cmake_args': None, 'cmake_clean_cache': False, 'cmake_clean_first': False, 'cmake_force_configure': False, 'cmake_target': None, 'cmake_target_skip_unavailable': False, 'install_base': '/home/max/University/Robotics and Automation/week2/workshop/ros2_tutorial_workspace/install/package_with_interfaces', 'merge_install': False, 'path': '/home/max/University/Robotics and Automation/week2/workshop/ros2_tutorial_workspace/src/package_with_interfaces', 'symlink_install': False, 'test_result_base': None}
[0.526s] Level 5:colcon.colcon_core.verb:set package 'python_package_with_a_node' build argument 'cmake_args' from command line to 'None'
[0.526s] Level 5:colcon.colcon_core.verb:set package 'python_package_with_a_node' build argument 'cmake_target' from command line to 'None'
[0.526s] Level 5:colcon.colcon_core.verb:set package 'python_package_with_a_node' build argument 'cmake_target_skip_unavailable' from command line to 'False'
[0.526s] Level 5:colcon.colcon_core.verb:set package 'python_package_with_a_node' build argument 'cmake_clean_cache' from command line to 'False'
[0.526s] Level 5:colcon.colcon_core.verb:set package 'python_package_with_a_node' build argument 'cmake_clean_first' from command line to 'False'
[0.526s] Level 5:colcon.colcon_core.verb:set package 'python_package_with_a_node' build argument 'cmake_force_configure' from command line to 'False'
[0.526s] Level 5:colcon.colcon_core.verb:set package 'python_package_with_a_node' build argument 'ament_cmake_args' from command line to 'None'
[0.526s] Level 5:colcon.colcon_core.verb:set package 'python_package_with_a_node' build argument 'catkin_cmake_args' from command line to 'None'
[0.526s] Level 5:colcon.colcon_core.verb:set package 'python_package_with_a_node' build argument 'catkin_skip_building_tests' from command line to 'False'
[0.526s] DEBUG:colcon.colcon_core.verb:Building package 'python_package_with_a_node' with the following arguments: {'ament_cmake_args': None, 'build_base': '/home/max/University/Robotics and Automation/week2/workshop/ros2_tutorial_workspace/build/python_package_with_a_node', 'catkin_cmake_args': None, 'catkin_skip_building_tests': False, 'cmake_args': None, 'cmake_clean_cache': False, 'cmake_clean_first': False, 'cmake_force_configure': False, 'cmake_target': None, 'cmake_target_skip_unavailable': False, 'install_base': '/home/max/University/Robotics and Automation/week2/workshop/ros2_tutorial_workspace/install/python_package_with_a_node', 'merge_install': False, 'path': '/home/max/University/Robotics and Automation/week2/workshop/ros2_tutorial_workspace/src/python_package_with_a_node', 'symlink_install': False, 'test_result_base': None}
[0.526s] Level 5:colcon.colcon_core.verb:set package 'the_simplest_python_package' build argument 'cmake_args' from command line to 'None'
[0.526s] Level 5:colcon.colcon_core.verb:set package 'the_simplest_python_package' build argument 'cmake_target' from command line to 'None'
[0.526s] Level 5:colcon.colcon_core.verb:set package 'the_simplest_python_package' build argument 'cmake_target_skip_unavailable' from command line to 'False'
[0.526s] Level 5:colcon.colcon_core.verb:set package 'the_simplest_python_package' build argument 'cmake_clean_cache' from command line to 'False'
[0.526s] Level 5:colcon.colcon_core.verb:set package 'the_simplest_python_package' build argument 'cmake_clean_first' from command line to 'False'
[0.526s] Level 5:colcon.colcon_core.verb:set package 'the_simplest_python_package' build argument 'cmake_force_configure' from command line to 'False'
[0.526s] Level 5:colcon.colcon_core.verb:set package 'the_simplest_python_package' build argument 'ament_cmake_args' from command line to 'None'
[0.526s] Level 5:colcon.colcon_core.verb:set package 'the_simplest_python_package' build argument 'catkin_cmake_args' from command line to 'None'
[0.526s] Level 5:colcon.colcon_core.verb:set package 'the_simplest_python_package' build argument 'catkin_skip_building_tests' from command line to 'False'
[0.526s] DEBUG:colcon.colcon_core.verb:Building package 'the_simplest_python_package' with the following arguments: {'ament_cmake_args': None, 'build_base': '/home/max/University/Robotics and Automation/week2/workshop/ros2_tutorial_workspace/build/the_simplest_python_package', 'catkin_cmake_args': None, 'catkin_skip_building_tests': False, 'cmake_args': None, 'cmake_clean_cache': False, 'cmake_clean_first': False, 'cmake_force_configure': False, 'cmake_target': None, 'cmake_target_skip_unavailable': False, 'install_base': '/home/max/University/Robotics and Automation/week2/workshop/ros2_tutorial_workspace/install/the_simplest_python_package', 'merge_install': False, 'path': '/home/max/University/Robotics and Automation/week2/workshop/ros2_tutorial_workspace/src/the_simplest_python_package', 'symlink_install': False, 'test_result_base': None}
[0.527s] Level 5:colcon.colcon_core.verb:set package 'python_package_that_uses_the_messages' build argument 'cmake_args' from command line to 'None'
[0.527s] Level 5:colcon.colcon_core.verb:set package 'python_package_that_uses_the_messages' build argument 'cmake_target' from command line to 'None'
[0.527s] Level 5:colcon.colcon_core.verb:set package 'python_package_that_uses_the_messages' build argument 'cmake_target_skip_unavailable' from command line to 'False'
[0.527s] Level 5:colcon.colcon_core.verb:set package 'python_package_that_uses_the_messages' build argument 'cmake_clean_cache' from command line to 'False'
[0.527s] Level 5:colcon.colcon_core.verb:set package 'python_package_that_uses_the_messages' build argument 'cmake_clean_first' from command line to 'False'
[0.527s] Level 5:colcon.colcon_core.verb:set package 'python_package_that_uses_the_messages' build argument 'cmake_force_configure' from command line to 'False'
[0.527s] Level 5:colcon.colcon_core.verb:set package 'python_package_that_uses_the_messages' build argument 'ament_cmake_args' from command line to 'None'
[0.527s] Level 5:colcon.colcon_core.verb:set package 'python_package_that_uses_the_messages' build argument 'catkin_cmake_args' from command line to 'None'
[0.527s] Level 5:colcon.colcon_core.verb:set package 'python_package_that_uses_the_messages' build argument 'catkin_skip_building_tests' from command line to 'False'
[0.527s] DEBUG:colcon.colcon_core.verb:Building package 'python_package_that_uses_the_messages' with the following arguments: {'ament_cmake_args': None, 'build_base': '/home/max/University/Robotics and Automation/week2/workshop/ros2_tutorial_workspace/build/python_package_that_uses_the_messages', 'catkin_cmake_args': None, 'catkin_skip_building_tests': False, 'cmake_args': None, 'cmake_clean_cache': False, 'cmake_clean_first': False, 'cmake_force_configure': False, 'cmake_target': None, 'cmake_target_skip_unavailable': False, 'install_base': '/home/max/University/Robotics and Automation/week2/workshop/ros2_tutorial_workspace/install/python_package_that_uses_the_messages', 'merge_install': False, 'path': '/home/max/University/Robotics and Automation/week2/workshop/ros2_tutorial_workspace/src/python_package_that_uses_the_messages', 'symlink_install': False, 'test_result_base': None}
[0.527s] INFO:colcon.colcon_core.executor:Executing jobs using 'parallel' executor
[0.528s] DEBUG:colcon.colcon_parallel_executor.executor.parallel:run_until_complete
[0.528s] INFO:colcon.colcon_ros.task.ament_cmake.build:Building ROS package in '/home/max/University/Robotics and Automation/week2/workshop/ros2_tutorial_workspace/src/package_with_interfaces' with build type 'ament_cmake'
[0.528s] INFO:colcon.colcon_cmake.task.cmake.build:Building CMake package in '/home/max/University/Robotics and Automation/week2/workshop/ros2_tutorial_workspace/src/package_with_interfaces'
[0.532s] INFO:colcon.colcon_core.plugin_system:Skipping extension 'colcon_core.shell.bat': Not used on non-Windows systems
[0.532s] INFO:colcon.colcon_core.shell:Skip shell extension 'powershell' for command environment: Not usable outside of PowerShell
[0.533s] DEBUG:colcon.colcon_core.shell:Skip shell extension 'dsv' for command environment
[0.538s] INFO:colcon.colcon_ros.task.ament_python.build:Building ROS package in '/home/max/University/Robotics and Automation/week2/workshop/ros2_tutorial_workspace/src/python_package_with_a_node' with build type 'ament_python'
[0.539s] Level 1:colcon.colcon_core.shell:create_environment_hook('python_package_with_a_node', 'ament_prefix_path')
[0.539s] INFO:colcon.colcon_core.shell:Creating environment hook '/home/max/University/Robotics and Automation/week2/workshop/ros2_tutorial_workspace/install/python_package_with_a_node/share/python_package_with_a_node/hook/ament_prefix_path.ps1'
[0.541s] INFO:colcon.colcon_core.shell:Creating environment descriptor '/home/max/University/Robotics and Automation/week2/workshop/ros2_tutorial_workspace/install/python_package_with_a_node/share/python_package_with_a_node/hook/ament_prefix_path.dsv'
[0.542s] INFO:colcon.colcon_core.shell:Creating environment hook '/home/max/University/Robotics and Automation/week2/workshop/ros2_tutorial_workspace/install/python_package_with_a_node/share/python_package_with_a_node/hook/ament_prefix_path.sh'
[0.544s] INFO:colcon.colcon_core.shell:Skip shell extension 'powershell' for command environment: Not usable outside of PowerShell
[0.544s] DEBUG:colcon.colcon_core.shell:Skip shell extension 'dsv' for command environment
[0.549s] INFO:colcon.colcon_ros.task.ament_python.build:Building ROS package in '/home/max/University/Robotics and Automation/week2/workshop/ros2_tutorial_workspace/src/the_simplest_python_package' with build type 'ament_python'
[0.549s] Level 1:colcon.colcon_core.shell:create_environment_hook('the_simplest_python_package', 'ament_prefix_path')
[0.550s] INFO:colcon.colcon_core.shell:Creating environment hook '/home/max/University/Robotics and Automation/week2/workshop/ros2_tutorial_workspace/install/the_simplest_python_package/share/the_simplest_python_package/hook/ament_prefix_path.ps1'
[0.551s] INFO:colcon.colcon_core.shell:Creating environment descriptor '/home/max/University/Robotics and Automation/week2/workshop/ros2_tutorial_workspace/install/the_simplest_python_package/share/the_simplest_python_package/hook/ament_prefix_path.dsv'
[0.551s] INFO:colcon.colcon_core.shell:Creating environment hook '/home/max/University/Robotics and Automation/week2/workshop/ros2_tutorial_workspace/install/the_simplest_python_package/share/the_simplest_python_package/hook/ament_prefix_path.sh'
[0.553s] INFO:colcon.colcon_core.shell:Skip shell extension 'powershell' for command environment: Not usable outside of PowerShell
[0.553s] DEBUG:colcon.colcon_core.shell:Skip shell extension 'dsv' for command environment
[0.567s] DEBUG:colcon.colcon_core.event_handler.log_command:Invoking command in '/home/max/University/Robotics and Automation/week2/workshop/ros2_tutorial_workspace/build/package_with_interfaces': CMAKE_PREFIX_PATH=/opt/ros/humble /usr/bin/cmake --build /home/max/University/Robotics and Automation/week2/workshop/ros2_tutorial_workspace/build/package_with_interfaces -- -j12 -l12
[0.817s] INFO:colcon.colcon_core.task.python.build:Building Python package in '/home/max/University/Robotics and Automation/week2/workshop/ros2_tutorial_workspace/src/python_package_with_a_node'
[0.817s] INFO:colcon.colcon_core.shell:Skip shell extension 'powershell' for command environment: Not usable outside of PowerShell
[0.817s] DEBUG:colcon.colcon_core.shell:Skip shell extension 'dsv' for command environment
[0.979s] INFO:colcon.colcon_core.task.python.build:Building Python package in '/home/max/University/Robotics and Automation/week2/workshop/ros2_tutorial_workspace/src/the_simplest_python_package'
[0.979s] INFO:colcon.colcon_core.shell:Skip shell extension 'powershell' for command environment: Not usable outside of PowerShell
[0.979s] DEBUG:colcon.colcon_core.shell:Skip shell extension 'dsv' for command environment
[0.986s] DEBUG:colcon.colcon_core.event_handler.log_command:Invoked command in '/home/max/University/Robotics and Automation/week2/workshop/ros2_tutorial_workspace/build/package_with_interfaces' returned '0': CMAKE_PREFIX_PATH=/opt/ros/humble /usr/bin/cmake --build /home/max/University/Robotics and Automation/week2/workshop/ros2_tutorial_workspace/build/package_with_interfaces -- -j12 -l12
[1.092s] DEBUG:colcon.colcon_core.event_handler.log_command:Invoking command in '/home/max/University/Robotics and Automation/week2/workshop/ros2_tutorial_workspace/build/package_with_interfaces': CMAKE_PREFIX_PATH=/opt/ros/humble /usr/bin/cmake --install /home/max/University/Robotics and Automation/week2/workshop/ros2_tutorial_workspace/build/package_with_interfaces
[1.152s] Level 1:colcon.colcon_core.environment:create_environment_scripts_only(package_with_interfaces)
[1.152s] DEBUG:colcon.colcon_core.event_handler.log_command:Invoked command in '/home/max/University/Robotics and Automation/week2/workshop/ros2_tutorial_workspace/build/package_with_interfaces' returned '0': CMAKE_PREFIX_PATH=/opt/ros/humble /usr/bin/cmake --install /home/max/University/Robotics and Automation/week2/workshop/ros2_tutorial_workspace/build/package_with_interfaces
[1.156s] Level 1:colcon.colcon_core.environment:checking '/home/max/University/Robotics and Automation/week2/workshop/ros2_tutorial_workspace/install/package_with_interfaces' for CMake module files
[1.158s] Level 1:colcon.colcon_core.environment:checking '/home/max/University/Robotics and Automation/week2/workshop/ros2_tutorial_workspace/install/package_with_interfaces' for CMake config files
[1.158s] Level 1:colcon.colcon_core.shell:create_environment_hook('package_with_interfaces', 'cmake_prefix_path')
[1.159s] INFO:colcon.colcon_core.shell:Creating environment hook '/home/max/University/Robotics and Automation/week2/workshop/ros2_tutorial_workspace/install/package_with_interfaces/share/package_with_interfaces/hook/cmake_prefix_path.ps1'
[1.160s] INFO:colcon.colcon_core.shell:Creating environment descriptor '/home/max/University/Robotics and Automation/week2/workshop/ros2_tutorial_workspace/install/package_with_interfaces/share/package_with_interfaces/hook/cmake_prefix_path.dsv'
[1.160s] INFO:colcon.colcon_core.shell:Creating environment hook '/home/max/University/Robotics and Automation/week2/workshop/ros2_tutorial_workspace/install/package_with_interfaces/share/package_with_interfaces/hook/cmake_prefix_path.sh'
[1.161s] Level 1:colcon.colcon_core.environment:checking '/home/max/University/Robotics and Automation/week2/workshop/ros2_tutorial_workspace/install/package_with_interfaces/lib'
[1.162s] Level 1:colcon.colcon_core.shell:create_environment_hook('package_with_interfaces', 'ld_library_path_lib')
[1.162s] INFO:colcon.colcon_core.shell:Creating environment hook '/home/max/University/Robotics and Automation/week2/workshop/ros2_tutorial_workspace/install/package_with_interfaces/share/package_with_interfaces/hook/ld_library_path_lib.ps1'
[1.163s] INFO:colcon.colcon_core.shell:Creating environment descriptor '/home/max/University/Robotics and Automation/week2/workshop/ros2_tutorial_workspace/install/package_with_interfaces/share/package_with_interfaces/hook/ld_library_path_lib.dsv'
[1.163s] INFO:colcon.colcon_core.shell:Creating environment hook '/home/max/University/Robotics and Automation/week2/workshop/ros2_tutorial_workspace/install/package_with_interfaces/share/package_with_interfaces/hook/ld_library_path_lib.sh'
[1.164s] Level 1:colcon.colcon_core.environment:checking '/home/max/University/Robotics and Automation/week2/workshop/ros2_tutorial_workspace/install/package_with_interfaces/bin'
[1.164s] Level 1:colcon.colcon_core.environment:checking '/home/max/University/Robotics and Automation/week2/workshop/ros2_tutorial_workspace/install/package_with_interfaces/lib/pkgconfig/package_with_interfaces.pc'
[1.164s] Level 1:colcon.colcon_core.environment:checking '/home/max/University/Robotics and Automation/week2/workshop/ros2_tutorial_workspace/install/package_with_interfaces/lib/python3.10/site-packages'
[1.164s] Level 1:colcon.colcon_core.environment:checking '/home/max/University/Robotics and Automation/week2/workshop/ros2_tutorial_workspace/install/package_with_interfaces/bin'
[1.165s] INFO:colcon.colcon_core.shell:Creating package script '/home/max/University/Robotics and Automation/week2/workshop/ros2_tutorial_workspace/install/package_with_interfaces/share/package_with_interfaces/package.ps1'
[1.166s] INFO:colcon.colcon_core.shell:Creating package descriptor '/home/max/University/Robotics and Automation/week2/workshop/ros2_tutorial_workspace/install/package_with_interfaces/share/package_with_interfaces/package.dsv'
[1.167s] INFO:colcon.colcon_core.shell:Creating package script '/home/max/University/Robotics and Automation/week2/workshop/ros2_tutorial_workspace/install/package_with_interfaces/share/package_with_interfaces/package.sh'
[1.168s] INFO:colcon.colcon_core.shell:Creating package script '/home/max/University/Robotics and Automation/week2/workshop/ros2_tutorial_workspace/install/package_with_interfaces/share/package_with_interfaces/package.bash'
[1.169s] INFO:colcon.colcon_core.shell:Creating package script '/home/max/University/Robotics and Automation/week2/workshop/ros2_tutorial_workspace/install/package_with_interfaces/share/package_with_interfaces/package.zsh'
[1.170s] Level 1:colcon.colcon_core.environment:create_file_with_runtime_dependencies(/home/max/University/Robotics and Automation/week2/workshop/ros2_tutorial_workspace/install/package_with_interfaces/share/colcon-core/packages/package_with_interfaces)
[1.215s] DEBUG:colcon.colcon_core.event_handler.log_command:Invoking command in '/home/max/University/Robotics and Automation/week2/workshop/ros2_tutorial_workspace/src/the_simplest_python_package': PYTHONPATH=/home/max/University/Robotics and Automation/week2/workshop/ros2_tutorial_workspace/build/the_simplest_python_package/prefix_override:/usr/lib/python3/dist-packages/colcon_core/task/python/colcon_distutils_commands:/home/max/University/Robotics and Automation/week2/workshop/ros2_tutorial_workspace/install/the_simplest_python_package/lib/python3.10/site-packages:${PYTHONPATH} /usr/bin/python3 -W ignore:setup.py install is deprecated setup.py egg_info --egg-base ../../build/the_simplest_python_package build --build-base /home/max/University/Robotics and Automation/week2/workshop/ros2_tutorial_workspace/build/the_simplest_python_package/build install --record /home/max/University/Robotics and Automation/week2/workshop/ros2_tutorial_workspace/build/the_simplest_python_package/install.log --single-version-externally-managed install_data
[1.215s] DEBUG:colcon.colcon_core.event_handler.log_command:Invoking command in '/home/max/University/Robotics and Automation/week2/workshop/ros2_tutorial_workspace/src/python_package_with_a_node': PYTHONPATH=/home/max/University/Robotics and Automation/week2/workshop/ros2_tutorial_workspace/build/python_package_with_a_node/prefix_override:/usr/lib/python3/dist-packages/colcon_core/task/python/colcon_distutils_commands:/home/max/University/Robotics and Automation/week2/workshop/ros2_tutorial_workspace/install/python_package_with_a_node/lib/python3.10/site-packages:${PYTHONPATH} /usr/bin/python3 -W ignore:setup.py install is deprecated setup.py egg_info --egg-base ../../build/python_package_with_a_node build --build-base /home/max/University/Robotics and Automation/week2/workshop/ros2_tutorial_workspace/build/python_package_with_a_node/build install --record /home/max/University/Robotics and Automation/week2/workshop/ros2_tutorial_workspace/build/python_package_with_a_node/install.log --single-version-externally-managed install_data
[1.239s] Level 1:colcon.colcon_core.environment:create_environment_scripts_only(package_with_interfaces)
[1.239s] Level 1:colcon.colcon_core.environment:checking '/home/max/University/Robotics and Automation/week2/workshop/ros2_tutorial_workspace/install/package_with_interfaces' for CMake module files
[1.240s] Level 1:colcon.colcon_core.environment:checking '/home/max/University/Robotics and Automation/week2/workshop/ros2_tutorial_workspace/install/package_with_interfaces' for CMake config files
[1.240s] Level 1:colcon.colcon_core.shell:create_environment_hook('package_with_interfaces', 'cmake_prefix_path')
[1.241s] INFO:colcon.colcon_core.shell:Creating environment hook '/home/max/University/Robotics and Automation/week2/workshop/ros2_tutorial_workspace/install/package_with_interfaces/share/package_with_interfaces/hook/cmake_prefix_path.ps1'
[1.241s] INFO:colcon.colcon_core.shell:Creating environment descriptor '/home/max/University/Robotics and Automation/week2/workshop/ros2_tutorial_workspace/install/package_with_interfaces/share/package_with_interfaces/hook/cmake_prefix_path.dsv'
[1.241s] INFO:colcon.colcon_core.shell:Creating environment hook '/home/max/University/Robotics and Automation/week2/workshop/ros2_tutorial_workspace/install/package_with_interfaces/share/package_with_interfaces/hook/cmake_prefix_path.sh'
[1.242s] Level 1:colcon.colcon_core.environment:checking '/home/max/University/Robotics and Automation/week2/workshop/ros2_tutorial_workspace/install/package_with_interfaces/lib'
[1.242s] Level 1:colcon.colcon_core.shell:create_environment_hook('package_with_interfaces', 'ld_library_path_lib')
[1.242s] INFO:colcon.colcon_core.shell:Creating environment hook '/home/max/University/Robotics and Automation/week2/workshop/ros2_tutorial_workspace/install/package_with_interfaces/share/package_with_interfaces/hook/ld_library_path_lib.ps1'
[1.243s] INFO:colcon.colcon_core.shell:Creating environment descriptor '/home/max/University/Robotics and Automation/week2/workshop/ros2_tutorial_workspace/install/package_with_interfaces/share/package_with_interfaces/hook/ld_library_path_lib.dsv'
[1.243s] INFO:colcon.colcon_core.shell:Creating environment hook '/home/max/University/Robotics and Automation/week2/workshop/ros2_tutorial_workspace/install/package_with_interfaces/share/package_with_interfaces/hook/ld_library_path_lib.sh'
[1.244s] Level 1:colcon.colcon_core.environment:checking '/home/max/University/Robotics and Automation/week2/workshop/ros2_tutorial_workspace/install/package_with_interfaces/bin'
[1.244s] Level 1:colcon.colcon_core.environment:checking '/home/max/University/Robotics and Automation/week2/workshop/ros2_tutorial_workspace/install/package_with_interfaces/lib/pkgconfig/package_with_interfaces.pc'
[1.244s] Level 1:colcon.colcon_core.environment:checking '/home/max/University/Robotics and Automation/week2/workshop/ros2_tutorial_workspace/install/package_with_interfaces/lib/python3.10/site-packages'
[1.244s] Level 1:colcon.colcon_core.environment:checking '/home/max/University/Robotics and Automation/week2/workshop/ros2_tutorial_workspace/install/package_with_interfaces/bin'
[1.244s] INFO:colcon.colcon_core.shell:Creating package script '/home/max/University/Robotics and Automation/week2/workshop/ros2_tutorial_workspace/install/package_with_interfaces/share/package_with_interfaces/package.ps1'
[1.245s] INFO:colcon.colcon_core.shell:Creating package descriptor '/home/max/University/Robotics and Automation/week2/workshop/ros2_tutorial_workspace/install/package_with_interfaces/share/package_with_interfaces/package.dsv'
[1.246s] INFO:colcon.colcon_core.shell:Creating package script '/home/max/University/Robotics and Automation/week2/workshop/ros2_tutorial_workspace/install/package_with_interfaces/share/package_with_interfaces/package.sh'
[1.246s] INFO:colcon.colcon_core.shell:Creating package script '/home/max/University/Robotics and Automation/week2/workshop/ros2_tutorial_workspace/install/package_with_interfaces/share/package_with_interfaces/package.bash'
[1.246s] INFO:colcon.colcon_core.shell:Creating package script '/home/max/University/Robotics and Automation/week2/workshop/ros2_tutorial_workspace/install/package_with_interfaces/share/package_with_interfaces/package.zsh'
[1.247s] Level 1:colcon.colcon_core.environment:create_file_with_runtime_dependencies(/home/max/University/Robotics and Automation/week2/workshop/ros2_tutorial_workspace/install/package_with_interfaces/share/colcon-core/packages/package_with_interfaces)
[1.247s] INFO:colcon.colcon_ros.task.ament_python.build:Building ROS package in '/home/max/University/Robotics and Automation/week2/workshop/ros2_tutorial_workspace/src/python_package_that_uses_the_messages' with build type 'ament_python'
[1.247s] Level 1:colcon.colcon_core.shell:create_environment_hook('python_package_that_uses_the_messages', 'ament_prefix_path')
[1.248s] INFO:colcon.colcon_core.shell:Creating environment hook '/home/max/University/Robotics and Automation/week2/workshop/ros2_tutorial_workspace/install/python_package_that_uses_the_messages/share/python_package_that_uses_the_messages/hook/ament_prefix_path.ps1'
[1.248s] INFO:colcon.colcon_core.shell:Creating environment descriptor '/home/max/University/Robotics and Automation/week2/workshop/ros2_tutorial_workspace/install/python_package_that_uses_the_messages/share/python_package_that_uses_the_messages/hook/ament_prefix_path.dsv'
[1.249s] INFO:colcon.colcon_core.shell:Creating environment hook '/home/max/University/Robotics and Automation/week2/workshop/ros2_tutorial_workspace/install/python_package_that_uses_the_messages/share/python_package_that_uses_the_messages/hook/ament_prefix_path.sh'
[1.250s] INFO:colcon.colcon_core.shell:Skip shell extension 'powershell' for command environment: Not usable outside of PowerShell
[1.250s] DEBUG:colcon.colcon_core.shell:Skip shell extension 'dsv' for command environment
[1.492s] INFO:colcon.colcon_core.task.python.build:Building Python package in '/home/max/University/Robotics and Automation/week2/workshop/ros2_tutorial_workspace/src/python_package_that_uses_the_messages'
[1.492s] INFO:colcon.colcon_core.shell:Skip shell extension 'powershell' for command environment: Not usable outside of PowerShell
[1.492s] DEBUG:colcon.colcon_core.shell:Skip shell extension 'dsv' for command environment
[1.495s] Level 1:colcon.colcon_core.environment:checking '/home/max/University/Robotics and Automation/week2/workshop/ros2_tutorial_workspace/install/the_simplest_python_package' for CMake module files
[1.496s] DEBUG:colcon.colcon_core.event_handler.log_command:Invoked command in '/home/max/University/Robotics and Automation/week2/workshop/ros2_tutorial_workspace/src/the_simplest_python_package' returned '0': PYTHONPATH=/home/max/University/Robotics and Automation/week2/workshop/ros2_tutorial_workspace/build/the_simplest_python_package/prefix_override:/usr/lib/python3/dist-packages/colcon_core/task/python/colcon_distutils_commands:/home/max/University/Robotics and Automation/week2/workshop/ros2_tutorial_workspace/install/the_simplest_python_package/lib/python3.10/site-packages:${PYTHONPATH} /usr/bin/python3 -W ignore:setup.py install is deprecated setup.py egg_info --egg-base ../../build/the_simplest_python_package build --build-base /home/max/University/Robotics and Automation/week2/workshop/ros2_tutorial_workspace/build/the_simplest_python_package/build install --record /home/max/University/Robotics and Automation/week2/workshop/ros2_tutorial_workspace/build/the_simplest_python_package/install.log --single-version-externally-managed install_data
[1.496s] Level 1:colcon.colcon_core.environment:checking '/home/max/University/Robotics and Automation/week2/workshop/ros2_tutorial_workspace/install/the_simplest_python_package' for CMake config files
[1.497s] Level 1:colcon.colcon_core.environment:checking '/home/max/University/Robotics and Automation/week2/workshop/ros2_tutorial_workspace/install/the_simplest_python_package/lib'
[1.497s] Level 1:colcon.colcon_core.environment:checking '/home/max/University/Robotics and Automation/week2/workshop/ros2_tutorial_workspace/install/the_simplest_python_package/bin'
[1.497s] Level 1:colcon.colcon_core.environment:checking '/home/max/University/Robotics and Automation/week2/workshop/ros2_tutorial_workspace/install/the_simplest_python_package/lib/pkgconfig/the_simplest_python_package.pc'
[1.497s] Level 1:colcon.colcon_core.environment:checking '/home/max/University/Robotics and Automation/week2/workshop/ros2_tutorial_workspace/install/the_simplest_python_package/lib/python3.10/site-packages'
[1.497s] Level 1:colcon.colcon_core.shell:create_environment_hook('the_simplest_python_package', 'pythonpath')
[1.497s] INFO:colcon.colcon_core.shell:Creating environment hook '/home/max/University/Robotics and Automation/week2/workshop/ros2_tutorial_workspace/install/the_simplest_python_package/share/the_simplest_python_package/hook/pythonpath.ps1'
[1.497s] INFO:colcon.colcon_core.shell:Creating environment descriptor '/home/max/University/Robotics and Automation/week2/workshop/ros2_tutorial_workspace/install/the_simplest_python_package/share/the_simplest_python_package/hook/pythonpath.dsv'
[1.498s] INFO:colcon.colcon_core.shell:Creating environment hook '/home/max/University/Robotics and Automation/week2/workshop/ros2_tutorial_workspace/install/the_simplest_python_package/share/the_simplest_python_package/hook/pythonpath.sh'
[1.498s] Level 1:colcon.colcon_core.environment:checking '/home/max/University/Robotics and Automation/week2/workshop/ros2_tutorial_workspace/install/the_simplest_python_package/bin'
[1.498s] Level 1:colcon.colcon_core.environment:create_environment_scripts_only(the_simplest_python_package)
[1.498s] INFO:colcon.colcon_core.shell:Creating package script '/home/max/University/Robotics and Automation/week2/workshop/ros2_tutorial_workspace/install/the_simplest_python_package/share/the_simplest_python_package/package.ps1'
[1.499s] INFO:colcon.colcon_core.shell:Creating package descriptor '/home/max/University/Robotics and Automation/week2/workshop/ros2_tutorial_workspace/install/the_simplest_python_package/share/the_simplest_python_package/package.dsv'
[1.499s] INFO:colcon.colcon_core.shell:Creating package script '/home/max/University/Robotics and Automation/week2/workshop/ros2_tutorial_workspace/install/the_simplest_python_package/share/the_simplest_python_package/package.sh'
[1.499s] INFO:colcon.colcon_core.shell:Creating package script '/home/max/University/Robotics and Automation/week2/workshop/ros2_tutorial_workspace/install/the_simplest_python_package/share/the_simplest_python_package/package.bash'
[1.499s] INFO:colcon.colcon_core.shell:Creating package script '/home/max/University/Robotics and Automation/week2/workshop/ros2_tutorial_workspace/install/the_simplest_python_package/share/the_simplest_python_package/package.zsh'
[1.499s] Level 1:colcon.colcon_core.environment:create_file_with_runtime_dependencies(/home/max/University/Robotics and Automation/week2/workshop/ros2_tutorial_workspace/install/the_simplest_python_package/share/colcon-core/packages/the_simplest_python_package)
[1.500s] Level 1:colcon.colcon_core.environment:checking '/home/max/University/Robotics and Automation/week2/workshop/ros2_tutorial_workspace/install/python_package_with_a_node' for CMake module files
[1.501s] Level 1:colcon.colcon_core.environment:checking '/home/max/University/Robotics and Automation/week2/workshop/ros2_tutorial_workspace/install/python_package_with_a_node' for CMake config files
[1.501s] DEBUG:colcon.colcon_core.event_handler.log_command:Invoked command in '/home/max/University/Robotics and Automation/week2/workshop/ros2_tutorial_workspace/src/python_package_with_a_node' returned '0': PYTHONPATH=/home/max/University/Robotics and Automation/week2/workshop/ros2_tutorial_workspace/build/python_package_with_a_node/prefix_override:/usr/lib/python3/dist-packages/colcon_core/task/python/colcon_distutils_commands:/home/max/University/Robotics and Automation/week2/workshop/ros2_tutorial_workspace/install/python_package_with_a_node/lib/python3.10/site-packages:${PYTHONPATH} /usr/bin/python3 -W ignore:setup.py install is deprecated setup.py egg_info --egg-base ../../build/python_package_with_a_node build --build-base /home/max/University/Robotics and Automation/week2/workshop/ros2_tutorial_workspace/build/python_package_with_a_node/build install --record /home/max/University/Robotics and Automation/week2/workshop/ros2_tutorial_workspace/build/python_package_with_a_node/install.log --single-version-externally-managed install_data
[1.502s] Level 1:colcon.colcon_core.environment:checking '/home/max/University/Robotics and Automation/week2/workshop/ros2_tutorial_workspace/install/python_package_with_a_node/lib'
[1.502s] Level 1:colcon.colcon_core.environment:checking '/home/max/University/Robotics and Automation/week2/workshop/ros2_tutorial_workspace/install/python_package_with_a_node/bin'
[1.502s] Level 1:colcon.colcon_core.environment:checking '/home/max/University/Robotics and Automation/week2/workshop/ros2_tutorial_workspace/install/python_package_with_a_node/lib/pkgconfig/python_package_with_a_node.pc'
[1.502s] Level 1:colcon.colcon_core.environment:checking '/home/max/University/Robotics and Automation/week2/workshop/ros2_tutorial_workspace/install/python_package_with_a_node/lib/python3.10/site-packages'
[1.502s] Level 1:colcon.colcon_core.shell:create_environment_hook('python_package_with_a_node', 'pythonpath')
[1.503s] INFO:colcon.colcon_core.shell:Creating environment hook '/home/max/University/Robotics and Automation/week2/workshop/ros2_tutorial_workspace/install/python_package_with_a_node/share/python_package_with_a_node/hook/pythonpath.ps1'
[1.503s] INFO:colcon.colcon_core.shell:Creating environment descriptor '/home/max/University/Robotics and Automation/week2/workshop/ros2_tutorial_workspace/install/python_package_with_a_node/share/python_package_with_a_node/hook/pythonpath.dsv'
[1.503s] INFO:colcon.colcon_core.shell:Creating environment hook '/home/max/University/Robotics and Automation/week2/workshop/ros2_tutorial_workspace/install/python_package_with_a_node/share/python_package_with_a_node/hook/pythonpath.sh'
[1.504s] Level 1:colcon.colcon_core.environment:checking '/home/max/University/Robotics and Automation/week2/workshop/ros2_tutorial_workspace/install/python_package_with_a_node/bin'
[1.504s] Level 1:colcon.colcon_core.environment:create_environment_scripts_only(python_package_with_a_node)
[1.504s] INFO:colcon.colcon_core.shell:Creating package script '/home/max/University/Robotics and Automation/week2/workshop/ros2_tutorial_workspace/install/python_package_with_a_node/share/python_package_with_a_node/package.ps1'
[1.505s] INFO:colcon.colcon_core.shell:Creating package descriptor '/home/max/University/Robotics and Automation/week2/workshop/ros2_tutorial_workspace/install/python_package_with_a_node/share/python_package_with_a_node/package.dsv'
[1.505s] INFO:colcon.colcon_core.shell:Creating package script '/home/max/University/Robotics and Automation/week2/workshop/ros2_tutorial_workspace/install/python_package_with_a_node/share/python_package_with_a_node/package.sh'
[1.506s] INFO:colcon.colcon_core.shell:Creating package script '/home/max/University/Robotics and Automation/week2/workshop/ros2_tutorial_workspace/install/python_package_with_a_node/share/python_package_with_a_node/package.bash'
[1.506s] INFO:colcon.colcon_core.shell:Creating package script '/home/max/University/Robotics and Automation/week2/workshop/ros2_tutorial_workspace/install/python_package_with_a_node/share/python_package_with_a_node/package.zsh'
[1.506s] Level 1:colcon.colcon_core.environment:create_file_with_runtime_dependencies(/home/max/University/Robotics and Automation/week2/workshop/ros2_tutorial_workspace/install/python_package_with_a_node/share/colcon-core/packages/python_package_with_a_node)
[1.756s] DEBUG:colcon.colcon_core.event_handler.log_command:Invoking command in '/home/max/University/Robotics and Automation/week2/workshop/ros2_tutorial_workspace/src/python_package_that_uses_the_messages': AMENT_PREFIX_PATH=/home/max/University/Robotics and Automation/week2/workshop/ros2_tutorial_workspace/install/package_with_interfaces:${AMENT_PREFIX_PATH} CMAKE_PREFIX_PATH=/home/max/University/Robotics and Automation/week2/workshop/ros2_tutorial_workspace/install/package_with_interfaces LD_LIBRARY_PATH=/home/max/University/Robotics and Automation/week2/workshop/ros2_tutorial_workspace/install/package_with_interfaces/lib:${LD_LIBRARY_PATH} PYTHONPATH=/home/max/University/Robotics and Automation/week2/workshop/ros2_tutorial_workspace/build/python_package_that_uses_the_messages/prefix_override:/usr/lib/python3/dist-packages/colcon_core/task/python/colcon_distutils_commands:/home/max/University/Robotics and Automation/week2/workshop/ros2_tutorial_workspace/install/python_package_that_uses_the_messages/lib/python3.10/site-packages:/home/max/University/Robotics and Automation/week2/workshop/ros2_tutorial_workspace/install/package_with_interfaces/local/lib/python3.10/dist-packages:${PYTHONPATH} /usr/bin/python3 -W ignore:setup.py install is deprecated setup.py egg_info --egg-base ../../build/python_package_that_uses_the_messages build --build-base /home/max/University/Robotics and Automation/week2/workshop/ros2_tutorial_workspace/build/python_package_that_uses_the_messages/build install --record /home/max/University/Robotics and Automation/week2/workshop/ros2_tutorial_workspace/build/python_package_that_uses_the_messages/install.log --single-version-externally-managed install_data
[1.927s] Level 1:colcon.colcon_core.environment:checking '/home/max/University/Robotics and Automation/week2/workshop/ros2_tutorial_workspace/install/python_package_that_uses_the_messages' for CMake module files
[1.927s] DEBUG:colcon.colcon_core.event_handler.log_command:Invoked command in '/home/max/University/Robotics and Automation/week2/workshop/ros2_tutorial_workspace/src/python_package_that_uses_the_messages' returned '0': AMENT_PREFIX_PATH=/home/max/University/Robotics and Automation/week2/workshop/ros2_tutorial_workspace/install/package_with_interfaces:${AMENT_PREFIX_PATH} CMAKE_PREFIX_PATH=/home/max/University/Robotics and Automation/week2/workshop/ros2_tutorial_workspace/install/package_with_interfaces LD_LIBRARY_PATH=/home/max/University/Robotics and Automation/week2/workshop/ros2_tutorial_workspace/install/package_with_interfaces/lib:${LD_LIBRARY_PATH} PYTHONPATH=/home/max/University/Robotics and Automation/week2/workshop/ros2_tutorial_workspace/build/python_package_that_uses_the_messages/prefix_override:/usr/lib/python3/dist-packages/colcon_core/task/python/colcon_distutils_commands:/home/max/University/Robotics and Automation/week2/workshop/ros2_tutorial_workspace/install/python_package_that_uses_the_messages/lib/python3.10/site-packages:/home/max/University/Robotics and Automation/week2/workshop/ros2_tutorial_workspace/install/package_with_interfaces/local/lib/python3.10/dist-packages:${PYTHONPATH} /usr/bin/python3 -W ignore:setup.py install is deprecated setup.py egg_info --egg-base ../../build/python_package_that_uses_the_messages build --build-base /home/max/University/Robotics and Automation/week2/workshop/ros2_tutorial_workspace/build/python_package_that_uses_the_messages/build install --record /home/max/University/Robotics and Automation/week2/workshop/ros2_tutorial_workspace/build/python_package_that_uses_the_messages/install.log --single-version-externally-managed install_data
[1.928s] Level 1:colcon.colcon_core.environment:checking '/home/max/University/Robotics and Automation/week2/workshop/ros2_tutorial_workspace/install/python_package_that_uses_the_messages' for CMake config files
[1.928s] Level 1:colcon.colcon_core.environment:checking '/home/max/University/Robotics and Automation/week2/workshop/ros2_tutorial_workspace/install/python_package_that_uses_the_messages/lib'
[1.928s] Level 1:colcon.colcon_core.environment:checking '/home/max/University/Robotics and Automation/week2/workshop/ros2_tutorial_workspace/install/python_package_that_uses_the_messages/bin'
[1.929s] Level 1:colcon.colcon_core.environment:checking '/home/max/University/Robotics and Automation/week2/workshop/ros2_tutorial_workspace/install/python_package_that_uses_the_messages/lib/pkgconfig/python_package_that_uses_the_messages.pc'
[1.929s] Level 1:colcon.colcon_core.environment:checking '/home/max/University/Robotics and Automation/week2/workshop/ros2_tutorial_workspace/install/python_package_that_uses_the_messages/lib/python3.10/site-packages'
[1.929s] Level 1:colcon.colcon_core.shell:create_environment_hook('python_package_that_uses_the_messages', 'pythonpath')
[1.929s] INFO:colcon.colcon_core.shell:Creating environment hook '/home/max/University/Robotics and Automation/week2/workshop/ros2_tutorial_workspace/install/python_package_that_uses_the_messages/share/python_package_that_uses_the_messages/hook/pythonpath.ps1'
[1.930s] INFO:colcon.colcon_core.shell:Creating environment descriptor '/home/max/University/Robotics and Automation/week2/workshop/ros2_tutorial_workspace/install/python_package_that_uses_the_messages/share/python_package_that_uses_the_messages/hook/pythonpath.dsv'
[1.930s] INFO:colcon.colcon_core.shell:Creating environment hook '/home/max/University/Robotics and Automation/week2/workshop/ros2_tutorial_workspace/install/python_package_that_uses_the_messages/share/python_package_that_uses_the_messages/hook/pythonpath.sh'
[1.931s] Level 1:colcon.colcon_core.environment:checking '/home/max/University/Robotics and Automation/week2/workshop/ros2_tutorial_workspace/install/python_package_that_uses_the_messages/bin'
[1.931s] Level 1:colcon.colcon_core.environment:create_environment_scripts_only(python_package_that_uses_the_messages)
[1.932s] INFO:colcon.colcon_core.shell:Creating package script '/home/max/University/Robotics and Automation/week2/workshop/ros2_tutorial_workspace/install/python_package_that_uses_the_messages/share/python_package_that_uses_the_messages/package.ps1'
[1.932s] INFO:colcon.colcon_core.shell:Creating package descriptor '/home/max/University/Robotics and Automation/week2/workshop/ros2_tutorial_workspace/install/python_package_that_uses_the_messages/share/python_package_that_uses_the_messages/package.dsv'
[1.933s] INFO:colcon.colcon_core.shell:Creating package script '/home/max/University/Robotics and Automation/week2/workshop/ros2_tutorial_workspace/install/python_package_that_uses_the_messages/share/python_package_that_uses_the_messages/package.sh'
[1.934s] INFO:colcon.colcon_core.shell:Creating package script '/home/max/University/Robotics and Automation/week2/workshop/ros2_tutorial_workspace/install/python_package_that_uses_the_messages/share/python_package_that_uses_the_messages/package.bash'
[1.934s] INFO:colcon.colcon_core.shell:Creating package script '/home/max/University/Robotics and Automation/week2/workshop/ros2_tutorial_workspace/install/python_package_that_uses_the_messages/share/python_package_that_uses_the_messages/package.zsh'
[1.935s] Level 1:colcon.colcon_core.environment:create_file_with_runtime_dependencies(/home/max/University/Robotics and Automation/week2/workshop/ros2_tutorial_workspace/install/python_package_that_uses_the_messages/share/colcon-core/packages/python_package_that_uses_the_messages)
[1.935s] DEBUG:colcon.colcon_parallel_executor.executor.parallel:closing loop
[1.936s] DEBUG:colcon.colcon_parallel_executor.executor.parallel:loop closed
[1.936s] DEBUG:colcon.colcon_parallel_executor.executor.parallel:run_until_complete finished with '0'
[1.936s] DEBUG:colcon.colcon_core.event_reactor:joining thread
[1.947s] INFO:colcon.colcon_core.plugin_system:Skipping extension 'colcon_notification.desktop_notification.terminal_notifier': Not used on non-Darwin systems
[1.947s] INFO:colcon.colcon_core.plugin_system:Skipping extension 'colcon_notification.desktop_notification.win32': Not used on non-Windows systems
[1.947s] INFO:colcon.colcon_notification.desktop_notification:Sending desktop notification using 'notify2'
[1.979s] DEBUG:colcon.colcon_core.event_reactor:joined thread
[1.980s] INFO:colcon.colcon_core.shell:Creating prefix script '/home/max/University/Robotics and Automation/week2/workshop/ros2_tutorial_workspace/install/local_setup.ps1'
[1.982s] INFO:colcon.colcon_core.shell:Creating prefix util module '/home/max/University/Robotics and Automation/week2/workshop/ros2_tutorial_workspace/install/_local_setup_util_ps1.py'
[1.986s] INFO:colcon.colcon_core.shell:Creating prefix chain script '/home/max/University/Robotics and Automation/week2/workshop/ros2_tutorial_workspace/install/setup.ps1'
[1.989s] INFO:colcon.colcon_core.shell:Creating prefix script '/home/max/University/Robotics and Automation/week2/workshop/ros2_tutorial_workspace/install/local_setup.sh'
[1.992s] INFO:colcon.colcon_core.shell:Creating prefix util module '/home/max/University/Robotics and Automation/week2/workshop/ros2_tutorial_workspace/install/_local_setup_util_sh.py'
[1.994s] INFO:colcon.colcon_core.shell:Creating prefix chain script '/home/max/University/Robotics and Automation/week2/workshop/ros2_tutorial_workspace/install/setup.sh'
[1.998s] INFO:colcon.colcon_core.shell:Creating prefix script '/home/max/University/Robotics and Automation/week2/workshop/ros2_tutorial_workspace/install/local_setup.bash'
[1.999s] INFO:colcon.colcon_core.shell:Creating prefix chain script '/home/max/University/Robotics and Automation/week2/workshop/ros2_tutorial_workspace/install/setup.bash'
[2.002s] INFO:colcon.colcon_core.shell:Creating prefix script '/home/max/University/Robotics and Automation/week2/workshop/ros2_tutorial_workspace/install/local_setup.zsh'
[2.003s] INFO:colcon.colcon_core.shell:Creating prefix chain script '/home/max/University/Robotics and Automation/week2/workshop/ros2_tutorial_workspace/install/setup.zsh'
