[0.582s] Invoking command in '/home/max/University/Robotics and Automation/week2/workshop/ros2_tutorial_workspace/src/python_package_with_a_node': PYTHONPATH=/home/max/University/Robotics and Automation/week2/workshop/ros2_tutorial_workspace/build/python_package_with_a_node/prefix_override:/usr/lib/python3/dist-packages/colcon_core/task/python/colcon_distutils_commands:/home/max/University/Robotics and Automation/week2/workshop/ros2_tutorial_workspace/install/python_package_with_a_node/lib/python3.10/site-packages:${PYTHONPATH} /usr/bin/python3 -W ignore:setup.py install is deprecated setup.py egg_info --egg-base ../../build/python_package_with_a_node build --build-base /home/max/University/Robotics and Automation/week2/workshop/ros2_tutorial_workspace/build/python_package_with_a_node/build install --record /home/max/University/Robotics and Automation/week2/workshop/ros2_tutorial_workspace/build/python_package_with_a_node/install.log --single-version-externally-managed install_data
[0.717s] running egg_info
[0.718s] writing ../../build/python_package_with_a_node/python_package_with_a_node.egg-info/PKG-INFO
[0.718s] writing dependency_links to ../../build/python_package_with_a_node/python_package_with_a_node.egg-info/dependency_links.txt
[0.718s] writing entry points to ../../build/python_package_with_a_node/python_package_with_a_node.egg-info/entry_points.txt
[0.718s] writing requirements to ../../build/python_package_with_a_node/python_package_with_a_node.egg-info/requires.txt
[0.718s] writing top-level names to ../../build/python_package_with_a_node/python_package_with_a_node.egg-info/top_level.txt
[0.719s] reading manifest file '../../build/python_package_with_a_node/python_package_with_a_node.egg-info/SOURCES.txt'
[0.719s] writing manifest file '../../build/python_package_with_a_node/python_package_with_a_node.egg-info/SOURCES.txt'
[0.719s] running build
[0.719s] running build_py
[0.720s] running install
[0.720s] running install_lib
[0.720s] running install_data
[0.721s] running install_egg_info
[0.721s] removing '/home/max/University/Robotics and Automation/week2/workshop/ros2_tutorial_workspace/install/python_package_with_a_node/lib/python3.10/site-packages/python_package_with_a_node-0.0.0-py3.10.egg-info' (and everything under it)
[0.722s] Copying ../../build/python_package_with_a_node/python_package_with_a_node.egg-info to /home/max/University/Robotics and Automation/week2/workshop/ros2_tutorial_workspace/install/python_package_with_a_node/lib/python3.10/site-packages/python_package_with_a_node-0.0.0-py3.10.egg-info
[0.722s] running install_scripts
[0.739s] Installing sample_python_node script to /home/max/University/Robotics and Automation/week2/workshop/ros2_tutorial_workspace/install/python_package_with_a_node/lib/python_package_with_a_node
[0.739s] writing list of installed files to '/home/max/University/Robotics and Automation/week2/workshop/ros2_tutorial_workspace/build/python_package_with_a_node/install.log'
[0.762s] Invoked command in '/home/max/University/Robotics and Automation/week2/workshop/ros2_tutorial_workspace/src/python_package_with_a_node' returned '0': PYTHONPATH=/home/max/University/Robotics and Automation/week2/workshop/ros2_tutorial_workspace/build/python_package_with_a_node/prefix_override:/usr/lib/python3/dist-packages/colcon_core/task/python/colcon_distutils_commands:/home/max/University/Robotics and Automation/week2/workshop/ros2_tutorial_workspace/install/python_package_with_a_node/lib/python3.10/site-packages:${PYTHONPATH} /usr/bin/python3 -W ignore:setup.py install is deprecated setup.py egg_info --egg-base ../../build/python_package_with_a_node build --build-base /home/max/University/Robotics and Automation/week2/workshop/ros2_tutorial_workspace/build/python_package_with_a_node/build install --record /home/max/University/Robotics and Automation/week2/workshop/ros2_tutorial_workspace/build/python_package_with_a_node/install.log --single-version-externally-managed install_data
