[0.105s] DEBUG:colcon:Command line arguments: ['/usr/bin/colcon', 'build']
[0.105s] DEBUG:colcon:Parsed command line arguments: Namespace(log_base=None, log_level=None, verb_name='build', build_base='build', install_base='install', merge_install=False, symlink_install=False, test_result_base=None, continue_on_error=False, executor='parallel', parallel_workers=12, event_handlers=None, ignore_user_meta=False, metas=['./colcon.meta'], base_paths=['.'], packages_ignore=None, packages_ignore_regex=None, paths=None, packages_up_to=None, packages_up_to_regex=None, packages_above=None, packages_above_and_dependencies=None, packages_above_depth=None, packages_select_by_dep=None, packages_skip_by_dep=None, packages_skip_up_to=None, packages_select_build_failed=False, packages_skip_build_finished=False, packages_select_test_failures=False, packages_skip_test_passed=False, packages_select=None, packages_skip=None, packages_select_regex=None, packages_skip_regex=None, packages_start=None, packages_end=None, allow_overriding=[], cmake_args=None, cmake_target=None, cmake_target_skip_unavailable=False, cmake_clean_cache=False, cmake_clean_first=False, cmake_force_configure=False, ament_cmake_args=None, catkin_cmake_args=None, catkin_skip_building_tests=False, verb_parser=<colcon_defaults.argument_parser.defaults.DefaultArgumentsDecorator object at 0x72b026f503d0>, verb_extension=<colcon_core.verb.build.BuildVerb object at 0x72b026f17dc0>, main=<bound method BuildVerb.main of <colcon_core.verb.build.BuildVerb object at 0x72b026f17dc0>>)
[0.192s] Level 1:colcon.colcon_core.package_discovery:discover_packages(colcon_meta) check parameters
[0.193s] Level 1:colcon.colcon_core.package_discovery:discover_packages(recursive) check parameters
[0.193s] Level 1:colcon.colcon_core.package_discovery:discover_packages(ignore) check parameters
[0.193s] Level 1:colcon.colcon_core.package_discovery:discover_packages(path) check parameters
[0.193s] Level 1:colcon.colcon_core.package_discovery:discover_packages(colcon_meta) discover
[0.193s] Level 1:colcon.colcon_core.package_discovery:discover_packages(recursive) discover
[0.193s] INFO:colcon.colcon_core.package_discovery:Crawling recursively for packages in '/home/max/University/Robotics and Automation/week2/workshop/ros2_tutorial_workspace/src'
[0.193s] Level 1:colcon.colcon_core.package_identification:_identify(.) by extensions ['ignore', 'ignore_ament_install']
[0.193s] Level 1:colcon.colcon_core.package_identification:_identify(.) by extension 'ignore'
[0.193s] Level 1:colcon.colcon_core.package_identification:_identify(.) by extension 'ignore_ament_install'
[0.193s] Level 1:colcon.colcon_core.package_identification:_identify(.) by extensions ['colcon_pkg']
[0.193s] Level 1:colcon.colcon_core.package_identification:_identify(.) by extension 'colcon_pkg'
[0.193s] Level 1:colcon.colcon_core.package_identification:_identify(.) by extensions ['colcon_meta']
[0.193s] Level 1:colcon.colcon_core.package_identification:_identify(.) by extension 'colcon_meta'
[0.193s] Level 1:colcon.colcon_core.package_identification:_identify(.) by extensions ['ros']
[0.193s] Level 1:colcon.colcon_core.package_identification:_identify(.) by extension 'ros'
[0.200s] Level 1:colcon.colcon_core.package_identification:_identify(.) by extensions ['cmake', 'python']
[0.201s] Level 1:colcon.colcon_core.package_identification:_identify(.) by extension 'cmake'
[0.201s] Level 1:colcon.colcon_core.package_identification:_identify(.) by extension 'python'
[0.201s] Level 1:colcon.colcon_core.package_identification:_identify(.) by extensions ['python_setup_py']
[0.201s] Level 1:colcon.colcon_core.package_identification:_identify(.) by extension 'python_setup_py'
[0.201s] Level 1:colcon.colcon_core.package_identification:_identify(build) by extensions ['ignore', 'ignore_ament_install']
[0.201s] Level 1:colcon.colcon_core.package_identification:_identify(build) by extension 'ignore'
[0.201s] Level 1:colcon.colcon_core.package_identification:_identify(build) ignored
[0.201s] Level 1:colcon.colcon_core.package_identification:_identify(install) by extensions ['ignore', 'ignore_ament_install']
[0.201s] Level 1:colcon.colcon_core.package_identification:_identify(install) by extension 'ignore'
[0.201s] Level 1:colcon.colcon_core.package_identification:_identify(install) ignored
[0.201s] Level 1:colcon.colcon_core.package_identification:_identify(log) by extensions ['ignore', 'ignore_ament_install']
[0.201s] Level 1:colcon.colcon_core.package_identification:_identify(log) by extension 'ignore'
[0.201s] Level 1:colcon.colcon_core.package_identification:_identify(log) ignored
[0.201s] Level 1:colcon.colcon_core.package_identification:_identify(package_with_interfaces) by extensions ['ignore', 'ignore_ament_install']
[0.201s] Level 1:colcon.colcon_core.package_identification:_identify(package_with_interfaces) by extension 'ignore'
[0.201s] Level 1:colcon.colcon_core.package_identification:_identify(package_with_interfaces) by extension 'ignore_ament_install'
[0.201s] Level 1:colcon.colcon_core.package_identification:_identify(package_with_interfaces) by extensions ['colcon_pkg']
[0.201s] Level 1:colcon.colcon_core.package_identification:_identify(package_with_interfaces) by extension 'colcon_pkg'
[0.201s] Level 1:colcon.colcon_core.package_identification:_identify(package_with_interfaces) by extensions ['colcon_meta']
[0.201s] Level 1:colcon.colcon_core.package_identification:_identify(package_with_interfaces) by extension 'colcon_meta'
[0.201s] Level 1:colcon.colcon_core.package_identification:_identify(package_with_interfaces) by extensions ['ros']
[0.201s] Level 1:colcon.colcon_core.package_identification:_identify(package_with_interfaces) by extension 'ros'
[0.204s] DEBUG:colcon.colcon_core.package_identification:Package 'package_with_interfaces' with type 'ros.ament_cmake' and name 'package_with_interfaces'
[0.204s] Level 1:colcon.colcon_core.package_identification:_identify(python_package_with_a_node) by extensions ['ignore', 'ignore_ament_install']
[0.204s] Level 1:colcon.colcon_core.package_identification:_identify(python_package_with_a_node) by extension 'ignore'
[0.204s] Level 1:colcon.colcon_core.package_identification:_identify(python_package_with_a_node) by extension 'ignore_ament_install'
[0.204s] Level 1:colcon.colcon_core.package_identification:_identify(python_package_with_a_node) by extensions ['colcon_pkg']
[0.204s] Level 1:colcon.colcon_core.package_identification:_identify(python_package_with_a_node) by extension 'colcon_pkg'
[0.204s] Level 1:colcon.colcon_core.package_identification:_identify(python_package_with_a_node) by extensions ['colcon_meta']
[0.204s] Level 1:colcon.colcon_core.package_identification:_identify(python_package_with_a_node) by extension 'colcon_meta'
[0.204s] Level 1:colcon.colcon_core.package_identification:_identify(python_package_with_a_node) by extensions ['ros']
[0.204s] Level 1:colcon.colcon_core.package_identification:_identify(python_package_with_a_node) by extension 'ros'
[0.205s] DEBUG:colcon.colcon_core.package_identification:Package 'python_package_with_a_node' with type 'ros.ament_python' and name 'python_package_with_a_node'
[0.205s] Level 1:colcon.colcon_core.package_identification:_identify(the_simplest_python_package) by extensions ['ignore', 'ignore_ament_install']
[0.205s] Level 1:colcon.colcon_core.package_identification:_identify(the_simplest_python_package) by extension 'ignore'
[0.205s] Level 1:colcon.colcon_core.package_identification:_identify(the_simplest_python_package) by extension 'ignore_ament_install'
[0.205s] Level 1:colcon.colcon_core.package_identification:_identify(the_simplest_python_package) by extensions ['colcon_pkg']
[0.205s] Level 1:colcon.colcon_core.package_identification:_identify(the_simplest_python_package) by extension 'colcon_pkg'
[0.205s] Level 1:colcon.colcon_core.package_identification:_identify(the_simplest_python_package) by extensions ['colcon_meta']
[0.205s] Level 1:colcon.colcon_core.package_identification:_identify(the_simplest_python_package) by extension 'colcon_meta'
[0.205s] Level 1:colcon.colcon_core.package_identification:_identify(the_simplest_python_package) by extensions ['ros']
[0.205s] Level 1:colcon.colcon_core.package_identification:_identify(the_simplest_python_package) by extension 'ros'
[0.205s] DEBUG:colcon.colcon_core.package_identification:Package 'the_simplest_python_package' with type 'ros.ament_python' and name 'the_simplest_python_package'
[0.205s] Level 1:colcon.colcon_core.package_discovery:discover_packages(recursive) using defaults
[0.205s] Level 1:colcon.colcon_core.package_discovery:discover_packages(ignore) discover
[0.205s] Level 1:colcon.colcon_core.package_discovery:discover_packages(ignore) using defaults
[0.205s] Level 1:colcon.colcon_core.package_discovery:discover_packages(path) discover
[0.205s] Level 1:colcon.colcon_core.package_discovery:discover_packages(path) using defaults
[0.217s] Level 1:colcon.colcon_core.package_discovery:discover_packages(prefix_path) check parameters
[0.217s] Level 1:colcon.colcon_core.package_discovery:discover_packages(prefix_path) discover
[0.219s] DEBUG:colcon.colcon_installed_package_information.package_discovery:Found 295 installed packages in /opt/ros/humble
[0.228s] Level 1:colcon.colcon_core.package_discovery:discover_packages(prefix_path) using defaults
[0.249s] Level 5:colcon.colcon_core.verb:set package 'package_with_interfaces' build argument 'cmake_args' from command line to 'None'
[0.249s] Level 5:colcon.colcon_core.verb:set package 'package_with_interfaces' build argument 'cmake_target' from command line to 'None'
[0.249s] Level 5:colcon.colcon_core.verb:set package 'package_with_interfaces' build argument 'cmake_target_skip_unavailable' from command line to 'False'
[0.249s] Level 5:colcon.colcon_core.verb:set package 'package_with_interfaces' build argument 'cmake_clean_cache' from command line to 'False'
[0.249s] Level 5:colcon.colcon_core.verb:set package 'package_with_interfaces' build argument 'cmake_clean_first' from command line to 'False'
[0.249s] Level 5:colcon.colcon_core.verb:set package 'package_with_interfaces' build argument 'cmake_force_configure' from command line to 'False'
[0.249s] Level 5:colcon.colcon_core.verb:set package 'package_with_interfaces' build argument 'ament_cmake_args' from command line to 'None'
[0.249s] Level 5:colcon.colcon_core.verb:set package 'package_with_interfaces' build argument 'catkin_cmake_args' from command line to 'None'
[0.249s] Level 5:colcon.colcon_core.verb:set package 'package_with_interfaces' build argument 'catkin_skip_building_tests' from command line to 'False'
[0.249s] DEBUG:colcon.colcon_core.verb:Building package 'package_with_interfaces' with the following arguments: {'ament_cmake_args': None, 'build_base': '/home/max/University/Robotics and Automation/week2/workshop/ros2_tutorial_workspace/src/build/package_with_interfaces', 'catkin_cmake_args': None, 'catkin_skip_building_tests': False, 'cmake_args': None, 'cmake_clean_cache': False, 'cmake_clean_first': False, 'cmake_force_configure': False, 'cmake_target': None, 'cmake_target_skip_unavailable': False, 'install_base': '/home/max/University/Robotics and Automation/week2/workshop/ros2_tutorial_workspace/src/install/package_with_interfaces', 'merge_install': False, 'path': '/home/max/University/Robotics and Automation/week2/workshop/ros2_tutorial_workspace/src/package_with_interfaces', 'symlink_install': False, 'test_result_base': None}
[0.249s] Level 5:colcon.colcon_core.verb:set package 'python_package_with_a_node' build argument 'cmake_args' from command line to 'None'
[0.249s] Level 5:colcon.colcon_core.verb:set package 'python_package_with_a_node' build argument 'cmake_target' from command line to 'None'
[0.249s] Level 5:colcon.colcon_core.verb:set package 'python_package_with_a_node' build argument 'cmake_target_skip_unavailable' from command line to 'False'
[0.249s] Level 5:colcon.colcon_core.verb:set package 'python_package_with_a_node' build argument 'cmake_clean_cache' from command line to 'False'
[0.249s] Level 5:colcon.colcon_core.verb:set package 'python_package_with_a_node' build argument 'cmake_clean_first' from command line to 'False'
[0.249s] Level 5:colcon.colcon_core.verb:set package 'python_package_with_a_node' build argument 'cmake_force_configure' from command line to 'False'
[0.249s] Level 5:colcon.colcon_core.verb:set package 'python_package_with_a_node' build argument 'ament_cmake_args' from command line to 'None'
[0.250s] Level 5:colcon.colcon_core.verb:set package 'python_package_with_a_node' build argument 'catkin_cmake_args' from command line to 'None'
[0.250s] Level 5:colcon.colcon_core.verb:set package 'python_package_with_a_node' build argument 'catkin_skip_building_tests' from command line to 'False'
[0.250s] DEBUG:colcon.colcon_core.verb:Building package 'python_package_with_a_node' with the following arguments: {'ament_cmake_args': None, 'build_base': '/home/max/University/Robotics and Automation/week2/workshop/ros2_tutorial_workspace/src/build/python_package_with_a_node', 'catkin_cmake_args': None, 'catkin_skip_building_tests': False, 'cmake_args': None, 'cmake_clean_cache': False, 'cmake_clean_first': False, 'cmake_force_configure': False, 'cmake_target': None, 'cmake_target_skip_unavailable': False, 'install_base': '/home/max/University/Robotics and Automation/week2/workshop/ros2_tutorial_workspace/src/install/python_package_with_a_node', 'merge_install': False, 'path': '/home/max/University/Robotics and Automation/week2/workshop/ros2_tutorial_workspace/src/python_package_with_a_node', 'symlink_install': False, 'test_result_base': None}
[0.250s] Level 5:colcon.colcon_core.verb:set package 'the_simplest_python_package' build argument 'cmake_args' from command line to 'None'
[0.250s] Level 5:colcon.colcon_core.verb:set package 'the_simplest_python_package' build argument 'cmake_target' from command line to 'None'
[0.250s] Level 5:colcon.colcon_core.verb:set package 'the_simplest_python_package' build argument 'cmake_target_skip_unavailable' from command line to 'False'
[0.250s] Level 5:colcon.colcon_core.verb:set package 'the_simplest_python_package' build argument 'cmake_clean_cache' from command line to 'False'
[0.250s] Level 5:colcon.colcon_core.verb:set package 'the_simplest_python_package' build argument 'cmake_clean_first' from command line to 'False'
[0.250s] Level 5:colcon.colcon_core.verb:set package 'the_simplest_python_package' build argument 'cmake_force_configure' from command line to 'False'
[0.250s] Level 5:colcon.colcon_core.verb:set package 'the_simplest_python_package' build argument 'ament_cmake_args' from command line to 'None'
[0.250s] Level 5:colcon.colcon_core.verb:set package 'the_simplest_python_package' build argument 'catkin_cmake_args' from command line to 'None'
[0.250s] Level 5:colcon.colcon_core.verb:set package 'the_simplest_python_package' build argument 'catkin_skip_building_tests' from command line to 'False'
[0.250s] DEBUG:colcon.colcon_core.verb:Building package 'the_simplest_python_package' with the following arguments: {'ament_cmake_args': None, 'build_base': '/home/max/University/Robotics and Automation/week2/workshop/ros2_tutorial_workspace/src/build/the_simplest_python_package', 'catkin_cmake_args': None, 'catkin_skip_building_tests': False, 'cmake_args': None, 'cmake_clean_cache': False, 'cmake_clean_first': False, 'cmake_force_configure': False, 'cmake_target': None, 'cmake_target_skip_unavailable': False, 'install_base': '/home/max/University/Robotics and Automation/week2/workshop/ros2_tutorial_workspace/src/install/the_simplest_python_package', 'merge_install': False, 'path': '/home/max/University/Robotics and Automation/week2/workshop/ros2_tutorial_workspace/src/the_simplest_python_package', 'symlink_install': False, 'test_result_base': None}
[0.250s] INFO:colcon.colcon_core.executor:Executing jobs using 'parallel' executor
[0.251s] DEBUG:colcon.colcon_parallel_executor.executor.parallel:run_until_complete
[0.252s] INFO:colcon.colcon_ros.task.ament_cmake.build:Building ROS package in '/home/max/University/Robotics and Automation/week2/workshop/ros2_tutorial_workspace/src/package_with_interfaces' with build type 'ament_cmake'
[0.252s] INFO:colcon.colcon_cmake.task.cmake.build:Building CMake package in '/home/max/University/Robotics and Automation/week2/workshop/ros2_tutorial_workspace/src/package_with_interfaces'
[0.254s] INFO:colcon.colcon_core.plugin_system:Skipping extension 'colcon_core.shell.bat': Not used on non-Windows systems
[0.255s] INFO:colcon.colcon_core.shell:Skip shell extension 'powershell' for command environment: Not usable outside of PowerShell
[0.255s] DEBUG:colcon.colcon_core.shell:Skip shell extension 'dsv' for command environment
[0.258s] INFO:colcon.colcon_ros.task.ament_python.build:Building ROS package in '/home/max/University/Robotics and Automation/week2/workshop/ros2_tutorial_workspace/src/python_package_with_a_node' with build type 'ament_python'
[0.258s] Level 1:colcon.colcon_core.shell:create_environment_hook('python_package_with_a_node', 'ament_prefix_path')
[0.259s] INFO:colcon.colcon_core.shell:Creating environment hook '/home/max/University/Robotics and Automation/week2/workshop/ros2_tutorial_workspace/src/install/python_package_with_a_node/share/python_package_with_a_node/hook/ament_prefix_path.ps1'
[0.260s] INFO:colcon.colcon_core.shell:Creating environment descriptor '/home/max/University/Robotics and Automation/week2/workshop/ros2_tutorial_workspace/src/install/python_package_with_a_node/share/python_package_with_a_node/hook/ament_prefix_path.dsv'
[0.261s] INFO:colcon.colcon_core.shell:Creating environment hook '/home/max/University/Robotics and Automation/week2/workshop/ros2_tutorial_workspace/src/install/python_package_with_a_node/share/python_package_with_a_node/hook/ament_prefix_path.sh'
[0.262s] INFO:colcon.colcon_core.shell:Skip shell extension 'powershell' for command environment: Not usable outside of PowerShell
[0.262s] DEBUG:colcon.colcon_core.shell:Skip shell extension 'dsv' for command environment
[0.269s] INFO:colcon.colcon_ros.task.ament_python.build:Building ROS package in '/home/max/University/Robotics and Automation/week2/workshop/ros2_tutorial_workspace/src/the_simplest_python_package' with build type 'ament_python'
[0.269s] Level 1:colcon.colcon_core.shell:create_environment_hook('the_simplest_python_package', 'ament_prefix_path')
[0.270s] INFO:colcon.colcon_core.shell:Creating environment hook '/home/max/University/Robotics and Automation/week2/workshop/ros2_tutorial_workspace/src/install/the_simplest_python_package/share/the_simplest_python_package/hook/ament_prefix_path.ps1'
[0.272s] INFO:colcon.colcon_core.shell:Creating environment descriptor '/home/max/University/Robotics and Automation/week2/workshop/ros2_tutorial_workspace/src/install/the_simplest_python_package/share/the_simplest_python_package/hook/ament_prefix_path.dsv'
[0.273s] INFO:colcon.colcon_core.shell:Creating environment hook '/home/max/University/Robotics and Automation/week2/workshop/ros2_tutorial_workspace/src/install/the_simplest_python_package/share/the_simplest_python_package/hook/ament_prefix_path.sh'
[0.275s] INFO:colcon.colcon_core.shell:Skip shell extension 'powershell' for command environment: Not usable outside of PowerShell
[0.275s] DEBUG:colcon.colcon_core.shell:Skip shell extension 'dsv' for command environment
[0.296s] DEBUG:colcon.colcon_core.event_handler.log_command:Invoking command in '/home/max/University/Robotics and Automation/week2/workshop/ros2_tutorial_workspace/src/build/package_with_interfaces': CMAKE_PREFIX_PATH=/opt/ros/humble /usr/bin/cmake /home/max/University/Robotics and Automation/week2/workshop/ros2_tutorial_workspace/src/package_with_interfaces -DCMAKE_INSTALL_PREFIX=/home/max/University/Robotics and Automation/week2/workshop/ros2_tutorial_workspace/src/install/package_with_interfaces
[0.538s] INFO:colcon.colcon_core.task.python.build:Building Python package in '/home/max/University/Robotics and Automation/week2/workshop/ros2_tutorial_workspace/src/python_package_with_a_node'
[0.539s] INFO:colcon.colcon_core.shell:Skip shell extension 'powershell' for command environment: Not usable outside of PowerShell
[0.539s] DEBUG:colcon.colcon_core.shell:Skip shell extension 'dsv' for command environment
[0.763s] INFO:colcon.colcon_core.task.python.build:Building Python package in '/home/max/University/Robotics and Automation/week2/workshop/ros2_tutorial_workspace/src/the_simplest_python_package'
[0.763s] INFO:colcon.colcon_core.shell:Skip shell extension 'powershell' for command environment: Not usable outside of PowerShell
[0.764s] DEBUG:colcon.colcon_core.shell:Skip shell extension 'dsv' for command environment
[1.083s] DEBUG:colcon.colcon_core.event_handler.log_command:Invoking command in '/home/max/University/Robotics and Automation/week2/workshop/ros2_tutorial_workspace/src/the_simplest_python_package': PYTHONPATH=/home/max/University/Robotics and Automation/week2/workshop/ros2_tutorial_workspace/src/build/the_simplest_python_package/prefix_override:/usr/lib/python3/dist-packages/colcon_core/task/python/colcon_distutils_commands:/home/max/University/Robotics and Automation/week2/workshop/ros2_tutorial_workspace/src/install/the_simplest_python_package/lib/python3.10/site-packages:${PYTHONPATH} /usr/bin/python3 -W ignore:setup.py install is deprecated setup.py egg_info --egg-base ../build/the_simplest_python_package build --build-base /home/max/University/Robotics and Automation/week2/workshop/ros2_tutorial_workspace/src/build/the_simplest_python_package/build install --record /home/max/University/Robotics and Automation/week2/workshop/ros2_tutorial_workspace/src/build/the_simplest_python_package/install.log --single-version-externally-managed install_data
[1.098s] DEBUG:colcon.colcon_core.event_handler.log_command:Invoking command in '/home/max/University/Robotics and Automation/week2/workshop/ros2_tutorial_workspace/src/python_package_with_a_node': PYTHONPATH=/home/max/University/Robotics and Automation/week2/workshop/ros2_tutorial_workspace/src/build/python_package_with_a_node/prefix_override:/usr/lib/python3/dist-packages/colcon_core/task/python/colcon_distutils_commands:/home/max/University/Robotics and Automation/week2/workshop/ros2_tutorial_workspace/src/install/python_package_with_a_node/lib/python3.10/site-packages:${PYTHONPATH} /usr/bin/python3 -W ignore:setup.py install is deprecated setup.py egg_info --egg-base ../build/python_package_with_a_node build --build-base /home/max/University/Robotics and Automation/week2/workshop/ros2_tutorial_workspace/src/build/python_package_with_a_node/build install --record /home/max/University/Robotics and Automation/week2/workshop/ros2_tutorial_workspace/src/build/python_package_with_a_node/install.log --single-version-externally-managed install_data
[1.261s] DEBUG:colcon.colcon_core.event_handler.log_command:Invoked command in '/home/max/University/Robotics and Automation/week2/workshop/ros2_tutorial_workspace/src/the_simplest_python_package' returned '0': PYTHONPATH=/home/max/University/Robotics and Automation/week2/workshop/ros2_tutorial_workspace/src/build/the_simplest_python_package/prefix_override:/usr/lib/python3/dist-packages/colcon_core/task/python/colcon_distutils_commands:/home/max/University/Robotics and Automation/week2/workshop/ros2_tutorial_workspace/src/install/the_simplest_python_package/lib/python3.10/site-packages:${PYTHONPATH} /usr/bin/python3 -W ignore:setup.py install is deprecated setup.py egg_info --egg-base ../build/the_simplest_python_package build --build-base /home/max/University/Robotics and Automation/week2/workshop/ros2_tutorial_workspace/src/build/the_simplest_python_package/build install --record /home/max/University/Robotics and Automation/week2/workshop/ros2_tutorial_workspace/src/build/the_simplest_python_package/install.log --single-version-externally-managed install_data
[1.268s] Level 1:colcon.colcon_core.environment:checking '/home/max/University/Robotics and Automation/week2/workshop/ros2_tutorial_workspace/src/install/the_simplest_python_package' for CMake module files
[1.268s] Level 1:colcon.colcon_core.environment:checking '/home/max/University/Robotics and Automation/week2/workshop/ros2_tutorial_workspace/src/install/the_simplest_python_package' for CMake config files
[1.269s] Level 1:colcon.colcon_core.environment:checking '/home/max/University/Robotics and Automation/week2/workshop/ros2_tutorial_workspace/src/install/the_simplest_python_package/lib'
[1.269s] Level 1:colcon.colcon_core.environment:checking '/home/max/University/Robotics and Automation/week2/workshop/ros2_tutorial_workspace/src/install/the_simplest_python_package/bin'
[1.269s] Level 1:colcon.colcon_core.environment:checking '/home/max/University/Robotics and Automation/week2/workshop/ros2_tutorial_workspace/src/install/the_simplest_python_package/lib/pkgconfig/the_simplest_python_package.pc'
[1.269s] Level 1:colcon.colcon_core.environment:checking '/home/max/University/Robotics and Automation/week2/workshop/ros2_tutorial_workspace/src/install/the_simplest_python_package/lib/python3.10/site-packages'
[1.270s] Level 1:colcon.colcon_core.shell:create_environment_hook('the_simplest_python_package', 'pythonpath')
[1.270s] INFO:colcon.colcon_core.shell:Creating environment hook '/home/max/University/Robotics and Automation/week2/workshop/ros2_tutorial_workspace/src/install/the_simplest_python_package/share/the_simplest_python_package/hook/pythonpath.ps1'
[1.270s] INFO:colcon.colcon_core.shell:Creating environment descriptor '/home/max/University/Robotics and Automation/week2/workshop/ros2_tutorial_workspace/src/install/the_simplest_python_package/share/the_simplest_python_package/hook/pythonpath.dsv'
[1.271s] INFO:colcon.colcon_core.shell:Creating environment hook '/home/max/University/Robotics and Automation/week2/workshop/ros2_tutorial_workspace/src/install/the_simplest_python_package/share/the_simplest_python_package/hook/pythonpath.sh'
[1.271s] Level 1:colcon.colcon_core.environment:checking '/home/max/University/Robotics and Automation/week2/workshop/ros2_tutorial_workspace/src/install/the_simplest_python_package/bin'
[1.271s] Level 1:colcon.colcon_core.environment:create_environment_scripts_only(the_simplest_python_package)
[1.272s] INFO:colcon.colcon_core.shell:Creating package script '/home/max/University/Robotics and Automation/week2/workshop/ros2_tutorial_workspace/src/install/the_simplest_python_package/share/the_simplest_python_package/package.ps1'
[1.273s] INFO:colcon.colcon_core.shell:Creating package descriptor '/home/max/University/Robotics and Automation/week2/workshop/ros2_tutorial_workspace/src/install/the_simplest_python_package/share/the_simplest_python_package/package.dsv'
[1.274s] INFO:colcon.colcon_core.shell:Creating package script '/home/max/University/Robotics and Automation/week2/workshop/ros2_tutorial_workspace/src/install/the_simplest_python_package/share/the_simplest_python_package/package.sh'
[1.275s] INFO:colcon.colcon_core.shell:Creating package script '/home/max/University/Robotics and Automation/week2/workshop/ros2_tutorial_workspace/src/install/the_simplest_python_package/share/the_simplest_python_package/package.bash'
[1.276s] INFO:colcon.colcon_core.shell:Creating package script '/home/max/University/Robotics and Automation/week2/workshop/ros2_tutorial_workspace/src/install/the_simplest_python_package/share/the_simplest_python_package/package.zsh'
[1.276s] Level 1:colcon.colcon_core.environment:create_file_with_runtime_dependencies(/home/max/University/Robotics and Automation/week2/workshop/ros2_tutorial_workspace/src/install/the_simplest_python_package/share/colcon-core/packages/the_simplest_python_package)
[1.308s] Level 1:colcon.colcon_core.environment:checking '/home/max/University/Robotics and Automation/week2/workshop/ros2_tutorial_workspace/src/install/python_package_with_a_node' for CMake module files
[1.309s] DEBUG:colcon.colcon_core.event_handler.log_command:Invoked command in '/home/max/University/Robotics and Automation/week2/workshop/ros2_tutorial_workspace/src/python_package_with_a_node' returned '0': PYTHONPATH=/home/max/University/Robotics and Automation/week2/workshop/ros2_tutorial_workspace/src/build/python_package_with_a_node/prefix_override:/usr/lib/python3/dist-packages/colcon_core/task/python/colcon_distutils_commands:/home/max/University/Robotics and Automation/week2/workshop/ros2_tutorial_workspace/src/install/python_package_with_a_node/lib/python3.10/site-packages:${PYTHONPATH} /usr/bin/python3 -W ignore:setup.py install is deprecated setup.py egg_info --egg-base ../build/python_package_with_a_node build --build-base /home/max/University/Robotics and Automation/week2/workshop/ros2_tutorial_workspace/src/build/python_package_with_a_node/build install --record /home/max/University/Robotics and Automation/week2/workshop/ros2_tutorial_workspace/src/build/python_package_with_a_node/install.log --single-version-externally-managed install_data
[1.310s] Level 1:colcon.colcon_core.environment:checking '/home/max/University/Robotics and Automation/week2/workshop/ros2_tutorial_workspace/src/install/python_package_with_a_node' for CMake config files
[1.310s] Level 1:colcon.colcon_core.environment:checking '/home/max/University/Robotics and Automation/week2/workshop/ros2_tutorial_workspace/src/install/python_package_with_a_node/lib'
[1.310s] Level 1:colcon.colcon_core.environment:checking '/home/max/University/Robotics and Automation/week2/workshop/ros2_tutorial_workspace/src/install/python_package_with_a_node/bin'
[1.310s] Level 1:colcon.colcon_core.environment:checking '/home/max/University/Robotics and Automation/week2/workshop/ros2_tutorial_workspace/src/install/python_package_with_a_node/lib/pkgconfig/python_package_with_a_node.pc'
[1.311s] Level 1:colcon.colcon_core.environment:checking '/home/max/University/Robotics and Automation/week2/workshop/ros2_tutorial_workspace/src/install/python_package_with_a_node/lib/python3.10/site-packages'
[1.311s] Level 1:colcon.colcon_core.shell:create_environment_hook('python_package_with_a_node', 'pythonpath')
[1.311s] INFO:colcon.colcon_core.shell:Creating environment hook '/home/max/University/Robotics and Automation/week2/workshop/ros2_tutorial_workspace/src/install/python_package_with_a_node/share/python_package_with_a_node/hook/pythonpath.ps1'
[1.312s] INFO:colcon.colcon_core.shell:Creating environment descriptor '/home/max/University/Robotics and Automation/week2/workshop/ros2_tutorial_workspace/src/install/python_package_with_a_node/share/python_package_with_a_node/hook/pythonpath.dsv'
[1.312s] INFO:colcon.colcon_core.shell:Creating environment hook '/home/max/University/Robotics and Automation/week2/workshop/ros2_tutorial_workspace/src/install/python_package_with_a_node/share/python_package_with_a_node/hook/pythonpath.sh'
[1.313s] Level 1:colcon.colcon_core.environment:checking '/home/max/University/Robotics and Automation/week2/workshop/ros2_tutorial_workspace/src/install/python_package_with_a_node/bin'
[1.313s] Level 1:colcon.colcon_core.environment:create_environment_scripts_only(python_package_with_a_node)
[1.313s] INFO:colcon.colcon_core.shell:Creating package script '/home/max/University/Robotics and Automation/week2/workshop/ros2_tutorial_workspace/src/install/python_package_with_a_node/share/python_package_with_a_node/package.ps1'
[1.314s] INFO:colcon.colcon_core.shell:Creating package descriptor '/home/max/University/Robotics and Automation/week2/workshop/ros2_tutorial_workspace/src/install/python_package_with_a_node/share/python_package_with_a_node/package.dsv'
[1.314s] INFO:colcon.colcon_core.shell:Creating package script '/home/max/University/Robotics and Automation/week2/workshop/ros2_tutorial_workspace/src/install/python_package_with_a_node/share/python_package_with_a_node/package.sh'
[1.315s] INFO:colcon.colcon_core.shell:Creating package script '/home/max/University/Robotics and Automation/week2/workshop/ros2_tutorial_workspace/src/install/python_package_with_a_node/share/python_package_with_a_node/package.bash'
[1.315s] INFO:colcon.colcon_core.shell:Creating package script '/home/max/University/Robotics and Automation/week2/workshop/ros2_tutorial_workspace/src/install/python_package_with_a_node/share/python_package_with_a_node/package.zsh'
[1.316s] Level 1:colcon.colcon_core.environment:create_file_with_runtime_dependencies(/home/max/University/Robotics and Automation/week2/workshop/ros2_tutorial_workspace/src/install/python_package_with_a_node/share/colcon-core/packages/python_package_with_a_node)
[2.547s] DEBUG:colcon.colcon_core.event_handler.log_command:Invoked command in '/home/max/University/Robotics and Automation/week2/workshop/ros2_tutorial_workspace/src/build/package_with_interfaces' returned '0': CMAKE_PREFIX_PATH=/opt/ros/humble /usr/bin/cmake /home/max/University/Robotics and Automation/week2/workshop/ros2_tutorial_workspace/src/package_with_interfaces -DCMAKE_INSTALL_PREFIX=/home/max/University/Robotics and Automation/week2/workshop/ros2_tutorial_workspace/src/install/package_with_interfaces
[2.548s] DEBUG:colcon.colcon_core.event_handler.log_command:Invoking command in '/home/max/University/Robotics and Automation/week2/workshop/ros2_tutorial_workspace/src/build/package_with_interfaces': CMAKE_PREFIX_PATH=/opt/ros/humble /usr/bin/cmake --build /home/max/University/Robotics and Automation/week2/workshop/ros2_tutorial_workspace/src/build/package_with_interfaces -- -j12 -l12
[5.030s] DEBUG:colcon.colcon_core.event_handler.log_command:Invoked command in '/home/max/University/Robotics and Automation/week2/workshop/ros2_tutorial_workspace/src/build/package_with_interfaces' returned '0': CMAKE_PREFIX_PATH=/opt/ros/humble /usr/bin/cmake --build /home/max/University/Robotics and Automation/week2/workshop/ros2_tutorial_workspace/src/build/package_with_interfaces -- -j12 -l12
[5.169s] DEBUG:colcon.colcon_core.event_handler.log_command:Invoking command in '/home/max/University/Robotics and Automation/week2/workshop/ros2_tutorial_workspace/src/build/package_with_interfaces': CMAKE_PREFIX_PATH=/opt/ros/humble /usr/bin/cmake --install /home/max/University/Robotics and Automation/week2/workshop/ros2_tutorial_workspace/src/build/package_with_interfaces
[5.271s] Level 1:colcon.colcon_core.environment:create_environment_scripts_only(package_with_interfaces)
[5.272s] Level 1:colcon.colcon_core.environment:checking '/home/max/University/Robotics and Automation/week2/workshop/ros2_tutorial_workspace/src/install/package_with_interfaces' for CMake module files
[5.273s] DEBUG:colcon.colcon_core.event_handler.log_command:Invoked command in '/home/max/University/Robotics and Automation/week2/workshop/ros2_tutorial_workspace/src/build/package_with_interfaces' returned '0': CMAKE_PREFIX_PATH=/opt/ros/humble /usr/bin/cmake --install /home/max/University/Robotics and Automation/week2/workshop/ros2_tutorial_workspace/src/build/package_with_interfaces
[5.273s] Level 1:colcon.colcon_core.environment:checking '/home/max/University/Robotics and Automation/week2/workshop/ros2_tutorial_workspace/src/install/package_with_interfaces' for CMake config files
[5.274s] Level 1:colcon.colcon_core.shell:create_environment_hook('package_with_interfaces', 'cmake_prefix_path')
[5.274s] INFO:colcon.colcon_core.shell:Creating environment hook '/home/max/University/Robotics and Automation/week2/workshop/ros2_tutorial_workspace/src/install/package_with_interfaces/share/package_with_interfaces/hook/cmake_prefix_path.ps1'
[5.275s] INFO:colcon.colcon_core.shell:Creating environment descriptor '/home/max/University/Robotics and Automation/week2/workshop/ros2_tutorial_workspace/src/install/package_with_interfaces/share/package_with_interfaces/hook/cmake_prefix_path.dsv'
[5.275s] INFO:colcon.colcon_core.shell:Creating environment hook '/home/max/University/Robotics and Automation/week2/workshop/ros2_tutorial_workspace/src/install/package_with_interfaces/share/package_with_interfaces/hook/cmake_prefix_path.sh'
[5.276s] Level 1:colcon.colcon_core.environment:checking '/home/max/University/Robotics and Automation/week2/workshop/ros2_tutorial_workspace/src/install/package_with_interfaces/lib'
[5.276s] Level 1:colcon.colcon_core.shell:create_environment_hook('package_with_interfaces', 'ld_library_path_lib')
[5.276s] INFO:colcon.colcon_core.shell:Creating environment hook '/home/max/University/Robotics and Automation/week2/workshop/ros2_tutorial_workspace/src/install/package_with_interfaces/share/package_with_interfaces/hook/ld_library_path_lib.ps1'
[5.277s] INFO:colcon.colcon_core.shell:Creating environment descriptor '/home/max/University/Robotics and Automation/week2/workshop/ros2_tutorial_workspace/src/install/package_with_interfaces/share/package_with_interfaces/hook/ld_library_path_lib.dsv'
[5.277s] INFO:colcon.colcon_core.shell:Creating environment hook '/home/max/University/Robotics and Automation/week2/workshop/ros2_tutorial_workspace/src/install/package_with_interfaces/share/package_with_interfaces/hook/ld_library_path_lib.sh'
[5.277s] Level 1:colcon.colcon_core.environment:checking '/home/max/University/Robotics and Automation/week2/workshop/ros2_tutorial_workspace/src/install/package_with_interfaces/bin'
[5.277s] Level 1:colcon.colcon_core.environment:checking '/home/max/University/Robotics and Automation/week2/workshop/ros2_tutorial_workspace/src/install/package_with_interfaces/lib/pkgconfig/package_with_interfaces.pc'
[5.278s] Level 1:colcon.colcon_core.environment:checking '/home/max/University/Robotics and Automation/week2/workshop/ros2_tutorial_workspace/src/install/package_with_interfaces/lib/python3.10/site-packages'
[5.278s] Level 1:colcon.colcon_core.environment:checking '/home/max/University/Robotics and Automation/week2/workshop/ros2_tutorial_workspace/src/install/package_with_interfaces/bin'
[5.278s] INFO:colcon.colcon_core.shell:Creating package script '/home/max/University/Robotics and Automation/week2/workshop/ros2_tutorial_workspace/src/install/package_with_interfaces/share/package_with_interfaces/package.ps1'
[5.279s] INFO:colcon.colcon_core.shell:Creating package descriptor '/home/max/University/Robotics and Automation/week2/workshop/ros2_tutorial_workspace/src/install/package_with_interfaces/share/package_with_interfaces/package.dsv'
[5.279s] INFO:colcon.colcon_core.shell:Creating package script '/home/max/University/Robotics and Automation/week2/workshop/ros2_tutorial_workspace/src/install/package_with_interfaces/share/package_with_interfaces/package.sh'
[5.280s] INFO:colcon.colcon_core.shell:Creating package script '/home/max/University/Robotics and Automation/week2/workshop/ros2_tutorial_workspace/src/install/package_with_interfaces/share/package_with_interfaces/package.bash'
[5.280s] INFO:colcon.colcon_core.shell:Creating package script '/home/max/University/Robotics and Automation/week2/workshop/ros2_tutorial_workspace/src/install/package_with_interfaces/share/package_with_interfaces/package.zsh'
[5.281s] Level 1:colcon.colcon_core.environment:create_file_with_runtime_dependencies(/home/max/University/Robotics and Automation/week2/workshop/ros2_tutorial_workspace/src/install/package_with_interfaces/share/colcon-core/packages/package_with_interfaces)
[5.422s] Level 1:colcon.colcon_core.environment:create_environment_scripts_only(package_with_interfaces)
[5.423s] Level 1:colcon.colcon_core.environment:checking '/home/max/University/Robotics and Automation/week2/workshop/ros2_tutorial_workspace/src/install/package_with_interfaces' for CMake module files
[5.423s] Level 1:colcon.colcon_core.environment:checking '/home/max/University/Robotics and Automation/week2/workshop/ros2_tutorial_workspace/src/install/package_with_interfaces' for CMake config files
[5.424s] Level 1:colcon.colcon_core.shell:create_environment_hook('package_with_interfaces', 'cmake_prefix_path')
[5.424s] INFO:colcon.colcon_core.shell:Creating environment hook '/home/max/University/Robotics and Automation/week2/workshop/ros2_tutorial_workspace/src/install/package_with_interfaces/share/package_with_interfaces/hook/cmake_prefix_path.ps1'
[5.425s] INFO:colcon.colcon_core.shell:Creating environment descriptor '/home/max/University/Robotics and Automation/week2/workshop/ros2_tutorial_workspace/src/install/package_with_interfaces/share/package_with_interfaces/hook/cmake_prefix_path.dsv'
[5.425s] INFO:colcon.colcon_core.shell:Creating environment hook '/home/max/University/Robotics and Automation/week2/workshop/ros2_tutorial_workspace/src/install/package_with_interfaces/share/package_with_interfaces/hook/cmake_prefix_path.sh'
[5.426s] Level 1:colcon.colcon_core.environment:checking '/home/max/University/Robotics and Automation/week2/workshop/ros2_tutorial_workspace/src/install/package_with_interfaces/lib'
[5.426s] Level 1:colcon.colcon_core.shell:create_environment_hook('package_with_interfaces', 'ld_library_path_lib')
[5.426s] INFO:colcon.colcon_core.shell:Creating environment hook '/home/max/University/Robotics and Automation/week2/workshop/ros2_tutorial_workspace/src/install/package_with_interfaces/share/package_with_interfaces/hook/ld_library_path_lib.ps1'
[5.427s] INFO:colcon.colcon_core.shell:Creating environment descriptor '/home/max/University/Robotics and Automation/week2/workshop/ros2_tutorial_workspace/src/install/package_with_interfaces/share/package_with_interfaces/hook/ld_library_path_lib.dsv'
[5.427s] INFO:colcon.colcon_core.shell:Creating environment hook '/home/max/University/Robotics and Automation/week2/workshop/ros2_tutorial_workspace/src/install/package_with_interfaces/share/package_with_interfaces/hook/ld_library_path_lib.sh'
[5.428s] Level 1:colcon.colcon_core.environment:checking '/home/max/University/Robotics and Automation/week2/workshop/ros2_tutorial_workspace/src/install/package_with_interfaces/bin'
[5.428s] Level 1:colcon.colcon_core.environment:checking '/home/max/University/Robotics and Automation/week2/workshop/ros2_tutorial_workspace/src/install/package_with_interfaces/lib/pkgconfig/package_with_interfaces.pc'
[5.428s] Level 1:colcon.colcon_core.environment:checking '/home/max/University/Robotics and Automation/week2/workshop/ros2_tutorial_workspace/src/install/package_with_interfaces/lib/python3.10/site-packages'
[5.428s] Level 1:colcon.colcon_core.environment:checking '/home/max/University/Robotics and Automation/week2/workshop/ros2_tutorial_workspace/src/install/package_with_interfaces/bin'
[5.429s] INFO:colcon.colcon_core.shell:Creating package script '/home/max/University/Robotics and Automation/week2/workshop/ros2_tutorial_workspace/src/install/package_with_interfaces/share/package_with_interfaces/package.ps1'
[5.429s] INFO:colcon.colcon_core.shell:Creating package descriptor '/home/max/University/Robotics and Automation/week2/workshop/ros2_tutorial_workspace/src/install/package_with_interfaces/share/package_with_interfaces/package.dsv'
[5.430s] INFO:colcon.colcon_core.shell:Creating package script '/home/max/University/Robotics and Automation/week2/workshop/ros2_tutorial_workspace/src/install/package_with_interfaces/share/package_with_interfaces/package.sh'
[5.431s] INFO:colcon.colcon_core.shell:Creating package script '/home/max/University/Robotics and Automation/week2/workshop/ros2_tutorial_workspace/src/install/package_with_interfaces/share/package_with_interfaces/package.bash'
[5.432s] INFO:colcon.colcon_core.shell:Creating package script '/home/max/University/Robotics and Automation/week2/workshop/ros2_tutorial_workspace/src/install/package_with_interfaces/share/package_with_interfaces/package.zsh'
[5.432s] Level 1:colcon.colcon_core.environment:create_file_with_runtime_dependencies(/home/max/University/Robotics and Automation/week2/workshop/ros2_tutorial_workspace/src/install/package_with_interfaces/share/colcon-core/packages/package_with_interfaces)
[5.432s] DEBUG:colcon.colcon_parallel_executor.executor.parallel:closing loop
[5.433s] DEBUG:colcon.colcon_parallel_executor.executor.parallel:loop closed
[5.433s] DEBUG:colcon.colcon_parallel_executor.executor.parallel:run_until_complete finished with '0'
[5.433s] DEBUG:colcon.colcon_core.event_reactor:joining thread
[5.441s] INFO:colcon.colcon_core.plugin_system:Skipping extension 'colcon_notification.desktop_notification.terminal_notifier': Not used on non-Darwin systems
[5.441s] INFO:colcon.colcon_core.plugin_system:Skipping extension 'colcon_notification.desktop_notification.win32': Not used on non-Windows systems
[5.441s] INFO:colcon.colcon_notification.desktop_notification:Sending desktop notification using 'notify2'
[5.468s] DEBUG:colcon.colcon_core.event_reactor:joined thread
[5.469s] INFO:colcon.colcon_core.shell:Creating prefix script '/home/max/University/Robotics and Automation/week2/workshop/ros2_tutorial_workspace/src/install/local_setup.ps1'
[5.471s] INFO:colcon.colcon_core.shell:Creating prefix util module '/home/max/University/Robotics and Automation/week2/workshop/ros2_tutorial_workspace/src/install/_local_setup_util_ps1.py'
[5.475s] INFO:colcon.colcon_core.shell:Creating prefix chain script '/home/max/University/Robotics and Automation/week2/workshop/ros2_tutorial_workspace/src/install/setup.ps1'
[5.478s] INFO:colcon.colcon_core.shell:Creating prefix script '/home/max/University/Robotics and Automation/week2/workshop/ros2_tutorial_workspace/src/install/local_setup.sh'
[5.481s] INFO:colcon.colcon_core.shell:Creating prefix util module '/home/max/University/Robotics and Automation/week2/workshop/ros2_tutorial_workspace/src/install/_local_setup_util_sh.py'
[5.482s] INFO:colcon.colcon_core.shell:Creating prefix chain script '/home/max/University/Robotics and Automation/week2/workshop/ros2_tutorial_workspace/src/install/setup.sh'
[5.486s] INFO:colcon.colcon_core.shell:Creating prefix script '/home/max/University/Robotics and Automation/week2/workshop/ros2_tutorial_workspace/src/install/local_setup.bash'
[5.489s] INFO:colcon.colcon_core.shell:Creating prefix chain script '/home/max/University/Robotics and Automation/week2/workshop/ros2_tutorial_workspace/src/install/setup.bash'
[5.491s] INFO:colcon.colcon_core.shell:Creating prefix script '/home/max/University/Robotics and Automation/week2/workshop/ros2_tutorial_workspace/src/install/local_setup.zsh'
[5.492s] INFO:colcon.colcon_core.shell:Creating prefix chain script '/home/max/University/Robotics and Automation/week2/workshop/ros2_tutorial_workspace/src/install/setup.zsh'
