[0.812s] Invoking command in '/home/max/University/Robotics and Automation/week2/workshop/ros2_tutorial_workspace/src/the_simplest_python_package': PYTHONPATH=/home/max/University/Robotics and Automation/week2/workshop/ros2_tutorial_workspace/src/build/the_simplest_python_package/prefix_override:/usr/lib/python3/dist-packages/colcon_core/task/python/colcon_distutils_commands:/home/max/University/Robotics and Automation/week2/workshop/ros2_tutorial_workspace/src/install/the_simplest_python_package/lib/python3.10/site-packages:${PYTHONPATH} /usr/bin/python3 -W ignore:setup.py install is deprecated setup.py egg_info --egg-base ../build/the_simplest_python_package build --build-base /home/max/University/Robotics and Automation/week2/workshop/ros2_tutorial_workspace/src/build/the_simplest_python_package/build install --record /home/max/University/Robotics and Automation/week2/workshop/ros2_tutorial_workspace/src/build/the_simplest_python_package/install.log --single-version-externally-managed install_data
[0.951s] running egg_info
[0.952s] creating ../build/the_simplest_python_package/the_simplest_python_package.egg-info
[0.952s] writing ../build/the_simplest_python_package/the_simplest_python_package.egg-info/PKG-INFO
[0.952s] writing dependency_links to ../build/the_simplest_python_package/the_simplest_python_package.egg-info/dependency_links.txt
[0.952s] writing entry points to ../build/the_simplest_python_package/the_simplest_python_package.egg-info/entry_points.txt
[0.952s] writing requirements to ../build/the_simplest_python_package/the_simplest_python_package.egg-info/requires.txt
[0.952s] writing top-level names to ../build/the_simplest_python_package/the_simplest_python_package.egg-info/top_level.txt
[0.953s] writing manifest file '../build/the_simplest_python_package/the_simplest_python_package.egg-info/SOURCES.txt'
[0.953s] reading manifest file '../build/the_simplest_python_package/the_simplest_python_package.egg-info/SOURCES.txt'
[0.954s] writing manifest file '../build/the_simplest_python_package/the_simplest_python_package.egg-info/SOURCES.txt'
[0.954s] running build
[0.954s] running build_py
[0.954s] creating /home/max/University/Robotics and Automation/week2/workshop/ros2_tutorial_workspace/src/build/the_simplest_python_package/build
[0.954s] creating /home/max/University/Robotics and Automation/week2/workshop/ros2_tutorial_workspace/src/build/the_simplest_python_package/build/lib
[0.954s] creating /home/max/University/Robotics and Automation/week2/workshop/ros2_tutorial_workspace/src/build/the_simplest_python_package/build/lib/the_simplest_python_package
[0.954s] copying the_simplest_python_package/__init__.py -> /home/max/University/Robotics and Automation/week2/workshop/ros2_tutorial_workspace/src/build/the_simplest_python_package/build/lib/the_simplest_python_package
[0.954s] running install
[0.954s] running install_lib
[0.955s] creating /home/max/University/Robotics and Automation/week2/workshop/ros2_tutorial_workspace/src/install/the_simplest_python_package/lib/python3.10/site-packages/the_simplest_python_package
[0.955s] copying /home/max/University/Robotics and Automation/week2/workshop/ros2_tutorial_workspace/src/build/the_simplest_python_package/build/lib/the_simplest_python_package/__init__.py -> /home/max/University/Robotics and Automation/week2/workshop/ros2_tutorial_workspace/src/install/the_simplest_python_package/lib/python3.10/site-packages/the_simplest_python_package
[0.955s] byte-compiling /home/max/University/Robotics and Automation/week2/workshop/ros2_tutorial_workspace/src/install/the_simplest_python_package/lib/python3.10/site-packages/the_simplest_python_package/__init__.py to __init__.cpython-310.pyc
[0.955s] running install_data
[0.955s] creating /home/max/University/Robotics and Automation/week2/workshop/ros2_tutorial_workspace/src/install/the_simplest_python_package/share/ament_index
[0.955s] creating /home/max/University/Robotics and Automation/week2/workshop/ros2_tutorial_workspace/src/install/the_simplest_python_package/share/ament_index/resource_index
[0.955s] creating /home/max/University/Robotics and Automation/week2/workshop/ros2_tutorial_workspace/src/install/the_simplest_python_package/share/ament_index/resource_index/packages
[0.955s] copying resource/the_simplest_python_package -> /home/max/University/Robotics and Automation/week2/workshop/ros2_tutorial_workspace/src/install/the_simplest_python_package/share/ament_index/resource_index/packages
[0.955s] copying package.xml -> /home/max/University/Robotics and Automation/week2/workshop/ros2_tutorial_workspace/src/install/the_simplest_python_package/share/the_simplest_python_package
[0.955s] running install_egg_info
[0.956s] Copying ../build/the_simplest_python_package/the_simplest_python_package.egg-info to /home/max/University/Robotics and Automation/week2/workshop/ros2_tutorial_workspace/src/install/the_simplest_python_package/lib/python3.10/site-packages/the_simplest_python_package-0.0.0-py3.10.egg-info
[0.956s] running install_scripts
[0.970s] writing list of installed files to '/home/max/University/Robotics and Automation/week2/workshop/ros2_tutorial_workspace/src/build/the_simplest_python_package/install.log'
[0.990s] Invoked command in '/home/max/University/Robotics and Automation/week2/workshop/ros2_tutorial_workspace/src/the_simplest_python_package' returned '0': PYTHONPATH=/home/max/University/Robotics and Automation/week2/workshop/ros2_tutorial_workspace/src/build/the_simplest_python_package/prefix_override:/usr/lib/python3/dist-packages/colcon_core/task/python/colcon_distutils_commands:/home/max/University/Robotics and Automation/week2/workshop/ros2_tutorial_workspace/src/install/the_simplest_python_package/lib/python3.10/site-packages:${PYTHONPATH} /usr/bin/python3 -W ignore:setup.py install is deprecated setup.py egg_info --egg-base ../build/the_simplest_python_package build --build-base /home/max/University/Robotics and Automation/week2/workshop/ros2_tutorial_workspace/src/build/the_simplest_python_package/build install --record /home/max/University/Robotics and Automation/week2/workshop/ros2_tutorial_workspace/src/build/the_simplest_python_package/install.log --single-version-externally-managed install_data
