[0.038s] Invoking command in '/home/max/University/Robotics and Automation/week2/workshop/ros2_tutorial_workspace/build/package_with_interfaces': CMAKE_PREFIX_PATH=/opt/ros/humble /usr/bin/cmake --build /home/max/University/Robotics and Automation/week2/workshop/ros2_tutorial_workspace/build/package_with_interfaces -- -j12 -l12
[0.295s] [35m[1mConsolidate compiler generated dependencies of target package_with_interfaces__rosidl_generator_c[0m
[0.296s] [  2%] Built target package_with_interfaces__cpp
[0.296s] [ 12%] Built target package_with_interfaces__rosidl_generator_c
[0.296s] [35m[1mConsolidate compiler generated dependencies of target package_with_interfaces__rosidl_typesupport_introspection_cpp[0m
[0.296s] [ 12%] Built target ament_cmake_python_copy_package_with_interfaces
[0.296s] [35m[1mConsolidate compiler generated dependencies of target package_with_interfaces__rosidl_typesupport_cpp[0m
[0.296s] [35m[1mConsolidate compiler generated dependencies of target package_with_interfaces__rosidl_typesupport_introspection_c[0m
[0.297s] [35m[1mConsolidate compiler generated dependencies of target package_with_interfaces__rosidl_typesupport_fastrtps_cpp[0m
[0.297s] [35m[1mConsolidate compiler generated dependencies of target package_with_interfaces__rosidl_typesupport_c[0m
[0.297s] [35m[1mConsolidate compiler generated dependencies of target package_with_interfaces__rosidl_typesupport_fastrtps_c[0m
[0.297s] [ 23%] Built target package_with_interfaces__rosidl_typesupport_introspection_cpp
[0.297s] [ 35%] Built target package_with_interfaces__rosidl_typesupport_c
[0.297s] [ 51%] Built target package_with_interfaces__rosidl_typesupport_cpp
[0.297s] [ 53%] Built target package_with_interfaces__rosidl_typesupport_introspection_c
[0.297s] [ 64%] Built target package_with_interfaces__rosidl_typesupport_fastrtps_cpp
[0.297s] [ 74%] Built target package_with_interfaces__rosidl_typesupport_fastrtps_c
[0.297s] [ 74%] Built target package_with_interfaces
[0.298s] [ 76%] Built target package_with_interfaces__py
[0.298s] [35m[1mConsolidate compiler generated dependencies of target package_with_interfaces__rosidl_generator_py[0m
[0.298s] [ 84%] Built target package_with_interfaces__rosidl_generator_py
[0.308s] [35m[1mConsolidate compiler generated dependencies of target package_with_interfaces__rosidl_typesupport_introspection_c__pyext[0m
[0.309s] [35m[1mConsolidate compiler generated dependencies of target package_with_interfaces__rosidl_typesupport_fastrtps_c__pyext[0m
[0.309s] [35m[1mConsolidate compiler generated dependencies of target package_with_interfaces__rosidl_typesupport_c__pyext[0m
[0.322s] [100%] Built target package_with_interfaces__rosidl_typesupport_c__pyext
[0.322s] [100%] Built target package_with_interfaces__rosidl_typesupport_fastrtps_c__pyext
[0.322s] [100%] Built target package_with_interfaces__rosidl_typesupport_introspection_c__pyext
[0.361s] running egg_info
[0.361s] writing package_with_interfaces.egg-info/PKG-INFO
[0.362s] writing dependency_links to package_with_interfaces.egg-info/dependency_links.txt
[0.362s] writing top-level names to package_with_interfaces.egg-info/top_level.txt
[0.363s] reading manifest file 'package_with_interfaces.egg-info/SOURCES.txt'
[0.364s] writing manifest file 'package_with_interfaces.egg-info/SOURCES.txt'
[0.387s] [100%] Built target ament_cmake_python_build_package_with_interfaces_egg
[0.457s] Invoked command in '/home/max/University/Robotics and Automation/week2/workshop/ros2_tutorial_workspace/build/package_with_interfaces' returned '0': CMAKE_PREFIX_PATH=/opt/ros/humble /usr/bin/cmake --build /home/max/University/Robotics and Automation/week2/workshop/ros2_tutorial_workspace/build/package_with_interfaces -- -j12 -l12
[0.563s] Invoking command in '/home/max/University/Robotics and Automation/week2/workshop/ros2_tutorial_workspace/build/package_with_interfaces': CMAKE_PREFIX_PATH=/opt/ros/humble /usr/bin/cmake --install /home/max/University/Robotics and Automation/week2/workshop/ros2_tutorial_workspace/build/package_with_interfaces
[0.572s] -- Install configuration: ""
[0.573s] -- Up-to-date: /home/max/University/Robotics and Automation/week2/workshop/ros2_tutorial_workspace/install/package_with_interfaces/share/ament_index/resource_index/rosidl_interfaces/package_with_interfaces
[0.573s] -- Up-to-date: /home/max/University/Robotics and Automation/week2/workshop/ros2_tutorial_workspace/install/package_with_interfaces/include/package_with_interfaces/package_with_interfaces
[0.573s] -- Up-to-date: /home/max/University/Robotics and Automation/week2/workshop/ros2_tutorial_workspace/install/package_with_interfaces/include/package_with_interfaces/package_with_interfaces/msg
[0.573s] -- Up-to-date: /home/max/University/Robotics and Automation/week2/workshop/ros2_tutorial_workspace/install/package_with_interfaces/include/package_with_interfaces/package_with_interfaces/msg/detail
[0.573s] -- Up-to-date: /home/max/University/Robotics and Automation/week2/workshop/ros2_tutorial_workspace/install/package_with_interfaces/include/package_with_interfaces/package_with_interfaces/msg/detail/amazing_quote__functions.c
[0.573s] -- Up-to-date: /home/max/University/Robotics and Automation/week2/workshop/ros2_tutorial_workspace/install/package_with_interfaces/include/package_with_interfaces/package_with_interfaces/msg/detail/amazing_quote__type_support.h
[0.573s] -- Up-to-date: /home/max/University/Robotics and Automation/week2/workshop/ros2_tutorial_workspace/install/package_with_interfaces/include/package_with_interfaces/package_with_interfaces/msg/detail/amazing_quote__functions.h
[0.574s] -- Up-to-date: /home/max/University/Robotics and Automation/week2/workshop/ros2_tutorial_workspace/install/package_with_interfaces/include/package_with_interfaces/package_with_interfaces/msg/detail/amazing_quote__struct.h
[0.574s] -- Up-to-date: /home/max/University/Robotics and Automation/week2/workshop/ros2_tutorial_workspace/install/package_with_interfaces/include/package_with_interfaces/package_with_interfaces/msg/rosidl_generator_c__visibility_control.h
[0.574s] -- Up-to-date: /home/max/University/Robotics and Automation/week2/workshop/ros2_tutorial_workspace/install/package_with_interfaces/include/package_with_interfaces/package_with_interfaces/msg/amazing_quote.h
[0.574s] -- Up-to-date: /home/max/University/Robotics and Automation/week2/workshop/ros2_tutorial_workspace/install/package_with_interfaces/include/package_with_interfaces/package_with_interfaces/srv
[0.574s] -- Up-to-date: /home/max/University/Robotics and Automation/week2/workshop/ros2_tutorial_workspace/install/package_with_interfaces/include/package_with_interfaces/package_with_interfaces/srv/detail
[0.574s] -- Up-to-date: /home/max/University/Robotics and Automation/week2/workshop/ros2_tutorial_workspace/install/package_with_interfaces/include/package_with_interfaces/package_with_interfaces/srv/detail/what_is_the_point__functions.c
[0.574s] -- Up-to-date: /home/max/University/Robotics and Automation/week2/workshop/ros2_tutorial_workspace/install/package_with_interfaces/include/package_with_interfaces/package_with_interfaces/srv/detail/what_is_the_point__functions.h
[0.574s] -- Up-to-date: /home/max/University/Robotics and Automation/week2/workshop/ros2_tutorial_workspace/install/package_with_interfaces/include/package_with_interfaces/package_with_interfaces/srv/detail/what_is_the_point__type_support.h
[0.574s] -- Up-to-date: /home/max/University/Robotics and Automation/week2/workshop/ros2_tutorial_workspace/install/package_with_interfaces/include/package_with_interfaces/package_with_interfaces/srv/detail/what_is_the_point__struct.h
[0.574s] -- Up-to-date: /home/max/University/Robotics and Automation/week2/workshop/ros2_tutorial_workspace/install/package_with_interfaces/include/package_with_interfaces/package_with_interfaces/srv/what_is_the_point.h
[0.574s] -- Up-to-date: /home/max/University/Robotics and Automation/week2/workshop/ros2_tutorial_workspace/install/package_with_interfaces/share/package_with_interfaces/environment/library_path.sh
[0.575s] -- Up-to-date: /home/max/University/Robotics and Automation/week2/workshop/ros2_tutorial_workspace/install/package_with_interfaces/share/package_with_interfaces/environment/library_path.dsv
[0.575s] -- Up-to-date: /home/max/University/Robotics and Automation/week2/workshop/ros2_tutorial_workspace/install/package_with_interfaces/lib/libpackage_with_interfaces__rosidl_generator_c.so
[0.575s] -- Up-to-date: /home/max/University/Robotics and Automation/week2/workshop/ros2_tutorial_workspace/install/package_with_interfaces/include/package_with_interfaces/package_with_interfaces
[0.575s] -- Up-to-date: /home/max/University/Robotics and Automation/week2/workshop/ros2_tutorial_workspace/install/package_with_interfaces/include/package_with_interfaces/package_with_interfaces/msg
[0.575s] -- Up-to-date: /home/max/University/Robotics and Automation/week2/workshop/ros2_tutorial_workspace/install/package_with_interfaces/include/package_with_interfaces/package_with_interfaces/msg/rosidl_typesupport_fastrtps_c__visibility_control.h
[0.575s] -- Up-to-date: /home/max/University/Robotics and Automation/week2/workshop/ros2_tutorial_workspace/install/package_with_interfaces/include/package_with_interfaces/package_with_interfaces/msg/detail
[0.575s] -- Up-to-date: /home/max/University/Robotics and Automation/week2/workshop/ros2_tutorial_workspace/install/package_with_interfaces/include/package_with_interfaces/package_with_interfaces/msg/detail/amazing_quote__rosidl_typesupport_fastrtps_c.h
[0.575s] -- Up-to-date: /home/max/University/Robotics and Automation/week2/workshop/ros2_tutorial_workspace/install/package_with_interfaces/include/package_with_interfaces/package_with_interfaces/srv
[0.575s] -- Up-to-date: /home/max/University/Robotics and Automation/week2/workshop/ros2_tutorial_workspace/install/package_with_interfaces/include/package_with_interfaces/package_with_interfaces/srv/detail
[0.576s] -- Up-to-date: /home/max/University/Robotics and Automation/week2/workshop/ros2_tutorial_workspace/install/package_with_interfaces/include/package_with_interfaces/package_with_interfaces/srv/detail/what_is_the_point__rosidl_typesupport_fastrtps_c.h
[0.576s] -- Up-to-date: /home/max/University/Robotics and Automation/week2/workshop/ros2_tutorial_workspace/install/package_with_interfaces/lib/libpackage_with_interfaces__rosidl_typesupport_fastrtps_c.so
[0.576s] -- Up-to-date: /home/max/University/Robotics and Automation/week2/workshop/ros2_tutorial_workspace/install/package_with_interfaces/include/package_with_interfaces/package_with_interfaces
[0.576s] -- Up-to-date: /home/max/University/Robotics and Automation/week2/workshop/ros2_tutorial_workspace/install/package_with_interfaces/include/package_with_interfaces/package_with_interfaces/msg
[0.576s] -- Up-to-date: /home/max/University/Robotics and Automation/week2/workshop/ros2_tutorial_workspace/install/package_with_interfaces/include/package_with_interfaces/package_with_interfaces/msg/amazing_quote.hpp
[0.576s] -- Up-to-date: /home/max/University/Robotics and Automation/week2/workshop/ros2_tutorial_workspace/install/package_with_interfaces/include/package_with_interfaces/package_with_interfaces/msg/detail
[0.576s] -- Up-to-date: /home/max/University/Robotics and Automation/week2/workshop/ros2_tutorial_workspace/install/package_with_interfaces/include/package_with_interfaces/package_with_interfaces/msg/detail/amazing_quote__builder.hpp
[0.576s] -- Up-to-date: /home/max/University/Robotics and Automation/week2/workshop/ros2_tutorial_workspace/install/package_with_interfaces/include/package_with_interfaces/package_with_interfaces/msg/detail/amazing_quote__struct.hpp
[0.576s] -- Up-to-date: /home/max/University/Robotics and Automation/week2/workshop/ros2_tutorial_workspace/install/package_with_interfaces/include/package_with_interfaces/package_with_interfaces/msg/detail/amazing_quote__traits.hpp
[0.576s] -- Up-to-date: /home/max/University/Robotics and Automation/week2/workshop/ros2_tutorial_workspace/install/package_with_interfaces/include/package_with_interfaces/package_with_interfaces/srv
[0.576s] -- Up-to-date: /home/max/University/Robotics and Automation/week2/workshop/ros2_tutorial_workspace/install/package_with_interfaces/include/package_with_interfaces/package_with_interfaces/srv/detail
[0.577s] -- Up-to-date: /home/max/University/Robotics and Automation/week2/workshop/ros2_tutorial_workspace/install/package_with_interfaces/include/package_with_interfaces/package_with_interfaces/srv/detail/what_is_the_point__struct.hpp
[0.577s] -- Up-to-date: /home/max/University/Robotics and Automation/week2/workshop/ros2_tutorial_workspace/install/package_with_interfaces/include/package_with_interfaces/package_with_interfaces/srv/detail/what_is_the_point__builder.hpp
[0.577s] -- Up-to-date: /home/max/University/Robotics and Automation/week2/workshop/ros2_tutorial_workspace/install/package_with_interfaces/include/package_with_interfaces/package_with_interfaces/srv/detail/what_is_the_point__traits.hpp
[0.577s] -- Up-to-date: /home/max/University/Robotics and Automation/week2/workshop/ros2_tutorial_workspace/install/package_with_interfaces/include/package_with_interfaces/package_with_interfaces/srv/what_is_the_point.hpp
[0.577s] -- Up-to-date: /home/max/University/Robotics and Automation/week2/workshop/ros2_tutorial_workspace/install/package_with_interfaces/include/package_with_interfaces/package_with_interfaces
[0.577s] -- Up-to-date: /home/max/University/Robotics and Automation/week2/workshop/ros2_tutorial_workspace/install/package_with_interfaces/include/package_with_interfaces/package_with_interfaces/msg
[0.577s] -- Up-to-date: /home/max/University/Robotics and Automation/week2/workshop/ros2_tutorial_workspace/install/package_with_interfaces/include/package_with_interfaces/package_with_interfaces/msg/detail
[0.577s] -- Up-to-date: /home/max/University/Robotics and Automation/week2/workshop/ros2_tutorial_workspace/install/package_with_interfaces/include/package_with_interfaces/package_with_interfaces/msg/detail/amazing_quote__rosidl_typesupport_fastrtps_cpp.hpp
[0.577s] -- Up-to-date: /home/max/University/Robotics and Automation/week2/workshop/ros2_tutorial_workspace/install/package_with_interfaces/include/package_with_interfaces/package_with_interfaces/msg/detail/dds_fastrtps
[0.577s] -- Up-to-date: /home/max/University/Robotics and Automation/week2/workshop/ros2_tutorial_workspace/install/package_with_interfaces/include/package_with_interfaces/package_with_interfaces/msg/rosidl_typesupport_fastrtps_cpp__visibility_control.h
[0.577s] -- Up-to-date: /home/max/University/Robotics and Automation/week2/workshop/ros2_tutorial_workspace/install/package_with_interfaces/include/package_with_interfaces/package_with_interfaces/srv
[0.577s] -- Up-to-date: /home/max/University/Robotics and Automation/week2/workshop/ros2_tutorial_workspace/install/package_with_interfaces/include/package_with_interfaces/package_with_interfaces/srv/detail
[0.578s] -- Up-to-date: /home/max/University/Robotics and Automation/week2/workshop/ros2_tutorial_workspace/install/package_with_interfaces/include/package_with_interfaces/package_with_interfaces/srv/detail/what_is_the_point__rosidl_typesupport_fastrtps_cpp.hpp
[0.578s] -- Up-to-date: /home/max/University/Robotics and Automation/week2/workshop/ros2_tutorial_workspace/install/package_with_interfaces/include/package_with_interfaces/package_with_interfaces/srv/detail/dds_fastrtps
[0.578s] -- Up-to-date: /home/max/University/Robotics and Automation/week2/workshop/ros2_tutorial_workspace/install/package_with_interfaces/lib/libpackage_with_interfaces__rosidl_typesupport_fastrtps_cpp.so
[0.578s] -- Up-to-date: /home/max/University/Robotics and Automation/week2/workshop/ros2_tutorial_workspace/install/package_with_interfaces/include/package_with_interfaces/package_with_interfaces
[0.578s] -- Up-to-date: /home/max/University/Robotics and Automation/week2/workshop/ros2_tutorial_workspace/install/package_with_interfaces/include/package_with_interfaces/package_with_interfaces/msg
[0.578s] -- Up-to-date: /home/max/University/Robotics and Automation/week2/workshop/ros2_tutorial_workspace/install/package_with_interfaces/include/package_with_interfaces/package_with_interfaces/msg/detail
[0.578s] -- Up-to-date: /home/max/University/Robotics and Automation/week2/workshop/ros2_tutorial_workspace/install/package_with_interfaces/include/package_with_interfaces/package_with_interfaces/msg/detail/amazing_quote__rosidl_typesupport_introspection_c.h
[0.578s] -- Up-to-date: /home/max/University/Robotics and Automation/week2/workshop/ros2_tutorial_workspace/install/package_with_interfaces/include/package_with_interfaces/package_with_interfaces/msg/detail/amazing_quote__type_support.c
[0.578s] -- Up-to-date: /home/max/University/Robotics and Automation/week2/workshop/ros2_tutorial_workspace/install/package_with_interfaces/include/package_with_interfaces/package_with_interfaces/msg/rosidl_typesupport_introspection_c__visibility_control.h
[0.578s] -- Up-to-date: /home/max/University/Robotics and Automation/week2/workshop/ros2_tutorial_workspace/install/package_with_interfaces/include/package_with_interfaces/package_with_interfaces/srv
[0.578s] -- Up-to-date: /home/max/University/Robotics and Automation/week2/workshop/ros2_tutorial_workspace/install/package_with_interfaces/include/package_with_interfaces/package_with_interfaces/srv/detail
[0.579s] -- Up-to-date: /home/max/University/Robotics and Automation/week2/workshop/ros2_tutorial_workspace/install/package_with_interfaces/include/package_with_interfaces/package_with_interfaces/srv/detail/what_is_the_point__rosidl_typesupport_introspection_c.h
[0.579s] -- Up-to-date: /home/max/University/Robotics and Automation/week2/workshop/ros2_tutorial_workspace/install/package_with_interfaces/include/package_with_interfaces/package_with_interfaces/srv/detail/what_is_the_point__type_support.c
[0.579s] -- Up-to-date: /home/max/University/Robotics and Automation/week2/workshop/ros2_tutorial_workspace/install/package_with_interfaces/lib/libpackage_with_interfaces__rosidl_typesupport_introspection_c.so
[0.579s] -- Up-to-date: /home/max/University/Robotics and Automation/week2/workshop/ros2_tutorial_workspace/install/package_with_interfaces/lib/libpackage_with_interfaces__rosidl_typesupport_c.so
[0.579s] -- Up-to-date: /home/max/University/Robotics and Automation/week2/workshop/ros2_tutorial_workspace/install/package_with_interfaces/include/package_with_interfaces/package_with_interfaces
[0.579s] -- Up-to-date: /home/max/University/Robotics and Automation/week2/workshop/ros2_tutorial_workspace/install/package_with_interfaces/include/package_with_interfaces/package_with_interfaces/msg
[0.579s] -- Up-to-date: /home/max/University/Robotics and Automation/week2/workshop/ros2_tutorial_workspace/install/package_with_interfaces/include/package_with_interfaces/package_with_interfaces/msg/detail
[0.579s] -- Up-to-date: /home/max/University/Robotics and Automation/week2/workshop/ros2_tutorial_workspace/install/package_with_interfaces/include/package_with_interfaces/package_with_interfaces/msg/detail/amazing_quote__type_support.cpp
[0.579s] -- Up-to-date: /home/max/University/Robotics and Automation/week2/workshop/ros2_tutorial_workspace/install/package_with_interfaces/include/package_with_interfaces/package_with_interfaces/msg/detail/amazing_quote__rosidl_typesupport_introspection_cpp.hpp
[0.579s] -- Up-to-date: /home/max/University/Robotics and Automation/week2/workshop/ros2_tutorial_workspace/install/package_with_interfaces/include/package_with_interfaces/package_with_interfaces/srv
[0.579s] -- Up-to-date: /home/max/University/Robotics and Automation/week2/workshop/ros2_tutorial_workspace/install/package_with_interfaces/include/package_with_interfaces/package_with_interfaces/srv/detail
[0.580s] -- Up-to-date: /home/max/University/Robotics and Automation/week2/workshop/ros2_tutorial_workspace/install/package_with_interfaces/include/package_with_interfaces/package_with_interfaces/srv/detail/what_is_the_point__type_support.cpp
[0.580s] -- Up-to-date: /home/max/University/Robotics and Automation/week2/workshop/ros2_tutorial_workspace/install/package_with_interfaces/include/package_with_interfaces/package_with_interfaces/srv/detail/what_is_the_point__rosidl_typesupport_introspection_cpp.hpp
[0.580s] -- Up-to-date: /home/max/University/Robotics and Automation/week2/workshop/ros2_tutorial_workspace/install/package_with_interfaces/lib/libpackage_with_interfaces__rosidl_typesupport_introspection_cpp.so
[0.580s] -- Up-to-date: /home/max/University/Robotics and Automation/week2/workshop/ros2_tutorial_workspace/install/package_with_interfaces/lib/libpackage_with_interfaces__rosidl_typesupport_cpp.so
[0.580s] -- Up-to-date: /home/max/University/Robotics and Automation/week2/workshop/ros2_tutorial_workspace/install/package_with_interfaces/share/package_with_interfaces/environment/pythonpath.sh
[0.580s] -- Up-to-date: /home/max/University/Robotics and Automation/week2/workshop/ros2_tutorial_workspace/install/package_with_interfaces/share/package_with_interfaces/environment/pythonpath.dsv
[0.580s] -- Up-to-date: /home/max/University/Robotics and Automation/week2/workshop/ros2_tutorial_workspace/install/package_with_interfaces/local/lib/python3.10/dist-packages/package_with_interfaces-0.0.0-py3.10.egg-info
[0.580s] -- Installing: /home/max/University/Robotics and Automation/week2/workshop/ros2_tutorial_workspace/install/package_with_interfaces/local/lib/python3.10/dist-packages/package_with_interfaces-0.0.0-py3.10.egg-info/dependency_links.txt
[0.580s] -- Installing: /home/max/University/Robotics and Automation/week2/workshop/ros2_tutorial_workspace/install/package_with_interfaces/local/lib/python3.10/dist-packages/package_with_interfaces-0.0.0-py3.10.egg-info/PKG-INFO
[0.580s] -- Installing: /home/max/University/Robotics and Automation/week2/workshop/ros2_tutorial_workspace/install/package_with_interfaces/local/lib/python3.10/dist-packages/package_with_interfaces-0.0.0-py3.10.egg-info/top_level.txt
[0.581s] -- Installing: /home/max/University/Robotics and Automation/week2/workshop/ros2_tutorial_workspace/install/package_with_interfaces/local/lib/python3.10/dist-packages/package_with_interfaces-0.0.0-py3.10.egg-info/SOURCES.txt
[0.581s] -- Up-to-date: /home/max/University/Robotics and Automation/week2/workshop/ros2_tutorial_workspace/install/package_with_interfaces/local/lib/python3.10/dist-packages/package_with_interfaces
[0.581s] -- Up-to-date: /home/max/University/Robotics and Automation/week2/workshop/ros2_tutorial_workspace/install/package_with_interfaces/local/lib/python3.10/dist-packages/package_with_interfaces/msg
[0.581s] -- Up-to-date: /home/max/University/Robotics and Automation/week2/workshop/ros2_tutorial_workspace/install/package_with_interfaces/local/lib/python3.10/dist-packages/package_with_interfaces/msg/_amazing_quote_s.c
[0.581s] -- Up-to-date: /home/max/University/Robotics and Automation/week2/workshop/ros2_tutorial_workspace/install/package_with_interfaces/local/lib/python3.10/dist-packages/package_with_interfaces/msg/_amazing_quote.py
[0.581s] -- Up-to-date: /home/max/University/Robotics and Automation/week2/workshop/ros2_tutorial_workspace/install/package_with_interfaces/local/lib/python3.10/dist-packages/package_with_interfaces/msg/__init__.py
[0.581s] -- Up-to-date: /home/max/University/Robotics and Automation/week2/workshop/ros2_tutorial_workspace/install/package_with_interfaces/local/lib/python3.10/dist-packages/package_with_interfaces/_package_with_interfaces_s.ep.rosidl_typesupport_introspection_c.c
[0.581s] -- Up-to-date: /home/max/University/Robotics and Automation/week2/workshop/ros2_tutorial_workspace/install/package_with_interfaces/local/lib/python3.10/dist-packages/package_with_interfaces/srv
[0.581s] -- Up-to-date: /home/max/University/Robotics and Automation/week2/workshop/ros2_tutorial_workspace/install/package_with_interfaces/local/lib/python3.10/dist-packages/package_with_interfaces/srv/_what_is_the_point.py
[0.581s] -- Up-to-date: /home/max/University/Robotics and Automation/week2/workshop/ros2_tutorial_workspace/install/package_with_interfaces/local/lib/python3.10/dist-packages/package_with_interfaces/srv/_what_is_the_point_s.c
[0.581s] -- Up-to-date: /home/max/University/Robotics and Automation/week2/workshop/ros2_tutorial_workspace/install/package_with_interfaces/local/lib/python3.10/dist-packages/package_with_interfaces/srv/__init__.py
[0.581s] -- Up-to-date: /home/max/University/Robotics and Automation/week2/workshop/ros2_tutorial_workspace/install/package_with_interfaces/local/lib/python3.10/dist-packages/package_with_interfaces/package_with_interfaces_s__rosidl_typesupport_c.cpython-310-x86_64-linux-gnu.so
[0.581s] -- Up-to-date: /home/max/University/Robotics and Automation/week2/workshop/ros2_tutorial_workspace/install/package_with_interfaces/local/lib/python3.10/dist-packages/package_with_interfaces/_package_with_interfaces_s.ep.rosidl_typesupport_fastrtps_c.c
[0.582s] -- Up-to-date: /home/max/University/Robotics and Automation/week2/workshop/ros2_tutorial_workspace/install/package_with_interfaces/local/lib/python3.10/dist-packages/package_with_interfaces/package_with_interfaces_s__rosidl_typesupport_fastrtps_c.cpython-310-x86_64-linux-gnu.so
[0.582s] -- Up-to-date: /home/max/University/Robotics and Automation/week2/workshop/ros2_tutorial_workspace/install/package_with_interfaces/local/lib/python3.10/dist-packages/package_with_interfaces/libpackage_with_interfaces__rosidl_generator_py.so
[0.582s] -- Up-to-date: /home/max/University/Robotics and Automation/week2/workshop/ros2_tutorial_workspace/install/package_with_interfaces/local/lib/python3.10/dist-packages/package_with_interfaces/package_with_interfaces_s__rosidl_typesupport_introspection_c.cpython-310-x86_64-linux-gnu.so
[0.582s] -- Up-to-date: /home/max/University/Robotics and Automation/week2/workshop/ros2_tutorial_workspace/install/package_with_interfaces/local/lib/python3.10/dist-packages/package_with_interfaces/__init__.py
[0.582s] -- Up-to-date: /home/max/University/Robotics and Automation/week2/workshop/ros2_tutorial_workspace/install/package_with_interfaces/local/lib/python3.10/dist-packages/package_with_interfaces/_package_with_interfaces_s.ep.rosidl_typesupport_c.c
[0.611s] Listing '/home/max/University/Robotics and Automation/week2/workshop/ros2_tutorial_workspace/install/package_with_interfaces/local/lib/python3.10/dist-packages/package_with_interfaces'...
[0.611s] Listing '/home/max/University/Robotics and Automation/week2/workshop/ros2_tutorial_workspace/install/package_with_interfaces/local/lib/python3.10/dist-packages/package_with_interfaces/msg'...
[0.611s] Listing '/home/max/University/Robotics and Automation/week2/workshop/ros2_tutorial_workspace/install/package_with_interfaces/local/lib/python3.10/dist-packages/package_with_interfaces/srv'...
[0.616s] -- Up-to-date: /home/max/University/Robotics and Automation/week2/workshop/ros2_tutorial_workspace/install/package_with_interfaces/local/lib/python3.10/dist-packages/package_with_interfaces/package_with_interfaces_s__rosidl_typesupport_fastrtps_c.cpython-310-x86_64-linux-gnu.so
[0.616s] -- Up-to-date: /home/max/University/Robotics and Automation/week2/workshop/ros2_tutorial_workspace/install/package_with_interfaces/local/lib/python3.10/dist-packages/package_with_interfaces/package_with_interfaces_s__rosidl_typesupport_introspection_c.cpython-310-x86_64-linux-gnu.so
[0.616s] -- Up-to-date: /home/max/University/Robotics and Automation/week2/workshop/ros2_tutorial_workspace/install/package_with_interfaces/local/lib/python3.10/dist-packages/package_with_interfaces/package_with_interfaces_s__rosidl_typesupport_c.cpython-310-x86_64-linux-gnu.so
[0.617s] -- Up-to-date: /home/max/University/Robotics and Automation/week2/workshop/ros2_tutorial_workspace/install/package_with_interfaces/lib/libpackage_with_interfaces__rosidl_generator_py.so
[0.617s] -- Up-to-date: /home/max/University/Robotics and Automation/week2/workshop/ros2_tutorial_workspace/install/package_with_interfaces/share/package_with_interfaces/msg/AmazingQuote.idl
[0.617s] -- Up-to-date: /home/max/University/Robotics and Automation/week2/workshop/ros2_tutorial_workspace/install/package_with_interfaces/share/package_with_interfaces/srv/WhatIsThePoint.idl
[0.617s] -- Up-to-date: /home/max/University/Robotics and Automation/week2/workshop/ros2_tutorial_workspace/install/package_with_interfaces/share/package_with_interfaces/msg/AmazingQuote.msg
[0.617s] -- Up-to-date: /home/max/University/Robotics and Automation/week2/workshop/ros2_tutorial_workspace/install/package_with_interfaces/share/package_with_interfaces/srv/WhatIsThePoint.srv
[0.617s] -- Up-to-date: /home/max/University/Robotics and Automation/week2/workshop/ros2_tutorial_workspace/install/package_with_interfaces/share/package_with_interfaces/srv/WhatIsThePoint_Request.msg
[0.617s] -- Up-to-date: /home/max/University/Robotics and Automation/week2/workshop/ros2_tutorial_workspace/install/package_with_interfaces/share/package_with_interfaces/srv/WhatIsThePoint_Response.msg
[0.618s] -- Up-to-date: /home/max/University/Robotics and Automation/week2/workshop/ros2_tutorial_workspace/install/package_with_interfaces/share/ament_index/resource_index/package_run_dependencies/package_with_interfaces
[0.618s] -- Up-to-date: /home/max/University/Robotics and Automation/week2/workshop/ros2_tutorial_workspace/install/package_with_interfaces/share/ament_index/resource_index/parent_prefix_path/package_with_interfaces
[0.618s] -- Up-to-date: /home/max/University/Robotics and Automation/week2/workshop/ros2_tutorial_workspace/install/package_with_interfaces/share/package_with_interfaces/environment/ament_prefix_path.sh
[0.618s] -- Up-to-date: /home/max/University/Robotics and Automation/week2/workshop/ros2_tutorial_workspace/install/package_with_interfaces/share/package_with_interfaces/environment/ament_prefix_path.dsv
[0.618s] -- Up-to-date: /home/max/University/Robotics and Automation/week2/workshop/ros2_tutorial_workspace/install/package_with_interfaces/share/package_with_interfaces/environment/path.sh
[0.618s] -- Up-to-date: /home/max/University/Robotics and Automation/week2/workshop/ros2_tutorial_workspace/install/package_with_interfaces/share/package_with_interfaces/environment/path.dsv
[0.618s] -- Up-to-date: /home/max/University/Robotics and Automation/week2/workshop/ros2_tutorial_workspace/install/package_with_interfaces/share/package_with_interfaces/local_setup.bash
[0.618s] -- Up-to-date: /home/max/University/Robotics and Automation/week2/workshop/ros2_tutorial_workspace/install/package_with_interfaces/share/package_with_interfaces/local_setup.sh
[0.618s] -- Up-to-date: /home/max/University/Robotics and Automation/week2/workshop/ros2_tutorial_workspace/install/package_with_interfaces/share/package_with_interfaces/local_setup.zsh
[0.619s] -- Up-to-date: /home/max/University/Robotics and Automation/week2/workshop/ros2_tutorial_workspace/install/package_with_interfaces/share/package_with_interfaces/local_setup.dsv
[0.619s] -- Installing: /home/max/University/Robotics and Automation/week2/workshop/ros2_tutorial_workspace/install/package_with_interfaces/share/package_with_interfaces/package.dsv
[0.619s] -- Up-to-date: /home/max/University/Robotics and Automation/week2/workshop/ros2_tutorial_workspace/install/package_with_interfaces/share/ament_index/resource_index/packages/package_with_interfaces
[0.619s] -- Up-to-date: /home/max/University/Robotics and Automation/week2/workshop/ros2_tutorial_workspace/install/package_with_interfaces/share/package_with_interfaces/cmake/export_package_with_interfaces__rosidl_generator_cExport.cmake
[0.619s] -- Up-to-date: /home/max/University/Robotics and Automation/week2/workshop/ros2_tutorial_workspace/install/package_with_interfaces/share/package_with_interfaces/cmake/export_package_with_interfaces__rosidl_generator_cExport-noconfig.cmake
[0.619s] -- Up-to-date: /home/max/University/Robotics and Automation/week2/workshop/ros2_tutorial_workspace/install/package_with_interfaces/share/package_with_interfaces/cmake/export_package_with_interfaces__rosidl_typesupport_fastrtps_cExport.cmake
[0.619s] -- Up-to-date: /home/max/University/Robotics and Automation/week2/workshop/ros2_tutorial_workspace/install/package_with_interfaces/share/package_with_interfaces/cmake/export_package_with_interfaces__rosidl_typesupport_fastrtps_cExport-noconfig.cmake
[0.619s] -- Up-to-date: /home/max/University/Robotics and Automation/week2/workshop/ros2_tutorial_workspace/install/package_with_interfaces/share/package_with_interfaces/cmake/export_package_with_interfaces__rosidl_generator_cppExport.cmake
[0.619s] -- Up-to-date: /home/max/University/Robotics and Automation/week2/workshop/ros2_tutorial_workspace/install/package_with_interfaces/share/package_with_interfaces/cmake/export_package_with_interfaces__rosidl_typesupport_fastrtps_cppExport.cmake
[0.619s] -- Up-to-date: /home/max/University/Robotics and Automation/week2/workshop/ros2_tutorial_workspace/install/package_with_interfaces/share/package_with_interfaces/cmake/export_package_with_interfaces__rosidl_typesupport_fastrtps_cppExport-noconfig.cmake
[0.619s] -- Up-to-date: /home/max/University/Robotics and Automation/week2/workshop/ros2_tutorial_workspace/install/package_with_interfaces/share/package_with_interfaces/cmake/package_with_interfaces__rosidl_typesupport_introspection_cExport.cmake
[0.620s] -- Up-to-date: /home/max/University/Robotics and Automation/week2/workshop/ros2_tutorial_workspace/install/package_with_interfaces/share/package_with_interfaces/cmake/package_with_interfaces__rosidl_typesupport_introspection_cExport-noconfig.cmake
[0.620s] -- Up-to-date: /home/max/University/Robotics and Automation/week2/workshop/ros2_tutorial_workspace/install/package_with_interfaces/share/package_with_interfaces/cmake/package_with_interfaces__rosidl_typesupport_cExport.cmake
[0.620s] -- Up-to-date: /home/max/University/Robotics and Automation/week2/workshop/ros2_tutorial_workspace/install/package_with_interfaces/share/package_with_interfaces/cmake/package_with_interfaces__rosidl_typesupport_cExport-noconfig.cmake
[0.620s] -- Up-to-date: /home/max/University/Robotics and Automation/week2/workshop/ros2_tutorial_workspace/install/package_with_interfaces/share/package_with_interfaces/cmake/package_with_interfaces__rosidl_typesupport_introspection_cppExport.cmake
[0.620s] -- Up-to-date: /home/max/University/Robotics and Automation/week2/workshop/ros2_tutorial_workspace/install/package_with_interfaces/share/package_with_interfaces/cmake/package_with_interfaces__rosidl_typesupport_introspection_cppExport-noconfig.cmake
[0.620s] -- Up-to-date: /home/max/University/Robotics and Automation/week2/workshop/ros2_tutorial_workspace/install/package_with_interfaces/share/package_with_interfaces/cmake/package_with_interfaces__rosidl_typesupport_cppExport.cmake
[0.620s] -- Up-to-date: /home/max/University/Robotics and Automation/week2/workshop/ros2_tutorial_workspace/install/package_with_interfaces/share/package_with_interfaces/cmake/package_with_interfaces__rosidl_typesupport_cppExport-noconfig.cmake
[0.621s] -- Up-to-date: /home/max/University/Robotics and Automation/week2/workshop/ros2_tutorial_workspace/install/package_with_interfaces/share/package_with_interfaces/cmake/export_package_with_interfaces__rosidl_generator_pyExport.cmake
[0.621s] -- Up-to-date: /home/max/University/Robotics and Automation/week2/workshop/ros2_tutorial_workspace/install/package_with_interfaces/share/package_with_interfaces/cmake/export_package_with_interfaces__rosidl_generator_pyExport-noconfig.cmake
[0.621s] -- Up-to-date: /home/max/University/Robotics and Automation/week2/workshop/ros2_tutorial_workspace/install/package_with_interfaces/share/package_with_interfaces/cmake/rosidl_cmake-extras.cmake
[0.621s] -- Up-to-date: /home/max/University/Robotics and Automation/week2/workshop/ros2_tutorial_workspace/install/package_with_interfaces/share/package_with_interfaces/cmake/ament_cmake_export_dependencies-extras.cmake
[0.621s] -- Up-to-date: /home/max/University/Robotics and Automation/week2/workshop/ros2_tutorial_workspace/install/package_with_interfaces/share/package_with_interfaces/cmake/ament_cmake_export_include_directories-extras.cmake
[0.621s] -- Up-to-date: /home/max/University/Robotics and Automation/week2/workshop/ros2_tutorial_workspace/install/package_with_interfaces/share/package_with_interfaces/cmake/ament_cmake_export_libraries-extras.cmake
[0.621s] -- Up-to-date: /home/max/University/Robotics and Automation/week2/workshop/ros2_tutorial_workspace/install/package_with_interfaces/share/package_with_interfaces/cmake/ament_cmake_export_targets-extras.cmake
[0.621s] -- Up-to-date: /home/max/University/Robotics and Automation/week2/workshop/ros2_tutorial_workspace/install/package_with_interfaces/share/package_with_interfaces/cmake/rosidl_cmake_export_typesupport_targets-extras.cmake
[0.621s] -- Up-to-date: /home/max/University/Robotics and Automation/week2/workshop/ros2_tutorial_workspace/install/package_with_interfaces/share/package_with_interfaces/cmake/rosidl_cmake_export_typesupport_libraries-extras.cmake
[0.621s] -- Up-to-date: /home/max/University/Robotics and Automation/week2/workshop/ros2_tutorial_workspace/install/package_with_interfaces/share/package_with_interfaces/cmake/package_with_interfacesConfig.cmake
[0.621s] -- Up-to-date: /home/max/University/Robotics and Automation/week2/workshop/ros2_tutorial_workspace/install/package_with_interfaces/share/package_with_interfaces/cmake/package_with_interfacesConfig-version.cmake
[0.621s] -- Up-to-date: /home/max/University/Robotics and Automation/week2/workshop/ros2_tutorial_workspace/install/package_with_interfaces/share/package_with_interfaces/package.xml
[0.624s] Invoked command in '/home/max/University/Robotics and Automation/week2/workshop/ros2_tutorial_workspace/build/package_with_interfaces' returned '0': CMAKE_PREFIX_PATH=/opt/ros/humble /usr/bin/cmake --install /home/max/University/Robotics and Automation/week2/workshop/ros2_tutorial_workspace/build/package_with_interfaces
