[0.044s] Invoking command in '/home/max/University/Robotics and Automation/week2/workshop/ros2_tutorial_workspace/src/build/package_with_interfaces': CMAKE_PREFIX_PATH=/opt/ros/humble /usr/bin/cmake /home/max/University/Robotics and Automation/week2/workshop/ros2_tutorial_workspace/src/package_with_interfaces -DCMAKE_INSTALL_PREFIX=/home/max/University/Robotics and Automation/week2/workshop/ros2_tutorial_workspace/src/install/package_with_interfaces
[0.291s] -- The C compiler identification is GNU 11.4.0
[0.291s] -- The CXX compiler identification is GNU 11.4.0
[0.291s] -- Detecting C compiler ABI info
[0.367s] -- Detecting C compiler ABI info - done
[0.374s] -- Check for working C compiler: /usr/bin/cc - skipped
[0.374s] -- Detecting C compile features
[0.375s] -- Detecting C compile features - done
[0.377s] -- Detecting CXX compiler ABI info
[0.458s] -- Detecting CXX compiler ABI info - done
[0.473s] -- Check for working CXX compiler: /usr/bin/c++ - skipped
[0.473s] -- Detecting CXX compile features
[0.474s] -- Detecting CXX compile features - done
[0.480s] -- Found ament_cmake: 1.3.10 (/opt/ros/humble/share/ament_cmake/cmake)
[0.693s] -- Found Python3: /usr/bin/python3 (found version "3.10.12") found components: Interpreter 
[0.793s] -- Found geometry_msgs: 4.2.4 (/opt/ros/humble/share/geometry_msgs/cmake)
[0.843s] -- Found rosidl_generator_c: 3.1.5 (/opt/ros/humble/share/rosidl_generator_c/cmake)
[0.847s] -- Found rosidl_adapter: 3.1.5 (/opt/ros/humble/share/rosidl_adapter/cmake)
[0.852s] -- Found rosidl_generator_cpp: 3.1.5 (/opt/ros/humble/share/rosidl_generator_cpp/cmake)
[0.862s] -- Using all available rosidl_typesupport_c: rosidl_typesupport_fastrtps_c;rosidl_typesupport_introspection_c
[0.873s] -- Using all available rosidl_typesupport_cpp: rosidl_typesupport_fastrtps_cpp;rosidl_typesupport_introspection_cpp
[0.901s] -- Found rosidl_default_generators: 1.2.0 (/opt/ros/humble/share/rosidl_default_generators/cmake)
[1.207s] -- Found ament_cmake_ros: 0.10.0 (/opt/ros/humble/share/ament_cmake_ros/cmake)
[1.802s] -- Using all available rosidl_typesupport_c: rosidl_typesupport_fastrtps_c;rosidl_typesupport_introspection_c
[2.018s] -- Using all available rosidl_typesupport_cpp: rosidl_typesupport_fastrtps_cpp;rosidl_typesupport_introspection_cpp
[2.057s] -- Found PythonInterp: /usr/bin/python3 (found suitable version "3.10.12", minimum required is "3.6") 
[2.060s] -- Found python_cmake_module: 0.10.0 (/opt/ros/humble/share/python_cmake_module/cmake)
[2.103s] -- Found PythonLibs: /usr/lib/x86_64-linux-gnu/libpython3.10.so (found suitable version "3.10.12", minimum required is "3.5") 
[2.103s] -- Using PYTHON_EXECUTABLE: /usr/bin/python3
[2.103s] -- Using PYTHON_INCLUDE_DIRS: /usr/include/python3.10
[2.103s] -- Using PYTHON_LIBRARIES: /usr/lib/x86_64-linux-gnu/libpython3.10.so
[2.130s] -- Found PythonExtra: .so  
[2.208s] -- Found ament_lint_auto: 0.12.11 (/opt/ros/humble/share/ament_lint_auto/cmake)
[2.232s] -- Added test 'lint_cmake' to check CMake code style
[2.234s] -- Added test 'xmllint' to check XML markup files
[2.238s] -- Configuring done
[2.284s] -- Generating done
[2.286s] -- Build files have been written to: /home/max/University/Robotics and Automation/week2/workshop/ros2_tutorial_workspace/src/build/package_with_interfaces
[2.296s] Invoked command in '/home/max/University/Robotics and Automation/week2/workshop/ros2_tutorial_workspace/src/build/package_with_interfaces' returned '0': CMAKE_PREFIX_PATH=/opt/ros/humble /usr/bin/cmake /home/max/University/Robotics and Automation/week2/workshop/ros2_tutorial_workspace/src/package_with_interfaces -DCMAKE_INSTALL_PREFIX=/home/max/University/Robotics and Automation/week2/workshop/ros2_tutorial_workspace/src/install/package_with_interfaces
[2.296s] Invoking command in '/home/max/University/Robotics and Automation/week2/workshop/ros2_tutorial_workspace/src/build/package_with_interfaces': CMAKE_PREFIX_PATH=/opt/ros/humble /usr/bin/cmake --build /home/max/University/Robotics and Automation/week2/workshop/ros2_tutorial_workspace/src/build/package_with_interfaces -- -j12 -l12
[2.369s] [  2%] [34m[1mGenerating C code for ROS interfaces[0m
[2.393s] [  5%] [34m[1mGenerating C++ code for ROS interfaces[0m
[2.399s] [  5%] Built target ament_cmake_python_copy_package_with_interfaces
[2.608s] running egg_info
[2.609s] creating package_with_interfaces.egg-info
[2.609s] writing package_with_interfaces.egg-info/PKG-INFO
[2.609s] writing dependency_links to package_with_interfaces.egg-info/dependency_links.txt
[2.609s] writing top-level names to package_with_interfaces.egg-info/top_level.txt
[2.609s] writing manifest file 'package_with_interfaces.egg-info/SOURCES.txt'
[2.610s] reading manifest file 'package_with_interfaces.egg-info/SOURCES.txt'
[2.611s] writing manifest file 'package_with_interfaces.egg-info/SOURCES.txt'
[2.632s] [  5%] Built target ament_cmake_python_build_package_with_interfaces_egg
[2.673s] [  5%] Built target package_with_interfaces__cpp
[2.682s] [  7%] [34m[1mGenerating C++ type support for eProsima Fast-RTPS[0m
[2.683s] [ 12%] [34m[1mGenerating C++ introspection for ROS interfaces[0m
[2.683s] [ 12%] [34m[1mGenerating C++ type support dispatch for ROS interfaces[0m
[2.763s] [ 17%] [32mBuilding C object CMakeFiles/package_with_interfaces__rosidl_generator_c.dir/rosidl_generator_c/package_with_interfaces/srv/detail/what_is_the_point__functions.c.o[0m
[2.764s] [ 17%] [32mBuilding C object CMakeFiles/package_with_interfaces__rosidl_generator_c.dir/rosidl_generator_c/package_with_interfaces/msg/detail/amazing_quote__functions.c.o[0m
[2.830s] [ 20%] [32m[1mLinking C shared library libpackage_with_interfaces__rosidl_generator_c.so[0m
[2.871s] [ 20%] Built target package_with_interfaces__rosidl_generator_c
[2.881s] [ 28%] [34m[1mGenerating C type support dispatch for ROS interfaces[0m
[2.881s] [ 28%] [34m[1mGenerating C introspection for ROS interfaces[0m
[2.881s] [ 28%] [34m[1mGenerating C type support for eProsima Fast-RTPS[0m
[2.886s] [ 30%] [32mBuilding CXX object CMakeFiles/package_with_interfaces__rosidl_typesupport_cpp.dir/rosidl_typesupport_cpp/package_with_interfaces/msg/amazing_quote__type_support.cpp.o[0m
[2.890s] [ 33%] [32mBuilding CXX object CMakeFiles/package_with_interfaces__rosidl_typesupport_cpp.dir/rosidl_typesupport_cpp/package_with_interfaces/srv/what_is_the_point__type_support.cpp.o[0m
[2.949s] [ 35%] [32mBuilding CXX object CMakeFiles/package_with_interfaces__rosidl_typesupport_introspection_cpp.dir/rosidl_typesupport_introspection_cpp/package_with_interfaces/srv/detail/what_is_the_point__type_support.cpp.o[0m
[2.953s] [ 38%] [32mBuilding CXX object CMakeFiles/package_with_interfaces__rosidl_typesupport_introspection_cpp.dir/rosidl_typesupport_introspection_cpp/package_with_interfaces/msg/detail/amazing_quote__type_support.cpp.o[0m
[3.003s] [ 41%] [32mBuilding CXX object CMakeFiles/package_with_interfaces__rosidl_typesupport_fastrtps_cpp.dir/rosidl_typesupport_fastrtps_cpp/package_with_interfaces/msg/detail/dds_fastrtps/amazing_quote__type_support.cpp.o[0m
[3.007s] [ 43%] [32mBuilding CXX object CMakeFiles/package_with_interfaces__rosidl_typesupport_fastrtps_cpp.dir/rosidl_typesupport_fastrtps_cpp/package_with_interfaces/srv/detail/dds_fastrtps/what_is_the_point__type_support.cpp.o[0m
[3.087s] [ 46%] [32mBuilding CXX object CMakeFiles/package_with_interfaces__rosidl_typesupport_c.dir/rosidl_typesupport_c/package_with_interfaces/msg/amazing_quote__type_support.cpp.o[0m
[3.089s] [ 48%] [32mBuilding CXX object CMakeFiles/package_with_interfaces__rosidl_typesupport_c.dir/rosidl_typesupport_c/package_with_interfaces/srv/what_is_the_point__type_support.cpp.o[0m
[3.115s] [ 51%] [32m[1mLinking CXX shared library libpackage_with_interfaces__rosidl_typesupport_c.so[0m
[3.162s] [ 51%] Built target package_with_interfaces__rosidl_typesupport_c
[3.210s] [ 53%] [32mBuilding CXX object CMakeFiles/package_with_interfaces__rosidl_typesupport_fastrtps_c.dir/rosidl_typesupport_fastrtps_c/package_with_interfaces/msg/detail/amazing_quote__type_support_c.cpp.o[0m
[3.213s] [ 56%] [32mBuilding CXX object CMakeFiles/package_with_interfaces__rosidl_typesupport_fastrtps_c.dir/rosidl_typesupport_fastrtps_c/package_with_interfaces/srv/detail/what_is_the_point__type_support_c.cpp.o[0m
[3.217s] [ 58%] [32m[1mLinking CXX shared library libpackage_with_interfaces__rosidl_typesupport_cpp.so[0m
[3.257s] [ 61%] [32mBuilding C object CMakeFiles/package_with_interfaces__rosidl_typesupport_introspection_c.dir/rosidl_typesupport_introspection_c/package_with_interfaces/msg/detail/amazing_quote__type_support.c.o[0m
[3.257s] [ 64%] [32mBuilding C object CMakeFiles/package_with_interfaces__rosidl_typesupport_introspection_c.dir/rosidl_typesupport_introspection_c/package_with_interfaces/srv/detail/what_is_the_point__type_support.c.o[0m
[3.276s] [ 64%] Built target package_with_interfaces__rosidl_typesupport_cpp
[3.305s] [ 66%] [32m[1mLinking C shared library libpackage_with_interfaces__rosidl_typesupport_introspection_c.so[0m
[3.352s] [ 66%] Built target package_with_interfaces__rosidl_typesupport_introspection_c
[3.435s] [ 69%] [32m[1mLinking CXX shared library libpackage_with_interfaces__rosidl_typesupport_introspection_cpp.so[0m
[3.484s] [ 71%] [32m[1mLinking CXX shared library libpackage_with_interfaces__rosidl_typesupport_fastrtps_cpp.so[0m
[3.499s] [ 71%] Built target package_with_interfaces__rosidl_typesupport_introspection_cpp
[3.585s] [ 74%] [32m[1mLinking CXX shared library libpackage_with_interfaces__rosidl_typesupport_fastrtps_c.so[0m
[3.589s] [ 74%] Built target package_with_interfaces__rosidl_typesupport_fastrtps_cpp
[3.701s] [ 74%] Built target package_with_interfaces__rosidl_typesupport_fastrtps_c
[3.733s] [ 74%] Built target package_with_interfaces
[3.774s] [ 76%] [34m[1mGenerating Python code for ROS interfaces[0m
[4.171s] [ 76%] Built target package_with_interfaces__py
[4.201s] [ 79%] [32mBuilding C object CMakeFiles/package_with_interfaces__rosidl_generator_py.dir/rosidl_generator_py/package_with_interfaces/msg/_amazing_quote_s.c.o[0m
[4.201s] [ 82%] [32mBuilding C object CMakeFiles/package_with_interfaces__rosidl_generator_py.dir/rosidl_generator_py/package_with_interfaces/srv/_what_is_the_point_s.c.o[0m
[4.383s] [ 84%] [32m[1mLinking C shared library rosidl_generator_py/package_with_interfaces/libpackage_with_interfaces__rosidl_generator_py.so[0m
[4.445s] [ 84%] Built target package_with_interfaces__rosidl_generator_py
[4.490s] [ 87%] [32mBuilding C object CMakeFiles/package_with_interfaces__rosidl_typesupport_introspection_c__pyext.dir/rosidl_generator_py/package_with_interfaces/_package_with_interfaces_s.ep.rosidl_typesupport_introspection_c.c.o[0m
[4.494s] [ 89%] [32mBuilding C object CMakeFiles/package_with_interfaces__rosidl_typesupport_fastrtps_c__pyext.dir/rosidl_generator_py/package_with_interfaces/_package_with_interfaces_s.ep.rosidl_typesupport_fastrtps_c.c.o[0m
[4.496s] [ 92%] [32mBuilding C object CMakeFiles/package_with_interfaces__rosidl_typesupport_c__pyext.dir/rosidl_generator_py/package_with_interfaces/_package_with_interfaces_s.ep.rosidl_typesupport_c.c.o[0m
[4.637s] [ 94%] [32m[1mLinking C shared library rosidl_generator_py/package_with_interfaces/package_with_interfaces_s__rosidl_typesupport_introspection_c.cpython-310-x86_64-linux-gnu.so[0m
[4.637s] [ 97%] [32m[1mLinking C shared library rosidl_generator_py/package_with_interfaces/package_with_interfaces_s__rosidl_typesupport_fastrtps_c.cpython-310-x86_64-linux-gnu.so[0m
[4.683s] [100%] [32m[1mLinking C shared library rosidl_generator_py/package_with_interfaces/package_with_interfaces_s__rosidl_typesupport_c.cpython-310-x86_64-linux-gnu.so[0m
[4.695s] [100%] Built target package_with_interfaces__rosidl_typesupport_introspection_c__pyext
[4.706s] [100%] Built target package_with_interfaces__rosidl_typesupport_fastrtps_c__pyext
[4.752s] [100%] Built target package_with_interfaces__rosidl_typesupport_c__pyext
[4.778s] Invoked command in '/home/max/University/Robotics and Automation/week2/workshop/ros2_tutorial_workspace/src/build/package_with_interfaces' returned '0': CMAKE_PREFIX_PATH=/opt/ros/humble /usr/bin/cmake --build /home/max/University/Robotics and Automation/week2/workshop/ros2_tutorial_workspace/src/build/package_with_interfaces -- -j12 -l12
[4.917s] Invoking command in '/home/max/University/Robotics and Automation/week2/workshop/ros2_tutorial_workspace/src/build/package_with_interfaces': CMAKE_PREFIX_PATH=/opt/ros/humble /usr/bin/cmake --install /home/max/University/Robotics and Automation/week2/workshop/ros2_tutorial_workspace/src/build/package_with_interfaces
[4.931s] -- Install configuration: ""
[4.932s] -- Installing: /home/max/University/Robotics and Automation/week2/workshop/ros2_tutorial_workspace/src/install/package_with_interfaces/share/ament_index/resource_index/rosidl_interfaces/package_with_interfaces
[4.932s] -- Installing: /home/max/University/Robotics and Automation/week2/workshop/ros2_tutorial_workspace/src/install/package_with_interfaces/include/package_with_interfaces/package_with_interfaces
[4.932s] -- Installing: /home/max/University/Robotics and Automation/week2/workshop/ros2_tutorial_workspace/src/install/package_with_interfaces/include/package_with_interfaces/package_with_interfaces/msg
[4.932s] -- Installing: /home/max/University/Robotics and Automation/week2/workshop/ros2_tutorial_workspace/src/install/package_with_interfaces/include/package_with_interfaces/package_with_interfaces/msg/detail
[4.933s] -- Installing: /home/max/University/Robotics and Automation/week2/workshop/ros2_tutorial_workspace/src/install/package_with_interfaces/include/package_with_interfaces/package_with_interfaces/msg/detail/amazing_quote__functions.c
[4.933s] -- Installing: /home/max/University/Robotics and Automation/week2/workshop/ros2_tutorial_workspace/src/install/package_with_interfaces/include/package_with_interfaces/package_with_interfaces/msg/detail/amazing_quote__type_support.h
[4.933s] -- Installing: /home/max/University/Robotics and Automation/week2/workshop/ros2_tutorial_workspace/src/install/package_with_interfaces/include/package_with_interfaces/package_with_interfaces/msg/detail/amazing_quote__functions.h
[4.933s] -- Installing: /home/max/University/Robotics and Automation/week2/workshop/ros2_tutorial_workspace/src/install/package_with_interfaces/include/package_with_interfaces/package_with_interfaces/msg/detail/amazing_quote__struct.h
[4.933s] -- Installing: /home/max/University/Robotics and Automation/week2/workshop/ros2_tutorial_workspace/src/install/package_with_interfaces/include/package_with_interfaces/package_with_interfaces/msg/rosidl_generator_c__visibility_control.h
[4.933s] -- Installing: /home/max/University/Robotics and Automation/week2/workshop/ros2_tutorial_workspace/src/install/package_with_interfaces/include/package_with_interfaces/package_with_interfaces/msg/amazing_quote.h
[4.933s] -- Installing: /home/max/University/Robotics and Automation/week2/workshop/ros2_tutorial_workspace/src/install/package_with_interfaces/include/package_with_interfaces/package_with_interfaces/srv
[4.934s] -- Installing: /home/max/University/Robotics and Automation/week2/workshop/ros2_tutorial_workspace/src/install/package_with_interfaces/include/package_with_interfaces/package_with_interfaces/srv/detail
[4.934s] -- Installing: /home/max/University/Robotics and Automation/week2/workshop/ros2_tutorial_workspace/src/install/package_with_interfaces/include/package_with_interfaces/package_with_interfaces/srv/detail/what_is_the_point__functions.c
[4.934s] -- Installing: /home/max/University/Robotics and Automation/week2/workshop/ros2_tutorial_workspace/src/install/package_with_interfaces/include/package_with_interfaces/package_with_interfaces/srv/detail/what_is_the_point__functions.h
[4.934s] -- Installing: /home/max/University/Robotics and Automation/week2/workshop/ros2_tutorial_workspace/src/install/package_with_interfaces/include/package_with_interfaces/package_with_interfaces/srv/detail/what_is_the_point__type_support.h
[4.934s] -- Installing: /home/max/University/Robotics and Automation/week2/workshop/ros2_tutorial_workspace/src/install/package_with_interfaces/include/package_with_interfaces/package_with_interfaces/srv/detail/what_is_the_point__struct.h
[4.934s] -- Installing: /home/max/University/Robotics and Automation/week2/workshop/ros2_tutorial_workspace/src/install/package_with_interfaces/include/package_with_interfaces/package_with_interfaces/srv/what_is_the_point.h
[4.934s] -- Installing: /home/max/University/Robotics and Automation/week2/workshop/ros2_tutorial_workspace/src/install/package_with_interfaces/share/package_with_interfaces/environment/library_path.sh
[4.935s] -- Installing: /home/max/University/Robotics and Automation/week2/workshop/ros2_tutorial_workspace/src/install/package_with_interfaces/share/package_with_interfaces/environment/library_path.dsv
[4.935s] -- Installing: /home/max/University/Robotics and Automation/week2/workshop/ros2_tutorial_workspace/src/install/package_with_interfaces/lib/libpackage_with_interfaces__rosidl_generator_c.so
[4.935s] -- Set runtime path of "/home/max/University/Robotics and Automation/week2/workshop/ros2_tutorial_workspace/src/install/package_with_interfaces/lib/libpackage_with_interfaces__rosidl_generator_c.so" to ""
[4.935s] -- Up-to-date: /home/max/University/Robotics and Automation/week2/workshop/ros2_tutorial_workspace/src/install/package_with_interfaces/include/package_with_interfaces/package_with_interfaces
[4.935s] -- Up-to-date: /home/max/University/Robotics and Automation/week2/workshop/ros2_tutorial_workspace/src/install/package_with_interfaces/include/package_with_interfaces/package_with_interfaces/msg
[4.935s] -- Installing: /home/max/University/Robotics and Automation/week2/workshop/ros2_tutorial_workspace/src/install/package_with_interfaces/include/package_with_interfaces/package_with_interfaces/msg/rosidl_typesupport_fastrtps_c__visibility_control.h
[4.935s] -- Up-to-date: /home/max/University/Robotics and Automation/week2/workshop/ros2_tutorial_workspace/src/install/package_with_interfaces/include/package_with_interfaces/package_with_interfaces/msg/detail
[4.935s] -- Installing: /home/max/University/Robotics and Automation/week2/workshop/ros2_tutorial_workspace/src/install/package_with_interfaces/include/package_with_interfaces/package_with_interfaces/msg/detail/amazing_quote__rosidl_typesupport_fastrtps_c.h
[4.935s] -- Up-to-date: /home/max/University/Robotics and Automation/week2/workshop/ros2_tutorial_workspace/src/install/package_with_interfaces/include/package_with_interfaces/package_with_interfaces/srv
[4.936s] -- Up-to-date: /home/max/University/Robotics and Automation/week2/workshop/ros2_tutorial_workspace/src/install/package_with_interfaces/include/package_with_interfaces/package_with_interfaces/srv/detail
[4.936s] -- Installing: /home/max/University/Robotics and Automation/week2/workshop/ros2_tutorial_workspace/src/install/package_with_interfaces/include/package_with_interfaces/package_with_interfaces/srv/detail/what_is_the_point__rosidl_typesupport_fastrtps_c.h
[4.936s] -- Installing: /home/max/University/Robotics and Automation/week2/workshop/ros2_tutorial_workspace/src/install/package_with_interfaces/lib/libpackage_with_interfaces__rosidl_typesupport_fastrtps_c.so
[4.936s] -- Set runtime path of "/home/max/University/Robotics and Automation/week2/workshop/ros2_tutorial_workspace/src/install/package_with_interfaces/lib/libpackage_with_interfaces__rosidl_typesupport_fastrtps_c.so" to ""
[4.936s] -- Up-to-date: /home/max/University/Robotics and Automation/week2/workshop/ros2_tutorial_workspace/src/install/package_with_interfaces/include/package_with_interfaces/package_with_interfaces
[4.936s] -- Up-to-date: /home/max/University/Robotics and Automation/week2/workshop/ros2_tutorial_workspace/src/install/package_with_interfaces/include/package_with_interfaces/package_with_interfaces/msg
[4.936s] -- Installing: /home/max/University/Robotics and Automation/week2/workshop/ros2_tutorial_workspace/src/install/package_with_interfaces/include/package_with_interfaces/package_with_interfaces/msg/amazing_quote.hpp
[4.937s] -- Up-to-date: /home/max/University/Robotics and Automation/week2/workshop/ros2_tutorial_workspace/src/install/package_with_interfaces/include/package_with_interfaces/package_with_interfaces/msg/detail
[4.937s] -- Installing: /home/max/University/Robotics and Automation/week2/workshop/ros2_tutorial_workspace/src/install/package_with_interfaces/include/package_with_interfaces/package_with_interfaces/msg/detail/amazing_quote__builder.hpp
[4.937s] -- Installing: /home/max/University/Robotics and Automation/week2/workshop/ros2_tutorial_workspace/src/install/package_with_interfaces/include/package_with_interfaces/package_with_interfaces/msg/detail/amazing_quote__struct.hpp
[4.937s] -- Installing: /home/max/University/Robotics and Automation/week2/workshop/ros2_tutorial_workspace/src/install/package_with_interfaces/include/package_with_interfaces/package_with_interfaces/msg/detail/amazing_quote__traits.hpp
[4.937s] -- Up-to-date: /home/max/University/Robotics and Automation/week2/workshop/ros2_tutorial_workspace/src/install/package_with_interfaces/include/package_with_interfaces/package_with_interfaces/srv
[4.937s] -- Up-to-date: /home/max/University/Robotics and Automation/week2/workshop/ros2_tutorial_workspace/src/install/package_with_interfaces/include/package_with_interfaces/package_with_interfaces/srv/detail
[4.937s] -- Installing: /home/max/University/Robotics and Automation/week2/workshop/ros2_tutorial_workspace/src/install/package_with_interfaces/include/package_with_interfaces/package_with_interfaces/srv/detail/what_is_the_point__struct.hpp
[4.937s] -- Installing: /home/max/University/Robotics and Automation/week2/workshop/ros2_tutorial_workspace/src/install/package_with_interfaces/include/package_with_interfaces/package_with_interfaces/srv/detail/what_is_the_point__builder.hpp
[4.937s] -- Installing: /home/max/University/Robotics and Automation/week2/workshop/ros2_tutorial_workspace/src/install/package_with_interfaces/include/package_with_interfaces/package_with_interfaces/srv/detail/what_is_the_point__traits.hpp
[4.937s] -- Installing: /home/max/University/Robotics and Automation/week2/workshop/ros2_tutorial_workspace/src/install/package_with_interfaces/include/package_with_interfaces/package_with_interfaces/srv/what_is_the_point.hpp
[4.938s] -- Up-to-date: /home/max/University/Robotics and Automation/week2/workshop/ros2_tutorial_workspace/src/install/package_with_interfaces/include/package_with_interfaces/package_with_interfaces
[4.938s] -- Up-to-date: /home/max/University/Robotics and Automation/week2/workshop/ros2_tutorial_workspace/src/install/package_with_interfaces/include/package_with_interfaces/package_with_interfaces/msg
[4.938s] -- Up-to-date: /home/max/University/Robotics and Automation/week2/workshop/ros2_tutorial_workspace/src/install/package_with_interfaces/include/package_with_interfaces/package_with_interfaces/msg/detail
[4.938s] -- Installing: /home/max/University/Robotics and Automation/week2/workshop/ros2_tutorial_workspace/src/install/package_with_interfaces/include/package_with_interfaces/package_with_interfaces/msg/detail/amazing_quote__rosidl_typesupport_fastrtps_cpp.hpp
[4.938s] -- Installing: /home/max/University/Robotics and Automation/week2/workshop/ros2_tutorial_workspace/src/install/package_with_interfaces/include/package_with_interfaces/package_with_interfaces/msg/detail/dds_fastrtps
[4.938s] -- Installing: /home/max/University/Robotics and Automation/week2/workshop/ros2_tutorial_workspace/src/install/package_with_interfaces/include/package_with_interfaces/package_with_interfaces/msg/rosidl_typesupport_fastrtps_cpp__visibility_control.h
[4.939s] -- Up-to-date: /home/max/University/Robotics and Automation/week2/workshop/ros2_tutorial_workspace/src/install/package_with_interfaces/include/package_with_interfaces/package_with_interfaces/srv
[4.939s] -- Up-to-date: /home/max/University/Robotics and Automation/week2/workshop/ros2_tutorial_workspace/src/install/package_with_interfaces/include/package_with_interfaces/package_with_interfaces/srv/detail
[4.939s] -- Installing: /home/max/University/Robotics and Automation/week2/workshop/ros2_tutorial_workspace/src/install/package_with_interfaces/include/package_with_interfaces/package_with_interfaces/srv/detail/what_is_the_point__rosidl_typesupport_fastrtps_cpp.hpp
[4.939s] -- Installing: /home/max/University/Robotics and Automation/week2/workshop/ros2_tutorial_workspace/src/install/package_with_interfaces/include/package_with_interfaces/package_with_interfaces/srv/detail/dds_fastrtps
[4.939s] -- Installing: /home/max/University/Robotics and Automation/week2/workshop/ros2_tutorial_workspace/src/install/package_with_interfaces/lib/libpackage_with_interfaces__rosidl_typesupport_fastrtps_cpp.so
[4.939s] -- Set runtime path of "/home/max/University/Robotics and Automation/week2/workshop/ros2_tutorial_workspace/src/install/package_with_interfaces/lib/libpackage_with_interfaces__rosidl_typesupport_fastrtps_cpp.so" to ""
[4.939s] -- Up-to-date: /home/max/University/Robotics and Automation/week2/workshop/ros2_tutorial_workspace/src/install/package_with_interfaces/include/package_with_interfaces/package_with_interfaces
[4.939s] -- Up-to-date: /home/max/University/Robotics and Automation/week2/workshop/ros2_tutorial_workspace/src/install/package_with_interfaces/include/package_with_interfaces/package_with_interfaces/msg
[4.940s] -- Up-to-date: /home/max/University/Robotics and Automation/week2/workshop/ros2_tutorial_workspace/src/install/package_with_interfaces/include/package_with_interfaces/package_with_interfaces/msg/detail
[4.940s] -- Installing: /home/max/University/Robotics and Automation/week2/workshop/ros2_tutorial_workspace/src/install/package_with_interfaces/include/package_with_interfaces/package_with_interfaces/msg/detail/amazing_quote__rosidl_typesupport_introspection_c.h
[4.940s] -- Installing: /home/max/University/Robotics and Automation/week2/workshop/ros2_tutorial_workspace/src/install/package_with_interfaces/include/package_with_interfaces/package_with_interfaces/msg/detail/amazing_quote__type_support.c
[4.940s] -- Installing: /home/max/University/Robotics and Automation/week2/workshop/ros2_tutorial_workspace/src/install/package_with_interfaces/include/package_with_interfaces/package_with_interfaces/msg/rosidl_typesupport_introspection_c__visibility_control.h
[4.940s] -- Up-to-date: /home/max/University/Robotics and Automation/week2/workshop/ros2_tutorial_workspace/src/install/package_with_interfaces/include/package_with_interfaces/package_with_interfaces/srv
[4.940s] -- Up-to-date: /home/max/University/Robotics and Automation/week2/workshop/ros2_tutorial_workspace/src/install/package_with_interfaces/include/package_with_interfaces/package_with_interfaces/srv/detail
[4.940s] -- Installing: /home/max/University/Robotics and Automation/week2/workshop/ros2_tutorial_workspace/src/install/package_with_interfaces/include/package_with_interfaces/package_with_interfaces/srv/detail/what_is_the_point__rosidl_typesupport_introspection_c.h
[4.940s] -- Installing: /home/max/University/Robotics and Automation/week2/workshop/ros2_tutorial_workspace/src/install/package_with_interfaces/include/package_with_interfaces/package_with_interfaces/srv/detail/what_is_the_point__type_support.c
[4.941s] -- Installing: /home/max/University/Robotics and Automation/week2/workshop/ros2_tutorial_workspace/src/install/package_with_interfaces/lib/libpackage_with_interfaces__rosidl_typesupport_introspection_c.so
[4.941s] -- Set runtime path of "/home/max/University/Robotics and Automation/week2/workshop/ros2_tutorial_workspace/src/install/package_with_interfaces/lib/libpackage_with_interfaces__rosidl_typesupport_introspection_c.so" to ""
[4.941s] -- Installing: /home/max/University/Robotics and Automation/week2/workshop/ros2_tutorial_workspace/src/install/package_with_interfaces/lib/libpackage_with_interfaces__rosidl_typesupport_c.so
[4.941s] -- Set runtime path of "/home/max/University/Robotics and Automation/week2/workshop/ros2_tutorial_workspace/src/install/package_with_interfaces/lib/libpackage_with_interfaces__rosidl_typesupport_c.so" to ""
[4.941s] -- Up-to-date: /home/max/University/Robotics and Automation/week2/workshop/ros2_tutorial_workspace/src/install/package_with_interfaces/include/package_with_interfaces/package_with_interfaces
[4.942s] -- Up-to-date: /home/max/University/Robotics and Automation/week2/workshop/ros2_tutorial_workspace/src/install/package_with_interfaces/include/package_with_interfaces/package_with_interfaces/msg
[4.942s] -- Up-to-date: /home/max/University/Robotics and Automation/week2/workshop/ros2_tutorial_workspace/src/install/package_with_interfaces/include/package_with_interfaces/package_with_interfaces/msg/detail
[4.942s] -- Installing: /home/max/University/Robotics and Automation/week2/workshop/ros2_tutorial_workspace/src/install/package_with_interfaces/include/package_with_interfaces/package_with_interfaces/msg/detail/amazing_quote__type_support.cpp
[4.942s] -- Installing: /home/max/University/Robotics and Automation/week2/workshop/ros2_tutorial_workspace/src/install/package_with_interfaces/include/package_with_interfaces/package_with_interfaces/msg/detail/amazing_quote__rosidl_typesupport_introspection_cpp.hpp
[4.942s] -- Up-to-date: /home/max/University/Robotics and Automation/week2/workshop/ros2_tutorial_workspace/src/install/package_with_interfaces/include/package_with_interfaces/package_with_interfaces/srv
[4.942s] -- Up-to-date: /home/max/University/Robotics and Automation/week2/workshop/ros2_tutorial_workspace/src/install/package_with_interfaces/include/package_with_interfaces/package_with_interfaces/srv/detail
[4.943s] -- Installing: /home/max/University/Robotics and Automation/week2/workshop/ros2_tutorial_workspace/src/install/package_with_interfaces/include/package_with_interfaces/package_with_interfaces/srv/detail/what_is_the_point__type_support.cpp
[4.943s] -- Installing: /home/max/University/Robotics and Automation/week2/workshop/ros2_tutorial_workspace/src/install/package_with_interfaces/include/package_with_interfaces/package_with_interfaces/srv/detail/what_is_the_point__rosidl_typesupport_introspection_cpp.hpp
[4.944s] -- Installing: /home/max/University/Robotics and Automation/week2/workshop/ros2_tutorial_workspace/src/install/package_with_interfaces/lib/libpackage_with_interfaces__rosidl_typesupport_introspection_cpp.so
[4.944s] -- Set runtime path of "/home/max/University/Robotics and Automation/week2/workshop/ros2_tutorial_workspace/src/install/package_with_interfaces/lib/libpackage_with_interfaces__rosidl_typesupport_introspection_cpp.so" to ""
[4.945s] -- Installing: /home/max/University/Robotics and Automation/week2/workshop/ros2_tutorial_workspace/src/install/package_with_interfaces/lib/libpackage_with_interfaces__rosidl_typesupport_cpp.so
[4.945s] -- Set runtime path of "/home/max/University/Robotics and Automation/week2/workshop/ros2_tutorial_workspace/src/install/package_with_interfaces/lib/libpackage_with_interfaces__rosidl_typesupport_cpp.so" to ""
[4.945s] -- Installing: /home/max/University/Robotics and Automation/week2/workshop/ros2_tutorial_workspace/src/install/package_with_interfaces/share/package_with_interfaces/environment/pythonpath.sh
[4.946s] -- Installing: /home/max/University/Robotics and Automation/week2/workshop/ros2_tutorial_workspace/src/install/package_with_interfaces/share/package_with_interfaces/environment/pythonpath.dsv
[4.946s] -- Installing: /home/max/University/Robotics and Automation/week2/workshop/ros2_tutorial_workspace/src/install/package_with_interfaces/local/lib/python3.10/dist-packages/package_with_interfaces-0.0.0-py3.10.egg-info
[4.946s] -- Installing: /home/max/University/Robotics and Automation/week2/workshop/ros2_tutorial_workspace/src/install/package_with_interfaces/local/lib/python3.10/dist-packages/package_with_interfaces-0.0.0-py3.10.egg-info/dependency_links.txt
[4.946s] -- Installing: /home/max/University/Robotics and Automation/week2/workshop/ros2_tutorial_workspace/src/install/package_with_interfaces/local/lib/python3.10/dist-packages/package_with_interfaces-0.0.0-py3.10.egg-info/PKG-INFO
[4.946s] -- Installing: /home/max/University/Robotics and Automation/week2/workshop/ros2_tutorial_workspace/src/install/package_with_interfaces/local/lib/python3.10/dist-packages/package_with_interfaces-0.0.0-py3.10.egg-info/top_level.txt
[4.947s] -- Installing: /home/max/University/Robotics and Automation/week2/workshop/ros2_tutorial_workspace/src/install/package_with_interfaces/local/lib/python3.10/dist-packages/package_with_interfaces-0.0.0-py3.10.egg-info/SOURCES.txt
[4.947s] -- Installing: /home/max/University/Robotics and Automation/week2/workshop/ros2_tutorial_workspace/src/install/package_with_interfaces/local/lib/python3.10/dist-packages/package_with_interfaces
[4.947s] -- Installing: /home/max/University/Robotics and Automation/week2/workshop/ros2_tutorial_workspace/src/install/package_with_interfaces/local/lib/python3.10/dist-packages/package_with_interfaces/msg
[4.947s] -- Installing: /home/max/University/Robotics and Automation/week2/workshop/ros2_tutorial_workspace/src/install/package_with_interfaces/local/lib/python3.10/dist-packages/package_with_interfaces/msg/_amazing_quote_s.c
[4.947s] -- Installing: /home/max/University/Robotics and Automation/week2/workshop/ros2_tutorial_workspace/src/install/package_with_interfaces/local/lib/python3.10/dist-packages/package_with_interfaces/msg/_amazing_quote.py
[4.947s] -- Installing: /home/max/University/Robotics and Automation/week2/workshop/ros2_tutorial_workspace/src/install/package_with_interfaces/local/lib/python3.10/dist-packages/package_with_interfaces/msg/__init__.py
[4.947s] -- Installing: /home/max/University/Robotics and Automation/week2/workshop/ros2_tutorial_workspace/src/install/package_with_interfaces/local/lib/python3.10/dist-packages/package_with_interfaces/_package_with_interfaces_s.ep.rosidl_typesupport_introspection_c.c
[4.947s] -- Installing: /home/max/University/Robotics and Automation/week2/workshop/ros2_tutorial_workspace/src/install/package_with_interfaces/local/lib/python3.10/dist-packages/package_with_interfaces/srv
[4.947s] -- Installing: /home/max/University/Robotics and Automation/week2/workshop/ros2_tutorial_workspace/src/install/package_with_interfaces/local/lib/python3.10/dist-packages/package_with_interfaces/srv/_what_is_the_point.py
[4.947s] -- Installing: /home/max/University/Robotics and Automation/week2/workshop/ros2_tutorial_workspace/src/install/package_with_interfaces/local/lib/python3.10/dist-packages/package_with_interfaces/srv/_what_is_the_point_s.c
[4.947s] -- Installing: /home/max/University/Robotics and Automation/week2/workshop/ros2_tutorial_workspace/src/install/package_with_interfaces/local/lib/python3.10/dist-packages/package_with_interfaces/srv/__init__.py
[4.947s] -- Installing: /home/max/University/Robotics and Automation/week2/workshop/ros2_tutorial_workspace/src/install/package_with_interfaces/local/lib/python3.10/dist-packages/package_with_interfaces/package_with_interfaces_s__rosidl_typesupport_c.cpython-310-x86_64-linux-gnu.so
[4.948s] -- Installing: /home/max/University/Robotics and Automation/week2/workshop/ros2_tutorial_workspace/src/install/package_with_interfaces/local/lib/python3.10/dist-packages/package_with_interfaces/_package_with_interfaces_s.ep.rosidl_typesupport_fastrtps_c.c
[4.948s] -- Installing: /home/max/University/Robotics and Automation/week2/workshop/ros2_tutorial_workspace/src/install/package_with_interfaces/local/lib/python3.10/dist-packages/package_with_interfaces/package_with_interfaces_s__rosidl_typesupport_fastrtps_c.cpython-310-x86_64-linux-gnu.so
[4.948s] -- Installing: /home/max/University/Robotics and Automation/week2/workshop/ros2_tutorial_workspace/src/install/package_with_interfaces/local/lib/python3.10/dist-packages/package_with_interfaces/libpackage_with_interfaces__rosidl_generator_py.so
[4.948s] -- Installing: /home/max/University/Robotics and Automation/week2/workshop/ros2_tutorial_workspace/src/install/package_with_interfaces/local/lib/python3.10/dist-packages/package_with_interfaces/package_with_interfaces_s__rosidl_typesupport_introspection_c.cpython-310-x86_64-linux-gnu.so
[4.948s] -- Installing: /home/max/University/Robotics and Automation/week2/workshop/ros2_tutorial_workspace/src/install/package_with_interfaces/local/lib/python3.10/dist-packages/package_with_interfaces/__init__.py
[4.948s] -- Installing: /home/max/University/Robotics and Automation/week2/workshop/ros2_tutorial_workspace/src/install/package_with_interfaces/local/lib/python3.10/dist-packages/package_with_interfaces/_package_with_interfaces_s.ep.rosidl_typesupport_c.c
[5.003s] Listing '/home/max/University/Robotics and Automation/week2/workshop/ros2_tutorial_workspace/src/install/package_with_interfaces/local/lib/python3.10/dist-packages/package_with_interfaces'...
[5.003s] Compiling '/home/max/University/Robotics and Automation/week2/workshop/ros2_tutorial_workspace/src/install/package_with_interfaces/local/lib/python3.10/dist-packages/package_with_interfaces/__init__.py'...
[5.003s] Listing '/home/max/University/Robotics and Automation/week2/workshop/ros2_tutorial_workspace/src/install/package_with_interfaces/local/lib/python3.10/dist-packages/package_with_interfaces/msg'...
[5.004s] Compiling '/home/max/University/Robotics and Automation/week2/workshop/ros2_tutorial_workspace/src/install/package_with_interfaces/local/lib/python3.10/dist-packages/package_with_interfaces/msg/__init__.py'...
[5.004s] Compiling '/home/max/University/Robotics and Automation/week2/workshop/ros2_tutorial_workspace/src/install/package_with_interfaces/local/lib/python3.10/dist-packages/package_with_interfaces/msg/_amazing_quote.py'...
[5.004s] Listing '/home/max/University/Robotics and Automation/week2/workshop/ros2_tutorial_workspace/src/install/package_with_interfaces/local/lib/python3.10/dist-packages/package_with_interfaces/srv'...
[5.004s] Compiling '/home/max/University/Robotics and Automation/week2/workshop/ros2_tutorial_workspace/src/install/package_with_interfaces/local/lib/python3.10/dist-packages/package_with_interfaces/srv/__init__.py'...
[5.004s] Compiling '/home/max/University/Robotics and Automation/week2/workshop/ros2_tutorial_workspace/src/install/package_with_interfaces/local/lib/python3.10/dist-packages/package_with_interfaces/srv/_what_is_the_point.py'...
[5.009s] -- Installing: /home/max/University/Robotics and Automation/week2/workshop/ros2_tutorial_workspace/src/install/package_with_interfaces/local/lib/python3.10/dist-packages/package_with_interfaces/package_with_interfaces_s__rosidl_typesupport_fastrtps_c.cpython-310-x86_64-linux-gnu.so
[5.009s] -- Set runtime path of "/home/max/University/Robotics and Automation/week2/workshop/ros2_tutorial_workspace/src/install/package_with_interfaces/local/lib/python3.10/dist-packages/package_with_interfaces/package_with_interfaces_s__rosidl_typesupport_fastrtps_c.cpython-310-x86_64-linux-gnu.so" to ""
[5.010s] -- Installing: /home/max/University/Robotics and Automation/week2/workshop/ros2_tutorial_workspace/src/install/package_with_interfaces/local/lib/python3.10/dist-packages/package_with_interfaces/package_with_interfaces_s__rosidl_typesupport_introspection_c.cpython-310-x86_64-linux-gnu.so
[5.010s] -- Set runtime path of "/home/max/University/Robotics and Automation/week2/workshop/ros2_tutorial_workspace/src/install/package_with_interfaces/local/lib/python3.10/dist-packages/package_with_interfaces/package_with_interfaces_s__rosidl_typesupport_introspection_c.cpython-310-x86_64-linux-gnu.so" to ""
[5.010s] -- Installing: /home/max/University/Robotics and Automation/week2/workshop/ros2_tutorial_workspace/src/install/package_with_interfaces/local/lib/python3.10/dist-packages/package_with_interfaces/package_with_interfaces_s__rosidl_typesupport_c.cpython-310-x86_64-linux-gnu.so
[5.010s] -- Set runtime path of "/home/max/University/Robotics and Automation/week2/workshop/ros2_tutorial_workspace/src/install/package_with_interfaces/local/lib/python3.10/dist-packages/package_with_interfaces/package_with_interfaces_s__rosidl_typesupport_c.cpython-310-x86_64-linux-gnu.so" to ""
[5.010s] -- Installing: /home/max/University/Robotics and Automation/week2/workshop/ros2_tutorial_workspace/src/install/package_with_interfaces/lib/libpackage_with_interfaces__rosidl_generator_py.so
[5.011s] -- Set runtime path of "/home/max/University/Robotics and Automation/week2/workshop/ros2_tutorial_workspace/src/install/package_with_interfaces/lib/libpackage_with_interfaces__rosidl_generator_py.so" to ""
[5.011s] -- Installing: /home/max/University/Robotics and Automation/week2/workshop/ros2_tutorial_workspace/src/install/package_with_interfaces/share/package_with_interfaces/msg/AmazingQuote.idl
[5.011s] -- Installing: /home/max/University/Robotics and Automation/week2/workshop/ros2_tutorial_workspace/src/install/package_with_interfaces/share/package_with_interfaces/srv/WhatIsThePoint.idl
[5.011s] -- Installing: /home/max/University/Robotics and Automation/week2/workshop/ros2_tutorial_workspace/src/install/package_with_interfaces/share/package_with_interfaces/msg/AmazingQuote.msg
[5.011s] -- Installing: /home/max/University/Robotics and Automation/week2/workshop/ros2_tutorial_workspace/src/install/package_with_interfaces/share/package_with_interfaces/srv/WhatIsThePoint.srv
[5.011s] -- Installing: /home/max/University/Robotics and Automation/week2/workshop/ros2_tutorial_workspace/src/install/package_with_interfaces/share/package_with_interfaces/srv/WhatIsThePoint_Request.msg
[5.012s] -- Installing: /home/max/University/Robotics and Automation/week2/workshop/ros2_tutorial_workspace/src/install/package_with_interfaces/share/package_with_interfaces/srv/WhatIsThePoint_Response.msg
[5.012s] -- Installing: /home/max/University/Robotics and Automation/week2/workshop/ros2_tutorial_workspace/src/install/package_with_interfaces/share/ament_index/resource_index/package_run_dependencies/package_with_interfaces
[5.012s] -- Installing: /home/max/University/Robotics and Automation/week2/workshop/ros2_tutorial_workspace/src/install/package_with_interfaces/share/ament_index/resource_index/parent_prefix_path/package_with_interfaces
[5.012s] -- Installing: /home/max/University/Robotics and Automation/week2/workshop/ros2_tutorial_workspace/src/install/package_with_interfaces/share/package_with_interfaces/environment/ament_prefix_path.sh
[5.012s] -- Installing: /home/max/University/Robotics and Automation/week2/workshop/ros2_tutorial_workspace/src/install/package_with_interfaces/share/package_with_interfaces/environment/ament_prefix_path.dsv
[5.013s] -- Installing: /home/max/University/Robotics and Automation/week2/workshop/ros2_tutorial_workspace/src/install/package_with_interfaces/share/package_with_interfaces/environment/path.sh
[5.013s] -- Installing: /home/max/University/Robotics and Automation/week2/workshop/ros2_tutorial_workspace/src/install/package_with_interfaces/share/package_with_interfaces/environment/path.dsv
[5.013s] -- Installing: /home/max/University/Robotics and Automation/week2/workshop/ros2_tutorial_workspace/src/install/package_with_interfaces/share/package_with_interfaces/local_setup.bash
[5.013s] -- Installing: /home/max/University/Robotics and Automation/week2/workshop/ros2_tutorial_workspace/src/install/package_with_interfaces/share/package_with_interfaces/local_setup.sh
[5.014s] -- Installing: /home/max/University/Robotics and Automation/week2/workshop/ros2_tutorial_workspace/src/install/package_with_interfaces/share/package_with_interfaces/local_setup.zsh
[5.014s] -- Installing: /home/max/University/Robotics and Automation/week2/workshop/ros2_tutorial_workspace/src/install/package_with_interfaces/share/package_with_interfaces/local_setup.dsv
[5.014s] -- Installing: /home/max/University/Robotics and Automation/week2/workshop/ros2_tutorial_workspace/src/install/package_with_interfaces/share/package_with_interfaces/package.dsv
[5.014s] -- Installing: /home/max/University/Robotics and Automation/week2/workshop/ros2_tutorial_workspace/src/install/package_with_interfaces/share/ament_index/resource_index/packages/package_with_interfaces
[5.014s] -- Installing: /home/max/University/Robotics and Automation/week2/workshop/ros2_tutorial_workspace/src/install/package_with_interfaces/share/package_with_interfaces/cmake/export_package_with_interfaces__rosidl_generator_cExport.cmake
[5.014s] -- Installing: /home/max/University/Robotics and Automation/week2/workshop/ros2_tutorial_workspace/src/install/package_with_interfaces/share/package_with_interfaces/cmake/export_package_with_interfaces__rosidl_generator_cExport-noconfig.cmake
[5.015s] -- Installing: /home/max/University/Robotics and Automation/week2/workshop/ros2_tutorial_workspace/src/install/package_with_interfaces/share/package_with_interfaces/cmake/export_package_with_interfaces__rosidl_typesupport_fastrtps_cExport.cmake
[5.015s] -- Installing: /home/max/University/Robotics and Automation/week2/workshop/ros2_tutorial_workspace/src/install/package_with_interfaces/share/package_with_interfaces/cmake/export_package_with_interfaces__rosidl_typesupport_fastrtps_cExport-noconfig.cmake
[5.015s] -- Installing: /home/max/University/Robotics and Automation/week2/workshop/ros2_tutorial_workspace/src/install/package_with_interfaces/share/package_with_interfaces/cmake/export_package_with_interfaces__rosidl_generator_cppExport.cmake
[5.015s] -- Installing: /home/max/University/Robotics and Automation/week2/workshop/ros2_tutorial_workspace/src/install/package_with_interfaces/share/package_with_interfaces/cmake/export_package_with_interfaces__rosidl_typesupport_fastrtps_cppExport.cmake
[5.015s] -- Installing: /home/max/University/Robotics and Automation/week2/workshop/ros2_tutorial_workspace/src/install/package_with_interfaces/share/package_with_interfaces/cmake/export_package_with_interfaces__rosidl_typesupport_fastrtps_cppExport-noconfig.cmake
[5.015s] -- Installing: /home/max/University/Robotics and Automation/week2/workshop/ros2_tutorial_workspace/src/install/package_with_interfaces/share/package_with_interfaces/cmake/package_with_interfaces__rosidl_typesupport_introspection_cExport.cmake
[5.016s] -- Installing: /home/max/University/Robotics and Automation/week2/workshop/ros2_tutorial_workspace/src/install/package_with_interfaces/share/package_with_interfaces/cmake/package_with_interfaces__rosidl_typesupport_introspection_cExport-noconfig.cmake
[5.016s] -- Installing: /home/max/University/Robotics and Automation/week2/workshop/ros2_tutorial_workspace/src/install/package_with_interfaces/share/package_with_interfaces/cmake/package_with_interfaces__rosidl_typesupport_cExport.cmake
[5.016s] -- Installing: /home/max/University/Robotics and Automation/week2/workshop/ros2_tutorial_workspace/src/install/package_with_interfaces/share/package_with_interfaces/cmake/package_with_interfaces__rosidl_typesupport_cExport-noconfig.cmake
[5.016s] -- Installing: /home/max/University/Robotics and Automation/week2/workshop/ros2_tutorial_workspace/src/install/package_with_interfaces/share/package_with_interfaces/cmake/package_with_interfaces__rosidl_typesupport_introspection_cppExport.cmake
[5.016s] -- Installing: /home/max/University/Robotics and Automation/week2/workshop/ros2_tutorial_workspace/src/install/package_with_interfaces/share/package_with_interfaces/cmake/package_with_interfaces__rosidl_typesupport_introspection_cppExport-noconfig.cmake
[5.016s] -- Installing: /home/max/University/Robotics and Automation/week2/workshop/ros2_tutorial_workspace/src/install/package_with_interfaces/share/package_with_interfaces/cmake/package_with_interfaces__rosidl_typesupport_cppExport.cmake
[5.016s] -- Installing: /home/max/University/Robotics and Automation/week2/workshop/ros2_tutorial_workspace/src/install/package_with_interfaces/share/package_with_interfaces/cmake/package_with_interfaces__rosidl_typesupport_cppExport-noconfig.cmake
[5.017s] -- Installing: /home/max/University/Robotics and Automation/week2/workshop/ros2_tutorial_workspace/src/install/package_with_interfaces/share/package_with_interfaces/cmake/export_package_with_interfaces__rosidl_generator_pyExport.cmake
[5.017s] -- Installing: /home/max/University/Robotics and Automation/week2/workshop/ros2_tutorial_workspace/src/install/package_with_interfaces/share/package_with_interfaces/cmake/export_package_with_interfaces__rosidl_generator_pyExport-noconfig.cmake
[5.017s] -- Installing: /home/max/University/Robotics and Automation/week2/workshop/ros2_tutorial_workspace/src/install/package_with_interfaces/share/package_with_interfaces/cmake/rosidl_cmake-extras.cmake
[5.017s] -- Installing: /home/max/University/Robotics and Automation/week2/workshop/ros2_tutorial_workspace/src/install/package_with_interfaces/share/package_with_interfaces/cmake/ament_cmake_export_dependencies-extras.cmake
[5.017s] -- Installing: /home/max/University/Robotics and Automation/week2/workshop/ros2_tutorial_workspace/src/install/package_with_interfaces/share/package_with_interfaces/cmake/ament_cmake_export_include_directories-extras.cmake
[5.017s] -- Installing: /home/max/University/Robotics and Automation/week2/workshop/ros2_tutorial_workspace/src/install/package_with_interfaces/share/package_with_interfaces/cmake/ament_cmake_export_libraries-extras.cmake
[5.018s] -- Installing: /home/max/University/Robotics and Automation/week2/workshop/ros2_tutorial_workspace/src/install/package_with_interfaces/share/package_with_interfaces/cmake/ament_cmake_export_targets-extras.cmake
[5.018s] -- Installing: /home/max/University/Robotics and Automation/week2/workshop/ros2_tutorial_workspace/src/install/package_with_interfaces/share/package_with_interfaces/cmake/rosidl_cmake_export_typesupport_targets-extras.cmake
[5.018s] -- Installing: /home/max/University/Robotics and Automation/week2/workshop/ros2_tutorial_workspace/src/install/package_with_interfaces/share/package_with_interfaces/cmake/rosidl_cmake_export_typesupport_libraries-extras.cmake
[5.018s] -- Installing: /home/max/University/Robotics and Automation/week2/workshop/ros2_tutorial_workspace/src/install/package_with_interfaces/share/package_with_interfaces/cmake/package_with_interfacesConfig.cmake
[5.018s] -- Installing: /home/max/University/Robotics and Automation/week2/workshop/ros2_tutorial_workspace/src/install/package_with_interfaces/share/package_with_interfaces/cmake/package_with_interfacesConfig-version.cmake
[5.018s] -- Installing: /home/max/University/Robotics and Automation/week2/workshop/ros2_tutorial_workspace/src/install/package_with_interfaces/share/package_with_interfaces/package.xml
[5.021s] Invoked command in '/home/max/University/Robotics and Automation/week2/workshop/ros2_tutorial_workspace/src/build/package_with_interfaces' returned '0': CMAKE_PREFIX_PATH=/opt/ros/humble /usr/bin/cmake --install /home/max/University/Robotics and Automation/week2/workshop/ros2_tutorial_workspace/src/build/package_with_interfaces
