[0.839s] Invoking command in '/home/max/University/Robotics and Automation/week2/workshop/ros2_tutorial_workspace/src/python_package_with_a_node': PYTHONPATH=/home/max/University/Robotics and Automation/week2/workshop/ros2_tutorial_workspace/src/build/python_package_with_a_node/prefix_override:/usr/lib/python3/dist-packages/colcon_core/task/python/colcon_distutils_commands:/home/max/University/Robotics and Automation/week2/workshop/ros2_tutorial_workspace/src/install/python_package_with_a_node/lib/python3.10/site-packages:${PYTHONPATH} /usr/bin/python3 -W ignore:setup.py install is deprecated setup.py egg_info --egg-base ../build/python_package_with_a_node build --build-base /home/max/University/Robotics and Automation/week2/workshop/ros2_tutorial_workspace/src/build/python_package_with_a_node/build install --record /home/max/University/Robotics and Automation/week2/workshop/ros2_tutorial_workspace/src/build/python_package_with_a_node/install.log --single-version-externally-managed install_data
[0.999s] running egg_info
[1.001s] creating ../build/python_package_with_a_node/python_package_with_a_node.egg-info
[1.001s] writing ../build/python_package_with_a_node/python_package_with_a_node.egg-info/PKG-INFO
[1.002s] writing dependency_links to ../build/python_package_with_a_node/python_package_with_a_node.egg-info/dependency_links.txt
[1.002s] writing entry points to ../build/python_package_with_a_node/python_package_with_a_node.egg-info/entry_points.txt
[1.002s] writing requirements to ../build/python_package_with_a_node/python_package_with_a_node.egg-info/requires.txt
[1.002s] writing top-level names to ../build/python_package_with_a_node/python_package_with_a_node.egg-info/top_level.txt
[1.002s] writing manifest file '../build/python_package_with_a_node/python_package_with_a_node.egg-info/SOURCES.txt'
[1.003s] reading manifest file '../build/python_package_with_a_node/python_package_with_a_node.egg-info/SOURCES.txt'
[1.003s] writing manifest file '../build/python_package_with_a_node/python_package_with_a_node.egg-info/SOURCES.txt'
[1.003s] running build
[1.003s] running build_py
[1.003s] creating /home/max/University/Robotics and Automation/week2/workshop/ros2_tutorial_workspace/src/build/python_package_with_a_node/build
[1.003s] creating /home/max/University/Robotics and Automation/week2/workshop/ros2_tutorial_workspace/src/build/python_package_with_a_node/build/lib
[1.003s] creating /home/max/University/Robotics and Automation/week2/workshop/ros2_tutorial_workspace/src/build/python_package_with_a_node/build/lib/python_package_with_a_node
[1.004s] copying python_package_with_a_node/print_forever_node.py -> /home/max/University/Robotics and Automation/week2/workshop/ros2_tutorial_workspace/src/build/python_package_with_a_node/build/lib/python_package_with_a_node
[1.004s] copying python_package_with_a_node/__init__.py -> /home/max/University/Robotics and Automation/week2/workshop/ros2_tutorial_workspace/src/build/python_package_with_a_node/build/lib/python_package_with_a_node
[1.004s] copying python_package_with_a_node/sample_python_node.py -> /home/max/University/Robotics and Automation/week2/workshop/ros2_tutorial_workspace/src/build/python_package_with_a_node/build/lib/python_package_with_a_node
[1.004s] running install
[1.004s] running install_lib
[1.004s] creating /home/max/University/Robotics and Automation/week2/workshop/ros2_tutorial_workspace/src/install/python_package_with_a_node/lib/python3.10/site-packages/python_package_with_a_node
[1.004s] copying /home/max/University/Robotics and Automation/week2/workshop/ros2_tutorial_workspace/src/build/python_package_with_a_node/build/lib/python_package_with_a_node/print_forever_node.py -> /home/max/University/Robotics and Automation/week2/workshop/ros2_tutorial_workspace/src/install/python_package_with_a_node/lib/python3.10/site-packages/python_package_with_a_node
[1.004s] copying /home/max/University/Robotics and Automation/week2/workshop/ros2_tutorial_workspace/src/build/python_package_with_a_node/build/lib/python_package_with_a_node/__init__.py -> /home/max/University/Robotics and Automation/week2/workshop/ros2_tutorial_workspace/src/install/python_package_with_a_node/lib/python3.10/site-packages/python_package_with_a_node
[1.004s] copying /home/max/University/Robotics and Automation/week2/workshop/ros2_tutorial_workspace/src/build/python_package_with_a_node/build/lib/python_package_with_a_node/sample_python_node.py -> /home/max/University/Robotics and Automation/week2/workshop/ros2_tutorial_workspace/src/install/python_package_with_a_node/lib/python3.10/site-packages/python_package_with_a_node
[1.004s] byte-compiling /home/max/University/Robotics and Automation/week2/workshop/ros2_tutorial_workspace/src/install/python_package_with_a_node/lib/python3.10/site-packages/python_package_with_a_node/print_forever_node.py to print_forever_node.cpython-310.pyc
[1.005s] byte-compiling /home/max/University/Robotics and Automation/week2/workshop/ros2_tutorial_workspace/src/install/python_package_with_a_node/lib/python3.10/site-packages/python_package_with_a_node/__init__.py to __init__.cpython-310.pyc
[1.005s] byte-compiling /home/max/University/Robotics and Automation/week2/workshop/ros2_tutorial_workspace/src/install/python_package_with_a_node/lib/python3.10/site-packages/python_package_with_a_node/sample_python_node.py to sample_python_node.cpython-310.pyc
[1.005s] running install_data
[1.005s] creating /home/max/University/Robotics and Automation/week2/workshop/ros2_tutorial_workspace/src/install/python_package_with_a_node/share/ament_index
[1.005s] creating /home/max/University/Robotics and Automation/week2/workshop/ros2_tutorial_workspace/src/install/python_package_with_a_node/share/ament_index/resource_index
[1.005s] creating /home/max/University/Robotics and Automation/week2/workshop/ros2_tutorial_workspace/src/install/python_package_with_a_node/share/ament_index/resource_index/packages
[1.005s] copying resource/python_package_with_a_node -> /home/max/University/Robotics and Automation/week2/workshop/ros2_tutorial_workspace/src/install/python_package_with_a_node/share/ament_index/resource_index/packages
[1.005s] copying package.xml -> /home/max/University/Robotics and Automation/week2/workshop/ros2_tutorial_workspace/src/install/python_package_with_a_node/share/python_package_with_a_node
[1.005s] running install_egg_info
[1.006s] Copying ../build/python_package_with_a_node/python_package_with_a_node.egg-info to /home/max/University/Robotics and Automation/week2/workshop/ros2_tutorial_workspace/src/install/python_package_with_a_node/lib/python3.10/site-packages/python_package_with_a_node-0.0.0-py3.10.egg-info
[1.006s] running install_scripts
[1.020s] Installing print_forever_node script to /home/max/University/Robotics and Automation/week2/workshop/ros2_tutorial_workspace/src/install/python_package_with_a_node/lib/python_package_with_a_node
[1.020s] Installing sample_python_node script to /home/max/University/Robotics and Automation/week2/workshop/ros2_tutorial_workspace/src/install/python_package_with_a_node/lib/python_package_with_a_node
[1.020s] writing list of installed files to '/home/max/University/Robotics and Automation/week2/workshop/ros2_tutorial_workspace/src/build/python_package_with_a_node/install.log'
[1.050s] Invoked command in '/home/max/University/Robotics and Automation/week2/workshop/ros2_tutorial_workspace/src/python_package_with_a_node' returned '0': PYTHONPATH=/home/max/University/Robotics and Automation/week2/workshop/ros2_tutorial_workspace/src/build/python_package_with_a_node/prefix_override:/usr/lib/python3/dist-packages/colcon_core/task/python/colcon_distutils_commands:/home/max/University/Robotics and Automation/week2/workshop/ros2_tutorial_workspace/src/install/python_package_with_a_node/lib/python3.10/site-packages:${PYTHONPATH} /usr/bin/python3 -W ignore:setup.py install is deprecated setup.py egg_info --egg-base ../build/python_package_with_a_node build --build-base /home/max/University/Robotics and Automation/week2/workshop/ros2_tutorial_workspace/src/build/python_package_with_a_node/build install --record /home/max/University/Robotics and Automation/week2/workshop/ros2_tutorial_workspace/src/build/python_package_with_a_node/install.log --single-version-externally-managed install_data
