[0.018s] Invoking command in '/home/max/University/Robotics and Automation/week2/workshop/ros2_tutorial_workspace/build/package_with_interfaces': CMAKE_PREFIX_PATH=${CMAKE_PREFIX_PATH}:/home/max/University/Robotics and Automation/week2/workshop/ros2_tutorial_workspace/src/install/the_simplest_python_package:/home/max/University/Robotics and Automation/week2/workshop/ros2_tutorial_workspace/src/install/python_package_with_a_node:/opt/ros/humble /usr/bin/cmake /home/max/University/Robotics and Automation/week2/workshop/ros2_tutorial_workspace/src/package_with_interfaces -DCMAKE_INSTALL_PREFIX=/home/max/University/Robotics and Automation/week2/workshop/ros2_tutorial_workspace/install/package_with_interfaces
[0.258s] -- The C compiler identification is GNU 11.4.0
[0.258s] -- The CXX compiler identification is GNU 11.4.0
[0.258s] -- Detecting C compiler ABI info
[0.258s] -- Detecting C compiler ABI info - done
[0.259s] -- Check for working C compiler: /usr/bin/cc - skipped
[0.259s] -- Detecting C compile features
[0.259s] -- Detecting C compile features - done
[0.259s] -- Detecting CXX compiler ABI info
[0.376s] -- Detecting CXX compiler ABI info - done
[0.383s] -- Check for working CXX compiler: /usr/bin/c++ - skipped
[0.383s] -- Detecting CXX compile features
[0.383s] -- Detecting CXX compile features - done
[0.385s] -- Found ament_cmake: 1.3.10 (/opt/ros/humble/share/ament_cmake/cmake)
[0.518s] -- Found Python3: /usr/bin/python3 (found version "3.10.12") found components: Interpreter 
[0.606s] -- Found geometry_msgs: 4.2.4 (/opt/ros/humble/share/geometry_msgs/cmake)
[0.643s] -- Found rosidl_generator_c: 3.1.5 (/opt/ros/humble/share/rosidl_generator_c/cmake)
[0.648s] -- Found rosidl_adapter: 3.1.5 (/opt/ros/humble/share/rosidl_adapter/cmake)
[0.656s] -- Found rosidl_generator_cpp: 3.1.5 (/opt/ros/humble/share/rosidl_generator_cpp/cmake)
[0.668s] -- Using all available rosidl_typesupport_c: rosidl_typesupport_fastrtps_c;rosidl_typesupport_introspection_c
[0.686s] -- Using all available rosidl_typesupport_cpp: rosidl_typesupport_fastrtps_cpp;rosidl_typesupport_introspection_cpp
[0.714s] -- Found rosidl_default_generators: 1.2.0 (/opt/ros/humble/share/rosidl_default_generators/cmake)
[0.931s] -- Found ament_cmake_ros: 0.10.0 (/opt/ros/humble/share/ament_cmake_ros/cmake)
[1.457s] -- Using all available rosidl_typesupport_c: rosidl_typesupport_fastrtps_c;rosidl_typesupport_introspection_c
[1.655s] -- Using all available rosidl_typesupport_cpp: rosidl_typesupport_fastrtps_cpp;rosidl_typesupport_introspection_cpp
[1.687s] -- Found PythonInterp: /usr/bin/python3 (found suitable version "3.10.12", minimum required is "3.6") 
[1.689s] -- Found python_cmake_module: 0.10.0 (/opt/ros/humble/share/python_cmake_module/cmake)
[1.726s] -- Found PythonLibs: /usr/lib/x86_64-linux-gnu/libpython3.10.so (found suitable version "3.10.12", minimum required is "3.5") 
[1.726s] -- Using PYTHON_EXECUTABLE: /usr/bin/python3
[1.726s] -- Using PYTHON_INCLUDE_DIRS: /usr/include/python3.10
[1.726s] -- Using PYTHON_LIBRARIES: /usr/lib/x86_64-linux-gnu/libpython3.10.so
[1.767s] -- Found PythonExtra: .so  
[1.840s] -- Found ament_lint_auto: 0.12.11 (/opt/ros/humble/share/ament_lint_auto/cmake)
[1.863s] -- Added test 'lint_cmake' to check CMake code style
[1.865s] -- Added test 'xmllint' to check XML markup files
[1.867s] -- Configuring done
[1.904s] -- Generating done
[1.907s] -- Build files have been written to: /home/max/University/Robotics and Automation/week2/workshop/ros2_tutorial_workspace/build/package_with_interfaces
[1.917s] Invoked command in '/home/max/University/Robotics and Automation/week2/workshop/ros2_tutorial_workspace/build/package_with_interfaces' returned '0': CMAKE_PREFIX_PATH=${CMAKE_PREFIX_PATH}:/home/max/University/Robotics and Automation/week2/workshop/ros2_tutorial_workspace/src/install/the_simplest_python_package:/home/max/University/Robotics and Automation/week2/workshop/ros2_tutorial_workspace/src/install/python_package_with_a_node:/opt/ros/humble /usr/bin/cmake /home/max/University/Robotics and Automation/week2/workshop/ros2_tutorial_workspace/src/package_with_interfaces -DCMAKE_INSTALL_PREFIX=/home/max/University/Robotics and Automation/week2/workshop/ros2_tutorial_workspace/install/package_with_interfaces
[1.919s] Invoking command in '/home/max/University/Robotics and Automation/week2/workshop/ros2_tutorial_workspace/build/package_with_interfaces': CMAKE_PREFIX_PATH=${CMAKE_PREFIX_PATH}:/home/max/University/Robotics and Automation/week2/workshop/ros2_tutorial_workspace/src/install/the_simplest_python_package:/home/max/University/Robotics and Automation/week2/workshop/ros2_tutorial_workspace/src/install/python_package_with_a_node:/opt/ros/humble /usr/bin/cmake --build /home/max/University/Robotics and Automation/week2/workshop/ros2_tutorial_workspace/build/package_with_interfaces -- -j12 -l12
[1.989s] [  2%] [34m[1mGenerating C code for ROS interfaces[0m
[2.006s] [  5%] [34m[1mGenerating C++ code for ROS interfaces[0m
[2.015s] [  5%] Built target ament_cmake_python_copy_package_with_interfaces
[2.235s] running egg_info
[2.236s] creating package_with_interfaces.egg-info
[2.236s] writing package_with_interfaces.egg-info/PKG-INFO
[2.236s] writing dependency_links to package_with_interfaces.egg-info/dependency_links.txt
[2.236s] writing top-level names to package_with_interfaces.egg-info/top_level.txt
[2.237s] writing manifest file 'package_with_interfaces.egg-info/SOURCES.txt'
[2.238s] reading manifest file 'package_with_interfaces.egg-info/SOURCES.txt'
[2.238s] writing manifest file 'package_with_interfaces.egg-info/SOURCES.txt'
[2.266s] [  5%] Built target ament_cmake_python_build_package_with_interfaces_egg
[2.293s] [  5%] Built target package_with_interfaces__cpp
[2.302s] [  7%] [34m[1mGenerating C++ type support dispatch for ROS interfaces[0m
[2.302s] [ 10%] [34m[1mGenerating C++ type support for eProsima Fast-RTPS[0m
[2.303s] [ 12%] [34m[1mGenerating C++ introspection for ROS interfaces[0m
[2.375s] [ 17%] [32mBuilding C object CMakeFiles/package_with_interfaces__rosidl_generator_c.dir/rosidl_generator_c/package_with_interfaces/msg/detail/amazing_quote__functions.c.o[0m
[2.375s] [ 17%] [32mBuilding C object CMakeFiles/package_with_interfaces__rosidl_generator_c.dir/rosidl_generator_c/package_with_interfaces/srv/detail/what_is_the_point__functions.c.o[0m
[2.426s] [ 20%] [32m[1mLinking C shared library libpackage_with_interfaces__rosidl_generator_c.so[0m
[2.461s] [ 20%] Built target package_with_interfaces__rosidl_generator_c
[2.469s] [ 23%] [34m[1mGenerating C type support dispatch for ROS interfaces[0m
[2.471s] [ 28%] [34m[1mGenerating C introspection for ROS interfaces[0m
[2.471s] [ 28%] [34m[1mGenerating C type support for eProsima Fast-RTPS[0m
[2.490s] [ 33%] [32mBuilding CXX object CMakeFiles/package_with_interfaces__rosidl_typesupport_cpp.dir/rosidl_typesupport_cpp/package_with_interfaces/srv/what_is_the_point__type_support.cpp.o[0m
[2.491s] [ 33%] [32mBuilding CXX object CMakeFiles/package_with_interfaces__rosidl_typesupport_cpp.dir/rosidl_typesupport_cpp/package_with_interfaces/msg/amazing_quote__type_support.cpp.o[0m
[2.621s] [ 38%] [32mBuilding CXX object CMakeFiles/package_with_interfaces__rosidl_typesupport_introspection_cpp.dir/rosidl_typesupport_introspection_cpp/package_with_interfaces/srv/detail/what_is_the_point__type_support.cpp.o[0m
[2.621s] [ 38%] [32mBuilding CXX object CMakeFiles/package_with_interfaces__rosidl_typesupport_introspection_cpp.dir/rosidl_typesupport_introspection_cpp/package_with_interfaces/msg/detail/amazing_quote__type_support.cpp.o[0m
[2.647s] [ 43%] [32mBuilding CXX object CMakeFiles/package_with_interfaces__rosidl_typesupport_fastrtps_cpp.dir/rosidl_typesupport_fastrtps_cpp/package_with_interfaces/msg/detail/dds_fastrtps/amazing_quote__type_support.cpp.o[0m
[2.648s] [ 43%] [32mBuilding CXX object CMakeFiles/package_with_interfaces__rosidl_typesupport_fastrtps_cpp.dir/rosidl_typesupport_fastrtps_cpp/package_with_interfaces/srv/detail/dds_fastrtps/what_is_the_point__type_support.cpp.o[0m
[2.682s] [ 48%] [32mBuilding CXX object CMakeFiles/package_with_interfaces__rosidl_typesupport_c.dir/rosidl_typesupport_c/package_with_interfaces/srv/what_is_the_point__type_support.cpp.o[0m
[2.682s] [ 48%] [32mBuilding CXX object CMakeFiles/package_with_interfaces__rosidl_typesupport_c.dir/rosidl_typesupport_c/package_with_interfaces/msg/amazing_quote__type_support.cpp.o[0m
[2.711s] [ 51%] [32mBuilding C object CMakeFiles/package_with_interfaces__rosidl_typesupport_introspection_c.dir/rosidl_typesupport_introspection_c/package_with_interfaces/srv/detail/what_is_the_point__type_support.c.o[0m
[2.711s] [ 53%] [32mBuilding C object CMakeFiles/package_with_interfaces__rosidl_typesupport_introspection_c.dir/rosidl_typesupport_introspection_c/package_with_interfaces/msg/detail/amazing_quote__type_support.c.o[0m
[2.726s] [ 56%] [32m[1mLinking CXX shared library libpackage_with_interfaces__rosidl_typesupport_c.so[0m
[2.764s] [ 58%] [32m[1mLinking C shared library libpackage_with_interfaces__rosidl_typesupport_introspection_c.so[0m
[2.784s] [ 58%] Built target package_with_interfaces__rosidl_typesupport_c
[2.806s] [ 58%] Built target package_with_interfaces__rosidl_typesupport_introspection_c
[2.827s] [ 61%] [32m[1mLinking CXX shared library libpackage_with_interfaces__rosidl_typesupport_cpp.so[0m
[2.836s] [ 66%] [32mBuilding CXX object CMakeFiles/package_with_interfaces__rosidl_typesupport_fastrtps_c.dir/rosidl_typesupport_fastrtps_c/package_with_interfaces/msg/detail/amazing_quote__type_support_c.cpp.o[0m
[2.836s] [ 66%] [32mBuilding CXX object CMakeFiles/package_with_interfaces__rosidl_typesupport_fastrtps_c.dir/rosidl_typesupport_fastrtps_c/package_with_interfaces/srv/detail/what_is_the_point__type_support_c.cpp.o[0m
[2.869s] [ 66%] Built target package_with_interfaces__rosidl_typesupport_cpp
[2.991s] [ 69%] [32m[1mLinking CXX shared library libpackage_with_interfaces__rosidl_typesupport_fastrtps_cpp.so[0m
[3.069s] [ 69%] Built target package_with_interfaces__rosidl_typesupport_fastrtps_cpp
[3.077s] [ 71%] [32m[1mLinking CXX shared library libpackage_with_interfaces__rosidl_typesupport_introspection_cpp.so[0m
[3.139s] [ 71%] Built target package_with_interfaces__rosidl_typesupport_introspection_cpp
[3.159s] [ 74%] [32m[1mLinking CXX shared library libpackage_with_interfaces__rosidl_typesupport_fastrtps_c.so[0m
[3.268s] [ 74%] Built target package_with_interfaces__rosidl_typesupport_fastrtps_c
[3.304s] [ 74%] Built target package_with_interfaces
[3.336s] [ 76%] [34m[1mGenerating Python code for ROS interfaces[0m
[3.672s] [ 76%] Built target package_with_interfaces__py
[3.705s] [ 79%] [32mBuilding C object CMakeFiles/package_with_interfaces__rosidl_generator_py.dir/rosidl_generator_py/package_with_interfaces/msg/_amazing_quote_s.c.o[0m
[3.706s] [ 82%] [32mBuilding C object CMakeFiles/package_with_interfaces__rosidl_generator_py.dir/rosidl_generator_py/package_with_interfaces/srv/_what_is_the_point_s.c.o[0m
[3.869s] [ 84%] [32m[1mLinking C shared library rosidl_generator_py/package_with_interfaces/libpackage_with_interfaces__rosidl_generator_py.so[0m
[3.929s] [ 84%] Built target package_with_interfaces__rosidl_generator_py
[3.973s] [ 87%] [32mBuilding C object CMakeFiles/package_with_interfaces__rosidl_typesupport_introspection_c__pyext.dir/rosidl_generator_py/package_with_interfaces/_package_with_interfaces_s.ep.rosidl_typesupport_introspection_c.c.o[0m
[3.974s] [ 89%] [32mBuilding C object CMakeFiles/package_with_interfaces__rosidl_typesupport_c__pyext.dir/rosidl_generator_py/package_with_interfaces/_package_with_interfaces_s.ep.rosidl_typesupport_c.c.o[0m
[3.975s] [ 92%] [32mBuilding C object CMakeFiles/package_with_interfaces__rosidl_typesupport_fastrtps_c__pyext.dir/rosidl_generator_py/package_with_interfaces/_package_with_interfaces_s.ep.rosidl_typesupport_fastrtps_c.c.o[0m
[4.116s] [ 94%] [32m[1mLinking C shared library rosidl_generator_py/package_with_interfaces/package_with_interfaces_s__rosidl_typesupport_c.cpython-310-x86_64-linux-gnu.so[0m
[4.116s] [ 97%] [32m[1mLinking C shared library rosidl_generator_py/package_with_interfaces/package_with_interfaces_s__rosidl_typesupport_fastrtps_c.cpython-310-x86_64-linux-gnu.so[0m
[4.156s] [100%] [32m[1mLinking C shared library rosidl_generator_py/package_with_interfaces/package_with_interfaces_s__rosidl_typesupport_introspection_c.cpython-310-x86_64-linux-gnu.so[0m
[4.166s] [100%] Built target package_with_interfaces__rosidl_typesupport_c__pyext
[4.179s] [100%] Built target package_with_interfaces__rosidl_typesupport_fastrtps_c__pyext
[4.221s] [100%] Built target package_with_interfaces__rosidl_typesupport_introspection_c__pyext
[4.237s] Invoked command in '/home/max/University/Robotics and Automation/week2/workshop/ros2_tutorial_workspace/build/package_with_interfaces' returned '0': CMAKE_PREFIX_PATH=${CMAKE_PREFIX_PATH}:/home/max/University/Robotics and Automation/week2/workshop/ros2_tutorial_workspace/src/install/the_simplest_python_package:/home/max/University/Robotics and Automation/week2/workshop/ros2_tutorial_workspace/src/install/python_package_with_a_node:/opt/ros/humble /usr/bin/cmake --build /home/max/University/Robotics and Automation/week2/workshop/ros2_tutorial_workspace/build/package_with_interfaces -- -j12 -l12
[4.375s] Invoking command in '/home/max/University/Robotics and Automation/week2/workshop/ros2_tutorial_workspace/build/package_with_interfaces': CMAKE_PREFIX_PATH=${CMAKE_PREFIX_PATH}:/home/max/University/Robotics and Automation/week2/workshop/ros2_tutorial_workspace/src/install/the_simplest_python_package:/home/max/University/Robotics and Automation/week2/workshop/ros2_tutorial_workspace/src/install/python_package_with_a_node:/opt/ros/humble /usr/bin/cmake --install /home/max/University/Robotics and Automation/week2/workshop/ros2_tutorial_workspace/build/package_with_interfaces
[4.385s] -- Install configuration: ""
[4.385s] -- Installing: /home/max/University/Robotics and Automation/week2/workshop/ros2_tutorial_workspace/install/package_with_interfaces/share/ament_index/resource_index/rosidl_interfaces/package_with_interfaces
[4.385s] -- Installing: /home/max/University/Robotics and Automation/week2/workshop/ros2_tutorial_workspace/install/package_with_interfaces/include/package_with_interfaces/package_with_interfaces
[4.386s] -- Installing: /home/max/University/Robotics and Automation/week2/workshop/ros2_tutorial_workspace/install/package_with_interfaces/include/package_with_interfaces/package_with_interfaces/msg
[4.386s] -- Installing: /home/max/University/Robotics and Automation/week2/workshop/ros2_tutorial_workspace/install/package_with_interfaces/include/package_with_interfaces/package_with_interfaces/msg/detail
[4.386s] -- Installing: /home/max/University/Robotics and Automation/week2/workshop/ros2_tutorial_workspace/install/package_with_interfaces/include/package_with_interfaces/package_with_interfaces/msg/detail/amazing_quote__functions.c
[4.386s] -- Installing: /home/max/University/Robotics and Automation/week2/workshop/ros2_tutorial_workspace/install/package_with_interfaces/include/package_with_interfaces/package_with_interfaces/msg/detail/amazing_quote__type_support.h
[4.386s] -- Installing: /home/max/University/Robotics and Automation/week2/workshop/ros2_tutorial_workspace/install/package_with_interfaces/include/package_with_interfaces/package_with_interfaces/msg/detail/amazing_quote__functions.h
[4.387s] -- Installing: /home/max/University/Robotics and Automation/week2/workshop/ros2_tutorial_workspace/install/package_with_interfaces/include/package_with_interfaces/package_with_interfaces/msg/detail/amazing_quote__struct.h
[4.387s] -- Installing: /home/max/University/Robotics and Automation/week2/workshop/ros2_tutorial_workspace/install/package_with_interfaces/include/package_with_interfaces/package_with_interfaces/msg/rosidl_generator_c__visibility_control.h
[4.387s] -- Installing: /home/max/University/Robotics and Automation/week2/workshop/ros2_tutorial_workspace/install/package_with_interfaces/include/package_with_interfaces/package_with_interfaces/msg/amazing_quote.h
[4.387s] -- Installing: /home/max/University/Robotics and Automation/week2/workshop/ros2_tutorial_workspace/install/package_with_interfaces/include/package_with_interfaces/package_with_interfaces/srv
[4.387s] -- Installing: /home/max/University/Robotics and Automation/week2/workshop/ros2_tutorial_workspace/install/package_with_interfaces/include/package_with_interfaces/package_with_interfaces/srv/detail
[4.387s] -- Installing: /home/max/University/Robotics and Automation/week2/workshop/ros2_tutorial_workspace/install/package_with_interfaces/include/package_with_interfaces/package_with_interfaces/srv/detail/what_is_the_point__functions.c
[4.388s] -- Installing: /home/max/University/Robotics and Automation/week2/workshop/ros2_tutorial_workspace/install/package_with_interfaces/include/package_with_interfaces/package_with_interfaces/srv/detail/what_is_the_point__functions.h
[4.388s] -- Installing: /home/max/University/Robotics and Automation/week2/workshop/ros2_tutorial_workspace/install/package_with_interfaces/include/package_with_interfaces/package_with_interfaces/srv/detail/what_is_the_point__type_support.h
[4.388s] -- Installing: /home/max/University/Robotics and Automation/week2/workshop/ros2_tutorial_workspace/install/package_with_interfaces/include/package_with_interfaces/package_with_interfaces/srv/detail/what_is_the_point__struct.h
[4.388s] -- Installing: /home/max/University/Robotics and Automation/week2/workshop/ros2_tutorial_workspace/install/package_with_interfaces/include/package_with_interfaces/package_with_interfaces/srv/what_is_the_point.h
[4.388s] -- Installing: /home/max/University/Robotics and Automation/week2/workshop/ros2_tutorial_workspace/install/package_with_interfaces/share/package_with_interfaces/environment/library_path.sh
[4.389s] -- Installing: /home/max/University/Robotics and Automation/week2/workshop/ros2_tutorial_workspace/install/package_with_interfaces/share/package_with_interfaces/environment/library_path.dsv
[4.389s] -- Installing: /home/max/University/Robotics and Automation/week2/workshop/ros2_tutorial_workspace/install/package_with_interfaces/lib/libpackage_with_interfaces__rosidl_generator_c.so
[4.389s] -- Set runtime path of "/home/max/University/Robotics and Automation/week2/workshop/ros2_tutorial_workspace/install/package_with_interfaces/lib/libpackage_with_interfaces__rosidl_generator_c.so" to ""
[4.389s] -- Up-to-date: /home/max/University/Robotics and Automation/week2/workshop/ros2_tutorial_workspace/install/package_with_interfaces/include/package_with_interfaces/package_with_interfaces
[4.389s] -- Up-to-date: /home/max/University/Robotics and Automation/week2/workshop/ros2_tutorial_workspace/install/package_with_interfaces/include/package_with_interfaces/package_with_interfaces/msg
[4.389s] -- Installing: /home/max/University/Robotics and Automation/week2/workshop/ros2_tutorial_workspace/install/package_with_interfaces/include/package_with_interfaces/package_with_interfaces/msg/rosidl_typesupport_fastrtps_c__visibility_control.h
[4.389s] -- Up-to-date: /home/max/University/Robotics and Automation/week2/workshop/ros2_tutorial_workspace/install/package_with_interfaces/include/package_with_interfaces/package_with_interfaces/msg/detail
[4.389s] -- Installing: /home/max/University/Robotics and Automation/week2/workshop/ros2_tutorial_workspace/install/package_with_interfaces/include/package_with_interfaces/package_with_interfaces/msg/detail/amazing_quote__rosidl_typesupport_fastrtps_c.h
[4.389s] -- Up-to-date: /home/max/University/Robotics and Automation/week2/workshop/ros2_tutorial_workspace/install/package_with_interfaces/include/package_with_interfaces/package_with_interfaces/srv
[4.389s] -- Up-to-date: /home/max/University/Robotics and Automation/week2/workshop/ros2_tutorial_workspace/install/package_with_interfaces/include/package_with_interfaces/package_with_interfaces/srv/detail
[4.389s] -- Installing: /home/max/University/Robotics and Automation/week2/workshop/ros2_tutorial_workspace/install/package_with_interfaces/include/package_with_interfaces/package_with_interfaces/srv/detail/what_is_the_point__rosidl_typesupport_fastrtps_c.h
[4.389s] -- Installing: /home/max/University/Robotics and Automation/week2/workshop/ros2_tutorial_workspace/install/package_with_interfaces/lib/libpackage_with_interfaces__rosidl_typesupport_fastrtps_c.so
[4.390s] -- Set runtime path of "/home/max/University/Robotics and Automation/week2/workshop/ros2_tutorial_workspace/install/package_with_interfaces/lib/libpackage_with_interfaces__rosidl_typesupport_fastrtps_c.so" to ""
[4.390s] -- Up-to-date: /home/max/University/Robotics and Automation/week2/workshop/ros2_tutorial_workspace/install/package_with_interfaces/include/package_with_interfaces/package_with_interfaces
[4.390s] -- Up-to-date: /home/max/University/Robotics and Automation/week2/workshop/ros2_tutorial_workspace/install/package_with_interfaces/include/package_with_interfaces/package_with_interfaces/msg
[4.390s] -- Installing: /home/max/University/Robotics and Automation/week2/workshop/ros2_tutorial_workspace/install/package_with_interfaces/include/package_with_interfaces/package_with_interfaces/msg/amazing_quote.hpp
[4.390s] -- Up-to-date: /home/max/University/Robotics and Automation/week2/workshop/ros2_tutorial_workspace/install/package_with_interfaces/include/package_with_interfaces/package_with_interfaces/msg/detail
[4.390s] -- Installing: /home/max/University/Robotics and Automation/week2/workshop/ros2_tutorial_workspace/install/package_with_interfaces/include/package_with_interfaces/package_with_interfaces/msg/detail/amazing_quote__builder.hpp
[4.390s] -- Installing: /home/max/University/Robotics and Automation/week2/workshop/ros2_tutorial_workspace/install/package_with_interfaces/include/package_with_interfaces/package_with_interfaces/msg/detail/amazing_quote__struct.hpp
[4.390s] -- Installing: /home/max/University/Robotics and Automation/week2/workshop/ros2_tutorial_workspace/install/package_with_interfaces/include/package_with_interfaces/package_with_interfaces/msg/detail/amazing_quote__traits.hpp
[4.390s] -- Up-to-date: /home/max/University/Robotics and Automation/week2/workshop/ros2_tutorial_workspace/install/package_with_interfaces/include/package_with_interfaces/package_with_interfaces/srv
[4.390s] -- Up-to-date: /home/max/University/Robotics and Automation/week2/workshop/ros2_tutorial_workspace/install/package_with_interfaces/include/package_with_interfaces/package_with_interfaces/srv/detail
[4.390s] -- Installing: /home/max/University/Robotics and Automation/week2/workshop/ros2_tutorial_workspace/install/package_with_interfaces/include/package_with_interfaces/package_with_interfaces/srv/detail/what_is_the_point__struct.hpp
[4.390s] -- Installing: /home/max/University/Robotics and Automation/week2/workshop/ros2_tutorial_workspace/install/package_with_interfaces/include/package_with_interfaces/package_with_interfaces/srv/detail/what_is_the_point__builder.hpp
[4.390s] -- Installing: /home/max/University/Robotics and Automation/week2/workshop/ros2_tutorial_workspace/install/package_with_interfaces/include/package_with_interfaces/package_with_interfaces/srv/detail/what_is_the_point__traits.hpp
[4.390s] -- Installing: /home/max/University/Robotics and Automation/week2/workshop/ros2_tutorial_workspace/install/package_with_interfaces/include/package_with_interfaces/package_with_interfaces/srv/what_is_the_point.hpp
[4.390s] -- Up-to-date: /home/max/University/Robotics and Automation/week2/workshop/ros2_tutorial_workspace/install/package_with_interfaces/include/package_with_interfaces/package_with_interfaces
[4.391s] -- Up-to-date: /home/max/University/Robotics and Automation/week2/workshop/ros2_tutorial_workspace/install/package_with_interfaces/include/package_with_interfaces/package_with_interfaces/msg
[4.391s] -- Up-to-date: /home/max/University/Robotics and Automation/week2/workshop/ros2_tutorial_workspace/install/package_with_interfaces/include/package_with_interfaces/package_with_interfaces/msg/detail
[4.391s] -- Installing: /home/max/University/Robotics and Automation/week2/workshop/ros2_tutorial_workspace/install/package_with_interfaces/include/package_with_interfaces/package_with_interfaces/msg/detail/amazing_quote__rosidl_typesupport_fastrtps_cpp.hpp
[4.391s] -- Installing: /home/max/University/Robotics and Automation/week2/workshop/ros2_tutorial_workspace/install/package_with_interfaces/include/package_with_interfaces/package_with_interfaces/msg/detail/dds_fastrtps
[4.391s] -- Installing: /home/max/University/Robotics and Automation/week2/workshop/ros2_tutorial_workspace/install/package_with_interfaces/include/package_with_interfaces/package_with_interfaces/msg/rosidl_typesupport_fastrtps_cpp__visibility_control.h
[4.391s] -- Up-to-date: /home/max/University/Robotics and Automation/week2/workshop/ros2_tutorial_workspace/install/package_with_interfaces/include/package_with_interfaces/package_with_interfaces/srv
[4.391s] -- Up-to-date: /home/max/University/Robotics and Automation/week2/workshop/ros2_tutorial_workspace/install/package_with_interfaces/include/package_with_interfaces/package_with_interfaces/srv/detail
[4.391s] -- Installing: /home/max/University/Robotics and Automation/week2/workshop/ros2_tutorial_workspace/install/package_with_interfaces/include/package_with_interfaces/package_with_interfaces/srv/detail/what_is_the_point__rosidl_typesupport_fastrtps_cpp.hpp
[4.391s] -- Installing: /home/max/University/Robotics and Automation/week2/workshop/ros2_tutorial_workspace/install/package_with_interfaces/include/package_with_interfaces/package_with_interfaces/srv/detail/dds_fastrtps
[4.391s] -- Installing: /home/max/University/Robotics and Automation/week2/workshop/ros2_tutorial_workspace/install/package_with_interfaces/lib/libpackage_with_interfaces__rosidl_typesupport_fastrtps_cpp.so
[4.391s] -- Set runtime path of "/home/max/University/Robotics and Automation/week2/workshop/ros2_tutorial_workspace/install/package_with_interfaces/lib/libpackage_with_interfaces__rosidl_typesupport_fastrtps_cpp.so" to ""
[4.391s] -- Up-to-date: /home/max/University/Robotics and Automation/week2/workshop/ros2_tutorial_workspace/install/package_with_interfaces/include/package_with_interfaces/package_with_interfaces
[4.391s] -- Up-to-date: /home/max/University/Robotics and Automation/week2/workshop/ros2_tutorial_workspace/install/package_with_interfaces/include/package_with_interfaces/package_with_interfaces/msg
[4.392s] -- Up-to-date: /home/max/University/Robotics and Automation/week2/workshop/ros2_tutorial_workspace/install/package_with_interfaces/include/package_with_interfaces/package_with_interfaces/msg/detail
[4.392s] -- Installing: /home/max/University/Robotics and Automation/week2/workshop/ros2_tutorial_workspace/install/package_with_interfaces/include/package_with_interfaces/package_with_interfaces/msg/detail/amazing_quote__rosidl_typesupport_introspection_c.h
[4.392s] -- Installing: /home/max/University/Robotics and Automation/week2/workshop/ros2_tutorial_workspace/install/package_with_interfaces/include/package_with_interfaces/package_with_interfaces/msg/detail/amazing_quote__type_support.c
[4.392s] -- Installing: /home/max/University/Robotics and Automation/week2/workshop/ros2_tutorial_workspace/install/package_with_interfaces/include/package_with_interfaces/package_with_interfaces/msg/rosidl_typesupport_introspection_c__visibility_control.h
[4.392s] -- Up-to-date: /home/max/University/Robotics and Automation/week2/workshop/ros2_tutorial_workspace/install/package_with_interfaces/include/package_with_interfaces/package_with_interfaces/srv
[4.392s] -- Up-to-date: /home/max/University/Robotics and Automation/week2/workshop/ros2_tutorial_workspace/install/package_with_interfaces/include/package_with_interfaces/package_with_interfaces/srv/detail
[4.392s] -- Installing: /home/max/University/Robotics and Automation/week2/workshop/ros2_tutorial_workspace/install/package_with_interfaces/include/package_with_interfaces/package_with_interfaces/srv/detail/what_is_the_point__rosidl_typesupport_introspection_c.h
[4.392s] -- Installing: /home/max/University/Robotics and Automation/week2/workshop/ros2_tutorial_workspace/install/package_with_interfaces/include/package_with_interfaces/package_with_interfaces/srv/detail/what_is_the_point__type_support.c
[4.392s] -- Installing: /home/max/University/Robotics and Automation/week2/workshop/ros2_tutorial_workspace/install/package_with_interfaces/lib/libpackage_with_interfaces__rosidl_typesupport_introspection_c.so
[4.392s] -- Set runtime path of "/home/max/University/Robotics and Automation/week2/workshop/ros2_tutorial_workspace/install/package_with_interfaces/lib/libpackage_with_interfaces__rosidl_typesupport_introspection_c.so" to ""
[4.392s] -- Installing: /home/max/University/Robotics and Automation/week2/workshop/ros2_tutorial_workspace/install/package_with_interfaces/lib/libpackage_with_interfaces__rosidl_typesupport_c.so
[4.392s] -- Set runtime path of "/home/max/University/Robotics and Automation/week2/workshop/ros2_tutorial_workspace/install/package_with_interfaces/lib/libpackage_with_interfaces__rosidl_typesupport_c.so" to ""
[4.392s] -- Up-to-date: /home/max/University/Robotics and Automation/week2/workshop/ros2_tutorial_workspace/install/package_with_interfaces/include/package_with_interfaces/package_with_interfaces
[4.392s] -- Up-to-date: /home/max/University/Robotics and Automation/week2/workshop/ros2_tutorial_workspace/install/package_with_interfaces/include/package_with_interfaces/package_with_interfaces/msg
[4.392s] -- Up-to-date: /home/max/University/Robotics and Automation/week2/workshop/ros2_tutorial_workspace/install/package_with_interfaces/include/package_with_interfaces/package_with_interfaces/msg/detail
[4.392s] -- Installing: /home/max/University/Robotics and Automation/week2/workshop/ros2_tutorial_workspace/install/package_with_interfaces/include/package_with_interfaces/package_with_interfaces/msg/detail/amazing_quote__type_support.cpp
[4.393s] -- Installing: /home/max/University/Robotics and Automation/week2/workshop/ros2_tutorial_workspace/install/package_with_interfaces/include/package_with_interfaces/package_with_interfaces/msg/detail/amazing_quote__rosidl_typesupport_introspection_cpp.hpp
[4.393s] -- Up-to-date: /home/max/University/Robotics and Automation/week2/workshop/ros2_tutorial_workspace/install/package_with_interfaces/include/package_with_interfaces/package_with_interfaces/srv
[4.393s] -- Up-to-date: /home/max/University/Robotics and Automation/week2/workshop/ros2_tutorial_workspace/install/package_with_interfaces/include/package_with_interfaces/package_with_interfaces/srv/detail
[4.393s] -- Installing: /home/max/University/Robotics and Automation/week2/workshop/ros2_tutorial_workspace/install/package_with_interfaces/include/package_with_interfaces/package_with_interfaces/srv/detail/what_is_the_point__type_support.cpp
[4.393s] -- Installing: /home/max/University/Robotics and Automation/week2/workshop/ros2_tutorial_workspace/install/package_with_interfaces/include/package_with_interfaces/package_with_interfaces/srv/detail/what_is_the_point__rosidl_typesupport_introspection_cpp.hpp
[4.393s] -- Installing: /home/max/University/Robotics and Automation/week2/workshop/ros2_tutorial_workspace/install/package_with_interfaces/lib/libpackage_with_interfaces__rosidl_typesupport_introspection_cpp.so
[4.393s] -- Set runtime path of "/home/max/University/Robotics and Automation/week2/workshop/ros2_tutorial_workspace/install/package_with_interfaces/lib/libpackage_with_interfaces__rosidl_typesupport_introspection_cpp.so" to ""
[4.393s] -- Installing: /home/max/University/Robotics and Automation/week2/workshop/ros2_tutorial_workspace/install/package_with_interfaces/lib/libpackage_with_interfaces__rosidl_typesupport_cpp.so
[4.393s] -- Set runtime path of "/home/max/University/Robotics and Automation/week2/workshop/ros2_tutorial_workspace/install/package_with_interfaces/lib/libpackage_with_interfaces__rosidl_typesupport_cpp.so" to ""
[4.393s] -- Installing: /home/max/University/Robotics and Automation/week2/workshop/ros2_tutorial_workspace/install/package_with_interfaces/share/package_with_interfaces/environment/pythonpath.sh
[4.393s] -- Installing: /home/max/University/Robotics and Automation/week2/workshop/ros2_tutorial_workspace/install/package_with_interfaces/share/package_with_interfaces/environment/pythonpath.dsv
[4.393s] -- Installing: /home/max/University/Robotics and Automation/week2/workshop/ros2_tutorial_workspace/install/package_with_interfaces/local/lib/python3.10/dist-packages/package_with_interfaces-0.0.0-py3.10.egg-info
[4.393s] -- Installing: /home/max/University/Robotics and Automation/week2/workshop/ros2_tutorial_workspace/install/package_with_interfaces/local/lib/python3.10/dist-packages/package_with_interfaces-0.0.0-py3.10.egg-info/dependency_links.txt
[4.393s] -- Installing: /home/max/University/Robotics and Automation/week2/workshop/ros2_tutorial_workspace/install/package_with_interfaces/local/lib/python3.10/dist-packages/package_with_interfaces-0.0.0-py3.10.egg-info/PKG-INFO
[4.394s] -- Installing: /home/max/University/Robotics and Automation/week2/workshop/ros2_tutorial_workspace/install/package_with_interfaces/local/lib/python3.10/dist-packages/package_with_interfaces-0.0.0-py3.10.egg-info/top_level.txt
[4.394s] -- Installing: /home/max/University/Robotics and Automation/week2/workshop/ros2_tutorial_workspace/install/package_with_interfaces/local/lib/python3.10/dist-packages/package_with_interfaces-0.0.0-py3.10.egg-info/SOURCES.txt
[4.394s] -- Installing: /home/max/University/Robotics and Automation/week2/workshop/ros2_tutorial_workspace/install/package_with_interfaces/local/lib/python3.10/dist-packages/package_with_interfaces
[4.394s] -- Installing: /home/max/University/Robotics and Automation/week2/workshop/ros2_tutorial_workspace/install/package_with_interfaces/local/lib/python3.10/dist-packages/package_with_interfaces/msg
[4.394s] -- Installing: /home/max/University/Robotics and Automation/week2/workshop/ros2_tutorial_workspace/install/package_with_interfaces/local/lib/python3.10/dist-packages/package_with_interfaces/msg/_amazing_quote_s.c
[4.394s] -- Installing: /home/max/University/Robotics and Automation/week2/workshop/ros2_tutorial_workspace/install/package_with_interfaces/local/lib/python3.10/dist-packages/package_with_interfaces/msg/_amazing_quote.py
[4.394s] -- Installing: /home/max/University/Robotics and Automation/week2/workshop/ros2_tutorial_workspace/install/package_with_interfaces/local/lib/python3.10/dist-packages/package_with_interfaces/msg/__init__.py
[4.394s] -- Installing: /home/max/University/Robotics and Automation/week2/workshop/ros2_tutorial_workspace/install/package_with_interfaces/local/lib/python3.10/dist-packages/package_with_interfaces/_package_with_interfaces_s.ep.rosidl_typesupport_introspection_c.c
[4.394s] -- Installing: /home/max/University/Robotics and Automation/week2/workshop/ros2_tutorial_workspace/install/package_with_interfaces/local/lib/python3.10/dist-packages/package_with_interfaces/srv
[4.394s] -- Installing: /home/max/University/Robotics and Automation/week2/workshop/ros2_tutorial_workspace/install/package_with_interfaces/local/lib/python3.10/dist-packages/package_with_interfaces/srv/_what_is_the_point.py
[4.394s] -- Installing: /home/max/University/Robotics and Automation/week2/workshop/ros2_tutorial_workspace/install/package_with_interfaces/local/lib/python3.10/dist-packages/package_with_interfaces/srv/_what_is_the_point_s.c
[4.394s] -- Installing: /home/max/University/Robotics and Automation/week2/workshop/ros2_tutorial_workspace/install/package_with_interfaces/local/lib/python3.10/dist-packages/package_with_interfaces/srv/__init__.py
[4.395s] -- Installing: /home/max/University/Robotics and Automation/week2/workshop/ros2_tutorial_workspace/install/package_with_interfaces/local/lib/python3.10/dist-packages/package_with_interfaces/package_with_interfaces_s__rosidl_typesupport_c.cpython-310-x86_64-linux-gnu.so
[4.395s] -- Installing: /home/max/University/Robotics and Automation/week2/workshop/ros2_tutorial_workspace/install/package_with_interfaces/local/lib/python3.10/dist-packages/package_with_interfaces/_package_with_interfaces_s.ep.rosidl_typesupport_fastrtps_c.c
[4.395s] -- Installing: /home/max/University/Robotics and Automation/week2/workshop/ros2_tutorial_workspace/install/package_with_interfaces/local/lib/python3.10/dist-packages/package_with_interfaces/package_with_interfaces_s__rosidl_typesupport_fastrtps_c.cpython-310-x86_64-linux-gnu.so
[4.395s] -- Installing: /home/max/University/Robotics and Automation/week2/workshop/ros2_tutorial_workspace/install/package_with_interfaces/local/lib/python3.10/dist-packages/package_with_interfaces/libpackage_with_interfaces__rosidl_generator_py.so
[4.395s] -- Installing: /home/max/University/Robotics and Automation/week2/workshop/ros2_tutorial_workspace/install/package_with_interfaces/local/lib/python3.10/dist-packages/package_with_interfaces/package_with_interfaces_s__rosidl_typesupport_introspection_c.cpython-310-x86_64-linux-gnu.so
[4.395s] -- Installing: /home/max/University/Robotics and Automation/week2/workshop/ros2_tutorial_workspace/install/package_with_interfaces/local/lib/python3.10/dist-packages/package_with_interfaces/__init__.py
[4.395s] -- Installing: /home/max/University/Robotics and Automation/week2/workshop/ros2_tutorial_workspace/install/package_with_interfaces/local/lib/python3.10/dist-packages/package_with_interfaces/_package_with_interfaces_s.ep.rosidl_typesupport_c.c
[4.438s] Listing '/home/max/University/Robotics and Automation/week2/workshop/ros2_tutorial_workspace/install/package_with_interfaces/local/lib/python3.10/dist-packages/package_with_interfaces'...
[4.438s] Compiling '/home/max/University/Robotics and Automation/week2/workshop/ros2_tutorial_workspace/install/package_with_interfaces/local/lib/python3.10/dist-packages/package_with_interfaces/__init__.py'...
[4.439s] Listing '/home/max/University/Robotics and Automation/week2/workshop/ros2_tutorial_workspace/install/package_with_interfaces/local/lib/python3.10/dist-packages/package_with_interfaces/msg'...
[4.439s] Compiling '/home/max/University/Robotics and Automation/week2/workshop/ros2_tutorial_workspace/install/package_with_interfaces/local/lib/python3.10/dist-packages/package_with_interfaces/msg/__init__.py'...
[4.439s] Compiling '/home/max/University/Robotics and Automation/week2/workshop/ros2_tutorial_workspace/install/package_with_interfaces/local/lib/python3.10/dist-packages/package_with_interfaces/msg/_amazing_quote.py'...
[4.439s] Listing '/home/max/University/Robotics and Automation/week2/workshop/ros2_tutorial_workspace/install/package_with_interfaces/local/lib/python3.10/dist-packages/package_with_interfaces/srv'...
[4.439s] Compiling '/home/max/University/Robotics and Automation/week2/workshop/ros2_tutorial_workspace/install/package_with_interfaces/local/lib/python3.10/dist-packages/package_with_interfaces/srv/__init__.py'...
[4.439s] Compiling '/home/max/University/Robotics and Automation/week2/workshop/ros2_tutorial_workspace/install/package_with_interfaces/local/lib/python3.10/dist-packages/package_with_interfaces/srv/_what_is_the_point.py'...
[4.445s] -- Installing: /home/max/University/Robotics and Automation/week2/workshop/ros2_tutorial_workspace/install/package_with_interfaces/local/lib/python3.10/dist-packages/package_with_interfaces/package_with_interfaces_s__rosidl_typesupport_fastrtps_c.cpython-310-x86_64-linux-gnu.so
[4.446s] -- Set runtime path of "/home/max/University/Robotics and Automation/week2/workshop/ros2_tutorial_workspace/install/package_with_interfaces/local/lib/python3.10/dist-packages/package_with_interfaces/package_with_interfaces_s__rosidl_typesupport_fastrtps_c.cpython-310-x86_64-linux-gnu.so" to ""
[4.446s] -- Installing: /home/max/University/Robotics and Automation/week2/workshop/ros2_tutorial_workspace/install/package_with_interfaces/local/lib/python3.10/dist-packages/package_with_interfaces/package_with_interfaces_s__rosidl_typesupport_introspection_c.cpython-310-x86_64-linux-gnu.so
[4.446s] -- Set runtime path of "/home/max/University/Robotics and Automation/week2/workshop/ros2_tutorial_workspace/install/package_with_interfaces/local/lib/python3.10/dist-packages/package_with_interfaces/package_with_interfaces_s__rosidl_typesupport_introspection_c.cpython-310-x86_64-linux-gnu.so" to ""
[4.446s] -- Installing: /home/max/University/Robotics and Automation/week2/workshop/ros2_tutorial_workspace/install/package_with_interfaces/local/lib/python3.10/dist-packages/package_with_interfaces/package_with_interfaces_s__rosidl_typesupport_c.cpython-310-x86_64-linux-gnu.so
[4.447s] -- Set runtime path of "/home/max/University/Robotics and Automation/week2/workshop/ros2_tutorial_workspace/install/package_with_interfaces/local/lib/python3.10/dist-packages/package_with_interfaces/package_with_interfaces_s__rosidl_typesupport_c.cpython-310-x86_64-linux-gnu.so" to ""
[4.447s] -- Installing: /home/max/University/Robotics and Automation/week2/workshop/ros2_tutorial_workspace/install/package_with_interfaces/lib/libpackage_with_interfaces__rosidl_generator_py.so
[4.447s] -- Set runtime path of "/home/max/University/Robotics and Automation/week2/workshop/ros2_tutorial_workspace/install/package_with_interfaces/lib/libpackage_with_interfaces__rosidl_generator_py.so" to ""
[4.447s] -- Installing: /home/max/University/Robotics and Automation/week2/workshop/ros2_tutorial_workspace/install/package_with_interfaces/share/package_with_interfaces/msg/AmazingQuote.idl
[4.448s] -- Installing: /home/max/University/Robotics and Automation/week2/workshop/ros2_tutorial_workspace/install/package_with_interfaces/share/package_with_interfaces/srv/WhatIsThePoint.idl
[4.448s] -- Installing: /home/max/University/Robotics and Automation/week2/workshop/ros2_tutorial_workspace/install/package_with_interfaces/share/package_with_interfaces/msg/AmazingQuote.msg
[4.448s] -- Installing: /home/max/University/Robotics and Automation/week2/workshop/ros2_tutorial_workspace/install/package_with_interfaces/share/package_with_interfaces/srv/WhatIsThePoint.srv
[4.448s] -- Installing: /home/max/University/Robotics and Automation/week2/workshop/ros2_tutorial_workspace/install/package_with_interfaces/share/package_with_interfaces/srv/WhatIsThePoint_Request.msg
[4.449s] -- Installing: /home/max/University/Robotics and Automation/week2/workshop/ros2_tutorial_workspace/install/package_with_interfaces/share/package_with_interfaces/srv/WhatIsThePoint_Response.msg
[4.449s] -- Installing: /home/max/University/Robotics and Automation/week2/workshop/ros2_tutorial_workspace/install/package_with_interfaces/share/ament_index/resource_index/package_run_dependencies/package_with_interfaces
[4.449s] -- Installing: /home/max/University/Robotics and Automation/week2/workshop/ros2_tutorial_workspace/install/package_with_interfaces/share/ament_index/resource_index/parent_prefix_path/package_with_interfaces
[4.449s] -- Installing: /home/max/University/Robotics and Automation/week2/workshop/ros2_tutorial_workspace/install/package_with_interfaces/share/package_with_interfaces/environment/ament_prefix_path.sh
[4.449s] -- Installing: /home/max/University/Robotics and Automation/week2/workshop/ros2_tutorial_workspace/install/package_with_interfaces/share/package_with_interfaces/environment/ament_prefix_path.dsv
[4.449s] -- Installing: /home/max/University/Robotics and Automation/week2/workshop/ros2_tutorial_workspace/install/package_with_interfaces/share/package_with_interfaces/environment/path.sh
[4.450s] -- Installing: /home/max/University/Robotics and Automation/week2/workshop/ros2_tutorial_workspace/install/package_with_interfaces/share/package_with_interfaces/environment/path.dsv
[4.450s] -- Installing: /home/max/University/Robotics and Automation/week2/workshop/ros2_tutorial_workspace/install/package_with_interfaces/share/package_with_interfaces/local_setup.bash
[4.450s] -- Installing: /home/max/University/Robotics and Automation/week2/workshop/ros2_tutorial_workspace/install/package_with_interfaces/share/package_with_interfaces/local_setup.sh
[4.450s] -- Installing: /home/max/University/Robotics and Automation/week2/workshop/ros2_tutorial_workspace/install/package_with_interfaces/share/package_with_interfaces/local_setup.zsh
[4.451s] -- Installing: /home/max/University/Robotics and Automation/week2/workshop/ros2_tutorial_workspace/install/package_with_interfaces/share/package_with_interfaces/local_setup.dsv
[4.451s] -- Installing: /home/max/University/Robotics and Automation/week2/workshop/ros2_tutorial_workspace/install/package_with_interfaces/share/package_with_interfaces/package.dsv
[4.451s] -- Installing: /home/max/University/Robotics and Automation/week2/workshop/ros2_tutorial_workspace/install/package_with_interfaces/share/ament_index/resource_index/packages/package_with_interfaces
[4.451s] -- Installing: /home/max/University/Robotics and Automation/week2/workshop/ros2_tutorial_workspace/install/package_with_interfaces/share/package_with_interfaces/cmake/export_package_with_interfaces__rosidl_generator_cExport.cmake
[4.452s] -- Installing: /home/max/University/Robotics and Automation/week2/workshop/ros2_tutorial_workspace/install/package_with_interfaces/share/package_with_interfaces/cmake/export_package_with_interfaces__rosidl_generator_cExport-noconfig.cmake
[4.452s] -- Installing: /home/max/University/Robotics and Automation/week2/workshop/ros2_tutorial_workspace/install/package_with_interfaces/share/package_with_interfaces/cmake/export_package_with_interfaces__rosidl_typesupport_fastrtps_cExport.cmake
[4.452s] -- Installing: /home/max/University/Robotics and Automation/week2/workshop/ros2_tutorial_workspace/install/package_with_interfaces/share/package_with_interfaces/cmake/export_package_with_interfaces__rosidl_typesupport_fastrtps_cExport-noconfig.cmake
[4.453s] -- Installing: /home/max/University/Robotics and Automation/week2/workshop/ros2_tutorial_workspace/install/package_with_interfaces/share/package_with_interfaces/cmake/export_package_with_interfaces__rosidl_generator_cppExport.cmake
[4.453s] -- Installing: /home/max/University/Robotics and Automation/week2/workshop/ros2_tutorial_workspace/install/package_with_interfaces/share/package_with_interfaces/cmake/export_package_with_interfaces__rosidl_typesupport_fastrtps_cppExport.cmake
[4.453s] -- Installing: /home/max/University/Robotics and Automation/week2/workshop/ros2_tutorial_workspace/install/package_with_interfaces/share/package_with_interfaces/cmake/export_package_with_interfaces__rosidl_typesupport_fastrtps_cppExport-noconfig.cmake
[4.453s] -- Installing: /home/max/University/Robotics and Automation/week2/workshop/ros2_tutorial_workspace/install/package_with_interfaces/share/package_with_interfaces/cmake/package_with_interfaces__rosidl_typesupport_introspection_cExport.cmake
[4.454s] -- Installing: /home/max/University/Robotics and Automation/week2/workshop/ros2_tutorial_workspace/install/package_with_interfaces/share/package_with_interfaces/cmake/package_with_interfaces__rosidl_typesupport_introspection_cExport-noconfig.cmake
[4.454s] -- Installing: /home/max/University/Robotics and Automation/week2/workshop/ros2_tutorial_workspace/install/package_with_interfaces/share/package_with_interfaces/cmake/package_with_interfaces__rosidl_typesupport_cExport.cmake
[4.454s] -- Installing: /home/max/University/Robotics and Automation/week2/workshop/ros2_tutorial_workspace/install/package_with_interfaces/share/package_with_interfaces/cmake/package_with_interfaces__rosidl_typesupport_cExport-noconfig.cmake
[4.454s] -- Installing: /home/max/University/Robotics and Automation/week2/workshop/ros2_tutorial_workspace/install/package_with_interfaces/share/package_with_interfaces/cmake/package_with_interfaces__rosidl_typesupport_introspection_cppExport.cmake
[4.455s] -- Installing: /home/max/University/Robotics and Automation/week2/workshop/ros2_tutorial_workspace/install/package_with_interfaces/share/package_with_interfaces/cmake/package_with_interfaces__rosidl_typesupport_introspection_cppExport-noconfig.cmake
[4.455s] -- Installing: /home/max/University/Robotics and Automation/week2/workshop/ros2_tutorial_workspace/install/package_with_interfaces/share/package_with_interfaces/cmake/package_with_interfaces__rosidl_typesupport_cppExport.cmake
[4.455s] -- Installing: /home/max/University/Robotics and Automation/week2/workshop/ros2_tutorial_workspace/install/package_with_interfaces/share/package_with_interfaces/cmake/package_with_interfaces__rosidl_typesupport_cppExport-noconfig.cmake
[4.455s] -- Installing: /home/max/University/Robotics and Automation/week2/workshop/ros2_tutorial_workspace/install/package_with_interfaces/share/package_with_interfaces/cmake/export_package_with_interfaces__rosidl_generator_pyExport.cmake
[4.456s] -- Installing: /home/max/University/Robotics and Automation/week2/workshop/ros2_tutorial_workspace/install/package_with_interfaces/share/package_with_interfaces/cmake/export_package_with_interfaces__rosidl_generator_pyExport-noconfig.cmake
[4.456s] -- Installing: /home/max/University/Robotics and Automation/week2/workshop/ros2_tutorial_workspace/install/package_with_interfaces/share/package_with_interfaces/cmake/rosidl_cmake-extras.cmake
[4.456s] -- Installing: /home/max/University/Robotics and Automation/week2/workshop/ros2_tutorial_workspace/install/package_with_interfaces/share/package_with_interfaces/cmake/ament_cmake_export_dependencies-extras.cmake
[4.456s] -- Installing: /home/max/University/Robotics and Automation/week2/workshop/ros2_tutorial_workspace/install/package_with_interfaces/share/package_with_interfaces/cmake/ament_cmake_export_include_directories-extras.cmake
[4.457s] -- Installing: /home/max/University/Robotics and Automation/week2/workshop/ros2_tutorial_workspace/install/package_with_interfaces/share/package_with_interfaces/cmake/ament_cmake_export_libraries-extras.cmake
[4.457s] -- Installing: /home/max/University/Robotics and Automation/week2/workshop/ros2_tutorial_workspace/install/package_with_interfaces/share/package_with_interfaces/cmake/ament_cmake_export_targets-extras.cmake
[4.457s] -- Installing: /home/max/University/Robotics and Automation/week2/workshop/ros2_tutorial_workspace/install/package_with_interfaces/share/package_with_interfaces/cmake/rosidl_cmake_export_typesupport_targets-extras.cmake
[4.458s] -- Installing: /home/max/University/Robotics and Automation/week2/workshop/ros2_tutorial_workspace/install/package_with_interfaces/share/package_with_interfaces/cmake/rosidl_cmake_export_typesupport_libraries-extras.cmake
[4.458s] -- Installing: /home/max/University/Robotics and Automation/week2/workshop/ros2_tutorial_workspace/install/package_with_interfaces/share/package_with_interfaces/cmake/package_with_interfacesConfig.cmake
[4.458s] -- Installing: /home/max/University/Robotics and Automation/week2/workshop/ros2_tutorial_workspace/install/package_with_interfaces/share/package_with_interfaces/cmake/package_with_interfacesConfig-version.cmake
[4.458s] -- Installing: /home/max/University/Robotics and Automation/week2/workshop/ros2_tutorial_workspace/install/package_with_interfaces/share/package_with_interfaces/package.xml
[4.460s] Invoked command in '/home/max/University/Robotics and Automation/week2/workshop/ros2_tutorial_workspace/build/package_with_interfaces' returned '0': CMAKE_PREFIX_PATH=${CMAKE_PREFIX_PATH}:/home/max/University/Robotics and Automation/week2/workshop/ros2_tutorial_workspace/src/install/the_simplest_python_package:/home/max/University/Robotics and Automation/week2/workshop/ros2_tutorial_workspace/src/install/python_package_with_a_node:/opt/ros/humble /usr/bin/cmake --install /home/max/University/Robotics and Automation/week2/workshop/ros2_tutorial_workspace/build/package_with_interfaces
