[0.665s] Invoking command in '/home/max/University/Robotics and Automation/week2/workshop/ros2_tutorial_workspace/src/the_simplest_python_package': PYTHONPATH=/home/max/University/Robotics and Automation/week2/workshop/ros2_tutorial_workspace/build/the_simplest_python_package/prefix_override:/usr/lib/python3/dist-packages/colcon_core/task/python/colcon_distutils_commands:/home/max/University/Robotics and Automation/week2/workshop/ros2_tutorial_workspace/install/the_simplest_python_package/lib/python3.10/site-packages:${PYTHONPATH} /usr/bin/python3 -W ignore:setup.py install is deprecated setup.py egg_info --egg-base ../../build/the_simplest_python_package build --build-base /home/max/University/Robotics and Automation/week2/workshop/ros2_tutorial_workspace/build/the_simplest_python_package/build install --record /home/max/University/Robotics and Automation/week2/workshop/ros2_tutorial_workspace/build/the_simplest_python_package/install.log --single-version-externally-managed install_data
[0.845s] running egg_info
[0.846s] writing ../../build/the_simplest_python_package/the_simplest_python_package.egg-info/PKG-INFO
[0.846s] writing dependency_links to ../../build/the_simplest_python_package/the_simplest_python_package.egg-info/dependency_links.txt
[0.846s] writing entry points to ../../build/the_simplest_python_package/the_simplest_python_package.egg-info/entry_points.txt
[0.846s] writing requirements to ../../build/the_simplest_python_package/the_simplest_python_package.egg-info/requires.txt
[0.846s] writing top-level names to ../../build/the_simplest_python_package/the_simplest_python_package.egg-info/top_level.txt
[0.847s] reading manifest file '../../build/the_simplest_python_package/the_simplest_python_package.egg-info/SOURCES.txt'
[0.848s] writing manifest file '../../build/the_simplest_python_package/the_simplest_python_package.egg-info/SOURCES.txt'
[0.848s] running build
[0.848s] running build_py
[0.848s] running install
[0.848s] running install_lib
[0.849s] running install_data
[0.849s] running install_egg_info
[0.850s] removing '/home/max/University/Robotics and Automation/week2/workshop/ros2_tutorial_workspace/install/the_simplest_python_package/lib/python3.10/site-packages/the_simplest_python_package-0.0.0-py3.10.egg-info' (and everything under it)
[0.850s] Copying ../../build/the_simplest_python_package/the_simplest_python_package.egg-info to /home/max/University/Robotics and Automation/week2/workshop/ros2_tutorial_workspace/install/the_simplest_python_package/lib/python3.10/site-packages/the_simplest_python_package-0.0.0-py3.10.egg-info
[0.850s] running install_scripts
[0.864s] writing list of installed files to '/home/max/University/Robotics and Automation/week2/workshop/ros2_tutorial_workspace/build/the_simplest_python_package/install.log'
[0.946s] Invoked command in '/home/max/University/Robotics and Automation/week2/workshop/ros2_tutorial_workspace/src/the_simplest_python_package' returned '0': PYTHONPATH=/home/max/University/Robotics and Automation/week2/workshop/ros2_tutorial_workspace/build/the_simplest_python_package/prefix_override:/usr/lib/python3/dist-packages/colcon_core/task/python/colcon_distutils_commands:/home/max/University/Robotics and Automation/week2/workshop/ros2_tutorial_workspace/install/the_simplest_python_package/lib/python3.10/site-packages:${PYTHONPATH} /usr/bin/python3 -W ignore:setup.py install is deprecated setup.py egg_info --egg-base ../../build/the_simplest_python_package build --build-base /home/max/University/Robotics and Automation/week2/workshop/ros2_tutorial_workspace/build/the_simplest_python_package/build install --record /home/max/University/Robotics and Automation/week2/workshop/ros2_tutorial_workspace/build/the_simplest_python_package/install.log --single-version-externally-managed install_data
